   1              		.syntax unified
   2              		.cpu cortex-m4
   3              		.eabi_attribute 27, 1
   4              		.fpu fpv4-sp-d16
   5              		.eabi_attribute 20, 1
   6              		.eabi_attribute 21, 1
   7              		.eabi_attribute 23, 3
   8              		.eabi_attribute 24, 1
   9              		.eabi_attribute 25, 1
  10              		.eabi_attribute 26, 1
  11              		.eabi_attribute 30, 2
  12              		.eabi_attribute 34, 1
  13              		.eabi_attribute 18, 4
  14              		.thumb
  15              		.syntax unified
  16              		.file	"HANcoder_E407_TTA_Controller_v4_data.c"
  17              		.text
  18              	.Ltext0:
  19              		.cfi_sections	.debug_frame
  20              		.global	rtConstP
  21              		.global	rtConstB
  22              		.section	.rodata.rtConstP,"a",%progbits
  23              		.align	3
  26              	rtConstP:
  27 0000 00000000 		.word	0
  28 0004 00000000 		.word	0
  29 0008 00000000 		.word	0
  30 000c 00004440 		.word	1078198272
  31 0010 00000000 		.word	0
  32 0014 00004640 		.word	1078329344
  33 0018 00000000 		.word	0
  34 001c 00004740 		.word	1078394880
  35 0020 00000000 		.word	0
  36 0024 00004840 		.word	1078460416
  37 0028 00000000 		.word	0
  38 002c 00004940 		.word	1078525952
  39 0030 00000000 		.word	0
  40 0034 00004A40 		.word	1078591488
  41 0038 00000000 		.word	0
  42 003c 00005740 		.word	1079443456
  43 0040 00000000 		.word	0
  44 0044 00005840 		.word	1079508992
  45 0048 00000000 		.word	0
  46 004c 00005940 		.word	1079574528
  47 0050 00000000 		.word	0
  48 0054 00806140 		.word	1080131584
  49 0058 00000000 		.word	0
  50 005c 00C06140 		.word	1080147968
  51 0060 00000000 		.word	0
  52 0064 00006240 		.word	1080164352
  53 0068 00000000 		.word	0
  54 006c 00806240 		.word	1080197120
  55 0070 00000000 		.word	0
  56 0074 00806740 		.word	1080524800
  57 0078 00000000 		.word	0
  58 007c 00006840 		.word	1080557568
  59 0080 00000000 		.word	0
  60 0084 00806840 		.word	1080590336
  61 0088 00000000 		.word	0
  62 008c 00006940 		.word	1080623104
  63 0090 00000000 		.word	0
  64 0094 00806940 		.word	1080655872
  65 0098 00000000 		.word	0
  66 009c 00006A40 		.word	1080688640
  67 00a0 00000000 		.word	0
  68 00a4 00000000 		.word	0
  69 00a8 00000000 		.word	0
  70 00ac 00004440 		.word	1078198272
  71 00b0 00000000 		.word	0
  72 00b4 00004640 		.word	1078329344
  73 00b8 00000000 		.word	0
  74 00bc 00004740 		.word	1078394880
  75 00c0 00000000 		.word	0
  76 00c4 00004840 		.word	1078460416
  77 00c8 00000000 		.word	0
  78 00cc 00005640 		.word	1079377920
  79 00d0 00000000 		.word	0
  80 00d4 00805640 		.word	1079410688
  81 00d8 00000000 		.word	0
  82 00dc 00005740 		.word	1079443456
  83 00e0 00000000 		.word	0
  84 00e4 00806040 		.word	1080066048
  85 00e8 00000000 		.word	0
  86 00ec 00C06040 		.word	1080082432
  87 00f0 00000000 		.word	0
  88 00f4 00006140 		.word	1080098816
  89 00f8 00000000 		.word	0
  90 00fc 00806140 		.word	1080131584
  91 0100 00000000 		.word	0
  92 0104 00006240 		.word	1080164352
  93 0108 00000000 		.word	0
  94 010c 00806240 		.word	1080197120
  95 0110 00000000 		.word	0
  96 0114 00806740 		.word	1080524800
  97 0118 00000000 		.word	0
  98 011c 00006840 		.word	1080557568
  99 0120 00000000 		.word	0
 100 0124 00006D40 		.word	1080885248
 101 0128 00000000 		.word	0
 102 012c 00007140 		.word	1081147392
 103 0130 00000000 		.word	0
 104 0134 00407140 		.word	1081163776
 105 0138 00000000 		.word	0
 106 013c 00507140 		.word	1081167872
 107 0140 00000000 		.word	0
 108 0144 00707140 		.word	1081176064
 109 0148 00000000 		.word	0
 110 014c 00807140 		.word	1081180160
 111 0150 00000000 		.word	0
 112 0154 00007440 		.word	1081344000
 113 0158 00000000 		.word	0
 114 015c 00207440 		.word	1081352192
 115 0160 00000000 		.word	0
 116 0164 00407440 		.word	1081360384
 117 0168 00000000 		.word	0
 118 016c 00807440 		.word	1081376768
 119 0170 00000000 		.word	0
 120 0174 00A07440 		.word	1081384960
 121 0178 00000000 		.word	0
 122 017c 00000000 		.word	0
 123 0180 00000000 		.word	0
 124 0184 0000F03F 		.word	1072693248
 125 0188 00000000 		.word	0
 126 018c 0000F03F 		.word	1072693248
 127 0190 00000000 		.word	0
 128 0194 0000F03F 		.word	1072693248
 129 0198 00000000 		.word	0
 130 019c 0000F03F 		.word	1072693248
 131 01a0 00000000 		.word	0
 132 01a4 0000F03F 		.word	1072693248
 133 01a8 00000000 		.word	0
 134 01ac 00000000 		.word	0
 135 01b0 00000000 		.word	0
 136 01b4 0000F03F 		.word	1072693248
 137 01b8 00000000 		.word	0
 138 01bc 0000F03F 		.word	1072693248
 139 01c0 00000000 		.word	0
 140 01c4 00000000 		.word	0
 141 01c8 00000000 		.word	0
 142 01cc 0000F03F 		.word	1072693248
 143 01d0 00000000 		.word	0
 144 01d4 0000F03F 		.word	1072693248
 145 01d8 00000000 		.word	0
 146 01dc 0000F03F 		.word	1072693248
 147 01e0 00000000 		.word	0
 148 01e4 00000000 		.word	0
 149 01e8 00000000 		.word	0
 150 01ec 0000F03F 		.word	1072693248
 151 01f0 00000000 		.word	0
 152 01f4 0000F03F 		.word	1072693248
 153 01f8 00000000 		.word	0
 154 01fc 0000F03F 		.word	1072693248
 155 0200 00000000 		.word	0
 156 0204 0000F03F 		.word	1072693248
 157 0208 00000000 		.word	0
 158 020c 0000F03F 		.word	1072693248
 159 0210 00000000 		.word	0
 160 0214 0000F03F 		.word	1072693248
 161 0218 00000000 		.word	0
 162 021c 00000000 		.word	0
 163 0220 00000000 		.word	0
 164 0224 0000F03F 		.word	1072693248
 165 0228 00000000 		.word	0
 166 022c 0000F03F 		.word	1072693248
 167 0230 00000000 		.word	0
 168 0234 0000F03F 		.word	1072693248
 169 0238 00000000 		.word	0
 170 023c 00000000 		.word	0
 171 0240 00000000 		.word	0
 172 0244 0000F03F 		.word	1072693248
 173 0248 00000000 		.word	0
 174 024c 0000F03F 		.word	1072693248
 175 0250 00000000 		.word	0
 176 0254 00000000 		.word	0
 177 0258 00000000 		.word	0
 178 025c 0000F03F 		.word	1072693248
 179 0260 00000000 		.word	0
 180 0264 0000F03F 		.word	1072693248
 181 0268 00000000 		.word	0
 182 026c 0000F03F 		.word	1072693248
 183 0270 00000000 		.word	0
 184 0274 0000F03F 		.word	1072693248
 185 0278 00000000 		.word	0
 186 027c 0000F03F 		.word	1072693248
 187 0280 00000000 		.word	0
 188 0284 00000000 		.word	0
 189 0288 00000000 		.word	0
 190 028c 0000F03F 		.word	1072693248
 191 0290 00000000 		.word	0
 192 0294 00000000 		.word	0
 193 0298 00000000 		.word	0
 194 029c 0000F03F 		.word	1072693248
 195 02a0 00000000 		.word	0
 196 02a4 00000000 		.word	0
 197 02a8 00000000 		.word	0
 198 02ac 0000F03F 		.word	1072693248
 199 02b0 00000000 		.word	0
 200 02b4 0000F03F 		.word	1072693248
 201 02b8 00000000 		.word	0
 202 02bc 0000F03F 		.word	1072693248
 203 02c0 00000000 		.word	0
 204 02c4 00000000 		.word	0
 205 02c8 00000000 		.word	0
 206 02cc 0000F03F 		.word	1072693248
 207 02d0 00000000 		.word	0
 208 02d4 0000F03F 		.word	1072693248
 209 02d8 00000000 		.word	0
 210 02dc 0000F03F 		.word	1072693248
 211 02e0 00000000 		.word	0
 212 02e4 0000F03F 		.word	1072693248
 213 02e8 00000000 		.word	0
 214 02ec 0000F03F 		.word	1072693248
 215 02f0 00       		.byte	0
 216 02f1 00       		.byte	0
 217 02f2 01       		.byte	1
 218 02f3 01       		.byte	1
 219 02f4 01       		.byte	1
 220 02f5 00       		.byte	0
 221 02f6 01       		.byte	1
 222 02f7 00       		.byte	0
 223 02f8 01       		.byte	1
 224 02f9 01       		.byte	1
 225 02fa 00       		.byte	0
 226 02fb 00       		.byte	0
 227 02fc 00       		.byte	0
 228 02fd 01       		.byte	1
 229 02fe 00       		.byte	0
 230 02ff 01       		.byte	1
 231              		.section	.rodata.rtConstB,"a",%progbits
 232              		.align	3
 235              	rtConstB:
 236 0000 00000000 		.word	0
 237 0004 00C07440 		.word	1081393152
 238 0008 00000000 		.word	0
 239 000c 00407440 		.word	1081360384
 240 0010 00000000 		.word	0
 241 0014 00006140 		.word	1080098816
 242 0018 00000000 		.word	0
 243 001c 00004640 		.word	1078329344
 244 0020 00000000 		.word	0
 245 0024 00004840 		.word	1078460416
 246 0028 00000000 		.word	0
 247 002c 00004440 		.word	1078198272
 248 0030 00000000 		.word	0
 249 0034 00007440 		.word	1081344000
 250 0038 00000000 		.word	0
 251 003c 00806040 		.word	1080066048
 252 0040 00000020 		.word	536870912
 253 0044 51DAAB3F 		.word	1068227153
 254 0048 00000000 		.word	0
 255 004c 00003040 		.word	1076887552
 256 0050 00000000 		.word	0
 257 0054 0000B03F 		.word	1068498944
 258 0058 00000000 		.word	0
 259 005c 00003040 		.word	1076887552
 260 0060 00000000 		.word	0
 261 0064 0000B03F 		.word	1068498944
 262 0068 00000000 		.word	0
 263 006c 00003040 		.word	1076887552
 264 0070 00000000 		.word	0
 265 0074 0000B03F 		.word	1068498944
 266 0078 00000000 		.word	0
 267 007c 00003040 		.word	1076887552
 268 0080 00000000 		.word	0
 269 0084 0000B03F 		.word	1068498944
 270 0088 00000000 		.word	0
 271 008c 0000B03F 		.word	1068498944
 272 0090 00000000 		.word	0
 273 0094 00003040 		.word	1076887552
 274 0098 00000000 		.word	0
 275 009c 0000B03F 		.word	1068498944
 276 00a0 00000000 		.word	0
 277 00a4 00003040 		.word	1076887552
 278 00a8 00000000 		.word	0
 279 00ac 0000B03F 		.word	1068498944
 280 00b0 00000000 		.word	0
 281 00b4 00003040 		.word	1076887552
 282 00b8 00000000 		.word	0
 283 00bc 0000B03F 		.word	1068498944
 284 00c0 00000000 		.word	0
 285 00c4 00003040 		.word	1076887552
 286 00c8 00000000 		.word	0
 287 00cc 00006240 		.word	1080164352
 288 00d0 00000000 		.word	0
 289 00d4 00006A40 		.word	1080688640
 290 00d8 00000000 		.word	0
 291 00dc 00004640 		.word	1078329344
 292 00e0 00000000 		.word	0
 293 00e4 00004840 		.word	1078460416
 294 00e8 00000000 		.word	0
 295 00ec 00005940 		.word	1079574528
 296 00f0 00000000 		.word	0
 297 00f4 00004A40 		.word	1078591488
 298 00f8 00000000 		.word	0
 299 00fc 00005840 		.word	1079508992
 300 0100 00000000 		.word	0
 301 0104 00004440 		.word	1078198272
 302 0108 00000000 		.word	0
 303 010c 00006140 		.word	1080098816
 304 0110 00000000 		.word	0
 305 0114 00C07440 		.word	1081393152
 306 0118 00000000 		.word	0
 307 011c 00005740 		.word	1079443456
 308 0120 00000000 		.word	0
 309 0124 00004640 		.word	1078329344
 310 0128 00000000 		.word	0
 311 012c 00004840 		.word	1078460416
 312 0130 00000000 		.word	0
 313 0134 00004440 		.word	1078198272
 314 0138 00000000 		.word	0
 315 013c 00005640 		.word	1079377920
 316 0140 00000000 		.word	0
 317 0144 0000903F 		.word	1066401792
 318 0148 00000000 		.word	0
 319 014c 00005040 		.word	1078984704
 320 0150 00000000 		.word	0
 321 0154 0000C03F 		.word	1069547520
 322 0158 00000000 		.word	0
 323 015c 00002040 		.word	1075838976
 324 0160 00000000 		.word	0
 325 0164 0000903F 		.word	1066401792
 326 0168 00000000 		.word	0
 327 016c 00005040 		.word	1078984704
 328 0170 00000000 		.word	0
 329 0174 00004A40 		.word	1078591488
 330 0178 00000000 		.word	0
 331 017c 00006A40 		.word	1080688640
 332 0180 00000000 		.word	0
 333 0184 00004640 		.word	1078329344
 334 0188 00000000 		.word	0
 335 018c 00004840 		.word	1078460416
 336 0190 00000000 		.word	0
 337 0194 00004440 		.word	1078198272
 338 0198 00000000 		.word	0
 339 019c 00806240 		.word	1080197120
 340 01a0 00000000 		.word	0
 341 01a4 00806140 		.word	1080131584
 342 01a8 00000000 		.word	0
 343 01ac 00006240 		.word	1080164352
 344 01b0 00000000 		.word	0
 345 01b4 00C07440 		.word	1081393152
 346 01b8 00000000 		.word	0
 347 01bc 00006840 		.word	1080557568
 348 01c0 00000000 		.word	0
 349 01c4 00806D40 		.word	1080918016
 350 01c8 00000000 		.word	0
 351 01cc 00407440 		.word	1081360384
 352 01d0 00000000 		.word	0
 353 01d4 00006140 		.word	1080098816
 354 01d8 00000000 		.word	0
 355 01dc 00005740 		.word	1079443456
 356 01e0 00000000 		.word	0
 357 01e4 00004640 		.word	1078329344
 358 01e8 00000000 		.word	0
 359 01ec 00807140 		.word	1081180160
 360 01f0 00000000 		.word	0
 361 01f4 00004840 		.word	1078460416
 362 01f8 00000000 		.word	0
 363 01fc 00004440 		.word	1078198272
 364 0200 00000000 		.word	0
 365 0204 00806740 		.word	1080524800
 366 0208 00000000 		.word	0
 367 020c 00006D40 		.word	1080885248
 368 0210 00000000 		.word	0
 369 0214 00007440 		.word	1081344000
 370 0218 00000000 		.word	0
 371 021c 00807340 		.word	1081311232
 372 0220 00000000 		.word	0
 373 0224 00005640 		.word	1079377920
 374 0228 00000000 		.word	0
 375 022c 00806040 		.word	1080066048
 376 0230 00000000 		.word	0
 377 0234 0000F03F 		.word	1072693248
 378 0238 00000000 		.word	0
 379 023c 0000F03F 		.word	1072693248
 380 0240 00000000 		.word	0
 381 0244 0000F03F 		.word	1072693248
 382 0248 00000000 		.word	0
 383 024c 0000F03F 		.word	1072693248
 384 0250 00000000 		.word	0
 385 0254 0000F03F 		.word	1072693248
 386 0258 00000000 		.word	0
 387 025c 0000F03F 		.word	1072693248
 388 0260 00000000 		.word	0
 389 0264 0000F03F 		.word	1072693248
 390 0268 00000000 		.word	0
 391 026c 0000F03F 		.word	1072693248
 392 0270 00000000 		.word	0
 393 0274 0000F03F 		.word	1072693248
 394 0278 00000000 		.word	0
 395 027c 0000F03F 		.word	1072693248
 396 0280 00000000 		.word	0
 397 0284 0000F03F 		.word	1072693248
 398 0288 00000000 		.word	0
 399 028c 0000F03F 		.word	1072693248
 400 0290 00000000 		.word	0
 401 0294 0000F03F 		.word	1072693248
 402 0298 00000000 		.word	0
 403 029c 0000F03F 		.word	1072693248
 404 02a0 00000000 		.word	0
 405 02a4 0000F03F 		.word	1072693248
 406 02a8 00000000 		.word	0
 407 02ac 0000F03F 		.word	1072693248
 408 02b0 00000000 		.word	0
 409 02b4 0000F03F 		.word	1072693248
 410 02b8 00000000 		.word	0
 411 02bc 0000F03F 		.word	1072693248
 412 02c0 00000000 		.word	0
 413 02c4 0000F03F 		.word	1072693248
 414 02c8 00000000 		.word	0
 415 02cc 0000F03F 		.word	1072693248
 416 02d0 00000000 		.word	0
 417 02d4 0000F03F 		.word	1072693248
 418 02d8 00000000 		.word	0
 419 02dc 0000F03F 		.word	1072693248
 420 02e0 00000000 		.word	0
 421 02e4 0000F03F 		.word	1072693248
 422 02e8 00000000 		.word	0
 423 02ec 0000F03F 		.word	1072693248
 424 02f0 00000000 		.word	0
 425 02f4 00003040 		.word	1076887552
 426 02f8 00000000 		.word	0
 427 02fc 0000B03F 		.word	1068498944
 428 0300 00000000 		.word	0
 429 0304 00003040 		.word	1076887552
 430 0308 00000000 		.word	0
 431 030c 0000B03F 		.word	1068498944
 432 0310 00000000 		.word	0
 433 0314 00003040 		.word	1076887552
 434 0318 00000000 		.word	0
 435 031c 0000B03F 		.word	1068498944
 436 0320 00000000 		.word	0
 437 0324 00003040 		.word	1076887552
 438 0328 00000000 		.word	0
 439 032c 0000B03F 		.word	1068498944
 440 0330 00000000 		.word	0
 441 0334 00003040 		.word	1076887552
 442 0338 00000000 		.word	0
 443 033c 0000B03F 		.word	1068498944
 444 0340 00000000 		.word	0
 445 0344 00003040 		.word	1076887552
 446 0348 00000000 		.word	0
 447 034c 0000B03F 		.word	1068498944
 448 0350 00000000 		.word	0
 449 0354 00003040 		.word	1076887552
 450 0358 00000000 		.word	0
 451 035c 0000B03F 		.word	1068498944
 452 0360 00000000 		.word	0
 453 0364 00003040 		.word	1076887552
 454 0368 00000000 		.word	0
 455 036c 0000B03F 		.word	1068498944
 456 0370 00000000 		.word	0
 457 0374 00005040 		.word	1078984704
 458 0378 00000000 		.word	0
 459 037c 0000903F 		.word	1066401792
 460 0380 00000000 		.word	0
 461 0384 00005040 		.word	1078984704
 462 0388 00000000 		.word	0
 463 038c 0000903F 		.word	1066401792
 464 0390 00000000 		.word	0
 465 0394 00002040 		.word	1075838976
 466 0398 00000000 		.word	0
 467 039c 0000C03F 		.word	1069547520
 468 03a0 00000000 		.word	0
 469 03a4 00003040 		.word	1076887552
 470 03a8 00000000 		.word	0
 471 03ac 0000B03F 		.word	1068498944
 472 03b0 00000000 		.word	0
 473 03b4 00003040 		.word	1076887552
 474 03b8 00000000 		.word	0
 475 03bc 0000B03F 		.word	1068498944
 476 03c0 00000000 		.word	0
 477 03c4 00003040 		.word	1076887552
 478 03c8 00000000 		.word	0
 479 03cc 0000B03F 		.word	1068498944
 480 03d0 00000000 		.word	0
 481 03d4 00003040 		.word	1076887552
 482 03d8 00000000 		.word	0
 483 03dc 0000B03F 		.word	1068498944
 484 03e0 00000020 		.word	536870912
 485 03e4 51DAAB3F 		.word	1068227153
 486 03e8 00000000 		.word	0
 487 03ec 0000903F 		.word	1066401792
 488 03f0 00000000 		.word	0
 489 03f4 00005040 		.word	1078984704
 490 03f8 00000000 		.word	0
 491 03fc 0000C03F 		.word	1069547520
 492 0400 00000000 		.word	0
 493 0404 00002040 		.word	1075838976
 494 0408 00000000 		.word	0
 495 040c 0000903F 		.word	1066401792
 496 0410 00000000 		.word	0
 497 0414 00005040 		.word	1078984704
 498 0418 00000000 		.word	0
 499 041c 0000B03F 		.word	1068498944
 500 0420 00000000 		.word	0
 501 0424 00003040 		.word	1076887552
 502 0428 00000000 		.word	0
 503 042c 0000B03F 		.word	1068498944
 504 0430 00000000 		.word	0
 505 0434 00003040 		.word	1076887552
 506 0438 00000000 		.word	0
 507 043c 0000B03F 		.word	1068498944
 508 0440 00000000 		.word	0
 509 0444 00003040 		.word	1076887552
 510 0448 00000000 		.word	0
 511 044c 0000B03F 		.word	1068498944
 512 0450 00000000 		.word	0
 513 0454 00003040 		.word	1076887552
 514 0458 00000000 		.word	0
 515 045c 00006940 		.word	1080623104
 516 0460 00000000 		.word	0
 517 0464 00806940 		.word	1080655872
 518 0468 00000000 		.word	0
 519 046c 00806A40 		.word	1080721408
 520 0470 00000000 		.word	0
 521 0474 00006A40 		.word	1080688640
 522 0478 00000000 		.word	0
 523 047c 00004640 		.word	1078329344
 524 0480 00000000 		.word	0
 525 0484 00004840 		.word	1078460416
 526 0488 00000000 		.word	0
 527 048c 00004A40 		.word	1078591488
 528 0490 00000000 		.word	0
 529 0494 00005940 		.word	1079574528
 530 0498 00000000 		.word	0
 531 049c 00005840 		.word	1079508992
 532 04a0 00000000 		.word	0
 533 04a4 00806240 		.word	1080197120
 534 04a8 00000000 		.word	0
 535 04ac 00006240 		.word	1080164352
 536 04b0 00000000 		.word	0
 537 04b4 00806840 		.word	1080590336
 538 04b8 00000000 		.word	0
 539 04bc 00006840 		.word	1080557568
 540 04c0 00000000 		.word	0
 541 04c4 00004440 		.word	1078198272
 542 04c8 00000000 		.word	0
 543 04cc 00806740 		.word	1080524800
 544 04d0 00000000 		.word	0
 545 04d4 00005740 		.word	1079443456
 546 04d8 00000000 		.word	0
 547 04dc 00806140 		.word	1080131584
 548 04e0 00000000 		.word	0
 549 04e4 00C07140 		.word	1081196544
 550 04e8 00000000 		.word	0
 551 04ec 00C07440 		.word	1081393152
 552 04f0 00000000 		.word	0
 553 04f4 00006840 		.word	1080557568
 554 04f8 00000000 		.word	0
 555 04fc 00806D40 		.word	1080918016
 556 0500 00000000 		.word	0
 557 0504 00807140 		.word	1081180160
 558 0508 00000000 		.word	0
 559 050c 00004640 		.word	1078329344
 560 0510 00000000 		.word	0
 561 0514 00004840 		.word	1078460416
 562 0518 00000000 		.word	0
 563 051c 00004440 		.word	1078198272
 564 0520 00000000 		.word	0
 565 0524 00806740 		.word	1080524800
 566 0528 00000000 		.word	0
 567 052c 00006D40 		.word	1080885248
 568 0530 00000000 		.word	0
 569 0534 00807340 		.word	1081311232
 570 0538 00000000 		.word	0
 571 053c 0000F03F 		.word	1072693248
 572 0540 00000000 		.word	0
 573 0544 0000F03F 		.word	1072693248
 574 0548 00000000 		.word	0
 575 054c 0000F03F 		.word	1072693248
 576 0550 00000000 		.word	0
 577 0554 0000F03F 		.word	1072693248
 578 0558 00000000 		.word	0
 579 055c 0000F03F 		.word	1072693248
 580 0560 00000000 		.word	0
 581 0564 0000F03F 		.word	1072693248
 582 0568 00000000 		.word	0
 583 056c 0000F03F 		.word	1072693248
 584 0570 00000000 		.word	0
 585 0574 0000F03F 		.word	1072693248
 586 0578 00000000 		.word	0
 587 057c 0000F03F 		.word	1072693248
 588 0580 00000000 		.word	0
 589 0584 0000F03F 		.word	1072693248
 590 0588 00000000 		.word	0
 591 058c 0000F03F 		.word	1072693248
 592 0590 00000000 		.word	0
 593 0594 0000F03F 		.word	1072693248
 594 0598 00000000 		.word	0
 595 059c 0000F03F 		.word	1072693248
 596 05a0 00000000 		.word	0
 597 05a4 0000F03F 		.word	1072693248
 598 05a8 00000000 		.word	0
 599 05ac 0000F03F 		.word	1072693248
 600 05b0 00000000 		.word	0
 601 05b4 0000F03F 		.word	1072693248
 602 05b8 00000000 		.word	0
 603 05bc 0000F03F 		.word	1072693248
 604 05c0 00000000 		.word	0
 605 05c4 0000F03F 		.word	1072693248
 606 05c8 00000000 		.word	0
 607 05cc 0000F03F 		.word	1072693248
 608 05d0 00000000 		.word	0
 609 05d4 0000F03F 		.word	1072693248
 610 05d8 00000000 		.word	0
 611 05dc 0000F03F 		.word	1072693248
 612 05e0 00000000 		.word	0
 613 05e4 0000F03F 		.word	1072693248
 614 05e8 00000000 		.word	0
 615 05ec 00003040 		.word	1076887552
 616 05f0 00000000 		.word	0
 617 05f4 0000B03F 		.word	1068498944
 618 05f8 00000000 		.word	0
 619 05fc 00003040 		.word	1076887552
 620 0600 00000000 		.word	0
 621 0604 0000B03F 		.word	1068498944
 622 0608 00000000 		.word	0
 623 060c 00003040 		.word	1076887552
 624 0610 00000000 		.word	0
 625 0614 0000B03F 		.word	1068498944
 626 0618 00000000 		.word	0
 627 061c 00003040 		.word	1076887552
 628 0620 00000000 		.word	0
 629 0624 0000B03F 		.word	1068498944
 630 0628 00000000 		.word	0
 631 062c 00003040 		.word	1076887552
 632 0630 00000000 		.word	0
 633 0634 0000B03F 		.word	1068498944
 634 0638 00000000 		.word	0
 635 063c 00003040 		.word	1076887552
 636 0640 00000000 		.word	0
 637 0644 0000B03F 		.word	1068498944
 638 0648 00000000 		.word	0
 639 064c 00003040 		.word	1076887552
 640 0650 00000000 		.word	0
 641 0654 0000B03F 		.word	1068498944
 642 0658 00000000 		.word	0
 643 065c 00003040 		.word	1076887552
 644 0660 00000000 		.word	0
 645 0664 0000B03F 		.word	1068498944
 646 0668 00000000 		.word	0
 647 066c 00003040 		.word	1076887552
 648 0670 00000000 		.word	0
 649 0674 0000B03F 		.word	1068498944
 650 0678 00000000 		.word	0
 651 067c 00003040 		.word	1076887552
 652 0680 00000000 		.word	0
 653 0684 0000B03F 		.word	1068498944
 654 0688 00000000 		.word	0
 655 068c 00003040 		.word	1076887552
 656 0690 00000000 		.word	0
 657 0694 0000B03F 		.word	1068498944
 658 0698 00000000 		.word	0
 659 069c 00003040 		.word	1076887552
 660 06a0 00000000 		.word	0
 661 06a4 0000B03F 		.word	1068498944
 662 06a8 00000000 		.word	0
 663 06ac 00806A40 		.word	1080721408
 664 06b0 00000000 		.word	0
 665 06b4 00006A40 		.word	1080688640
 666 06b8 00000000 		.word	0
 667 06bc 00004640 		.word	1078329344
 668 06c0 00000000 		.word	0
 669 06c4 00004840 		.word	1078460416
 670 06c8 00000000 		.word	0
 671 06cc 00004440 		.word	1078198272
 672 06d0 00000000 		.word	0
 673 06d4 00003040 		.word	1076887552
 674 06d8 00000000 		.word	0
 675 06dc 0000B03F 		.word	1068498944
 676 06e0 00000000 		.word	0
 677 06e4 00003040 		.word	1076887552
 678 06e8 00000000 		.word	0
 679 06ec 0000B03F 		.word	1068498944
 680 06f0 00000000 		.word	0
 681 06f4 00002040 		.word	1075838976
 682 06f8 00000000 		.word	0
 683 06fc 0000C03F 		.word	1069547520
 684 0700 00000000 		.word	0
 685 0704 00005040 		.word	1078984704
 686 0708 00000000 		.word	0
 687 070c 0000903F 		.word	1066401792
 688 0710 00000000 		.word	0
 689 0714 00005040 		.word	1078984704
 690 0718 00000000 		.word	0
 691 071c 0000903F 		.word	1066401792
 692 0720 00000000 		.word	0
 693 0724 0000F03F 		.word	1072693248
 694 0728 0000     		.short	0
 695 072a 00       		.byte	0
 696 072b 00       		.byte	0
 697 072c 00       		.byte	0
 698 072d 00       		.byte	0
 699 072e 00       		.byte	0
 700 072f 00       		.byte	0
 701 0730 00       		.byte	0
 702 0731 00       		.byte	0
 703 0732 00       		.byte	0
 704 0733 00       		.byte	0
 705 0734 00       		.byte	0
 706 0735 00       		.byte	0
 707 0736 00       		.byte	0
 708 0737 00       		.byte	0
 709 0738 00       		.byte	0
 710 0739 00       		.byte	0
 711 073a 00       		.byte	0
 712 073b 00       		.byte	0
 713 073c 00       		.byte	0
 714 073d 00       		.byte	0
 715 073e 00       		.byte	0
 716 073f 00       		.byte	0
 717 0740 00       		.byte	0
 718 0741 00       		.byte	0
 719 0742 00       		.byte	0
 720 0743 00       		.byte	0
 721 0744 00       		.byte	0
 722 0745 00       		.byte	0
 723 0746 01       		.byte	1
 724 0747 00       		.byte	0
 725 0748 00       		.byte	0
 726 0749 00000000 		.space	7
 726      000000
 727 0750 00000000 		.word	0
 728 0754 000010C0 		.word	-1072693248
 729 0758 00000000 		.word	0
 730 075c 0000B03F 		.word	1068498944
 731 0760 00000000 		.word	0
 732 0764 00003040 		.word	1076887552
 733 0768 00000000 		.word	0
 734 076c 000008C0 		.word	-1073217536
 735 0770 00000000 		.word	0
 736 0774 0000C03F 		.word	1069547520
 737 0778 00000000 		.word	0
 738 077c 00002040 		.word	1075838976
 739 0780 00000000 		.word	0
 740 0784 000018C0 		.word	-1072168960
 741 0788 00000000 		.word	0
 742 078c 0000903F 		.word	1066401792
 743 0790 00000000 		.word	0
 744 0794 00005040 		.word	1078984704
 745 0798 00000000 		.word	0
 746 079c 000018C0 		.word	-1072168960
 747 07a0 00000000 		.word	0
 748 07a4 0000903F 		.word	1066401792
 749 07a8 00000000 		.word	0
 750 07ac 00005040 		.word	1078984704
 751 07b0 00000000 		.word	0
 752 07b4 000010C0 		.word	-1072693248
 753 07b8 00000000 		.word	0
 754 07bc 0000B03F 		.word	1068498944
 755 07c0 00000000 		.word	0
 756 07c4 00003040 		.word	1076887552
 757 07c8 01000000 		.word	1
 758 07cc 01000000 		.word	1
 759 07d0 01000000 		.word	1
 760 07d4 01000000 		.word	1
 761 07d8 00       		.byte	0
 762 07d9 00       		.byte	0
 763 07da 00       		.byte	0
 764 07db 00       		.byte	0
 765 07dc 00000000 		.space	4
 766 07e0 16000000 		.word	22
 767 07e4 16000000 		.word	22
 768 07e8 16000000 		.word	22
 769 07ec 16000000 		.word	22
 770 07f0 00       		.byte	0
 771 07f1 00       		.byte	0
 772 07f2 00       		.byte	0
 773 07f3 00       		.byte	0
 774 07f4 19000000 		.word	25
 775 07f8 19000000 		.word	25
 776 07fc 19000000 		.word	25
 777 0800 19000000 		.word	25
 778 0804 00       		.byte	0
 779 0805 00       		.byte	0
 780 0806 00       		.byte	0
 781 0807 00       		.byte	0
 782 0808 00       		.byte	0
 783 0809 00       		.byte	0
 784 080a 01       		.byte	1
 785 080b 00000000 		.space	5
 785      00
 786 0810 00000000 		.word	0
 787 0814 000010C0 		.word	-1072693248
 788 0818 00000000 		.word	0
 789 081c 0000B03F 		.word	1068498944
 790 0820 00000000 		.word	0
 791 0824 00003040 		.word	1076887552
 792 0828 00000000 		.word	0
 793 082c 000008C0 		.word	-1073217536
 794 0830 00000000 		.word	0
 795 0834 0000C03F 		.word	1069547520
 796 0838 00000000 		.word	0
 797 083c 00002040 		.word	1075838976
 798 0840 00000000 		.word	0
 799 0844 000018C0 		.word	-1072168960
 800 0848 00000000 		.word	0
 801 084c 0000903F 		.word	1066401792
 802 0850 00000000 		.word	0
 803 0854 00005040 		.word	1078984704
 804 0858 00000000 		.word	0
 805 085c 000018C0 		.word	-1072168960
 806 0860 00000000 		.word	0
 807 0864 0000903F 		.word	1066401792
 808 0868 00000000 		.word	0
 809 086c 00005040 		.word	1078984704
 810 0870 00000000 		.word	0
 811 0874 000010C0 		.word	-1072693248
 812 0878 00000000 		.word	0
 813 087c 0000B03F 		.word	1068498944
 814 0880 00000000 		.word	0
 815 0884 00003040 		.word	1076887552
 816 0888 01000000 		.word	1
 817 088c 01000000 		.word	1
 818 0890 01000000 		.word	1
 819 0894 01000000 		.word	1
 820 0898 00       		.byte	0
 821 0899 00       		.byte	0
 822 089a 00       		.byte	0
 823 089b 00       		.byte	0
 824 089c 00000000 		.space	4
 825 08a0 00000000 		.word	0
 826 08a4 000010C0 		.word	-1072693248
 827 08a8 00000000 		.word	0
 828 08ac 0000B03F 		.word	1068498944
 829 08b0 00000000 		.word	0
 830 08b4 00003040 		.word	1076887552
 831 08b8 00000000 		.word	0
 832 08bc 000008C0 		.word	-1073217536
 833 08c0 00000000 		.word	0
 834 08c4 0000C03F 		.word	1069547520
 835 08c8 00000000 		.word	0
 836 08cc 00002040 		.word	1075838976
 837 08d0 00000000 		.word	0
 838 08d4 000018C0 		.word	-1072168960
 839 08d8 00000000 		.word	0
 840 08dc 0000903F 		.word	1066401792
 841 08e0 00000000 		.word	0
 842 08e4 00005040 		.word	1078984704
 843 08e8 00000000 		.word	0
 844 08ec 000018C0 		.word	-1072168960
 845 08f0 00000000 		.word	0
 846 08f4 0000903F 		.word	1066401792
 847 08f8 00000000 		.word	0
 848 08fc 00005040 		.word	1078984704
 849 0900 00000000 		.word	0
 850 0904 000010C0 		.word	-1072693248
 851 0908 00000000 		.word	0
 852 090c 0000B03F 		.word	1068498944
 853 0910 00000000 		.word	0
 854 0914 00003040 		.word	1076887552
 855 0918 01000000 		.word	1
 856 091c 01000000 		.word	1
 857 0920 01000000 		.word	1
 858 0924 01000000 		.word	1
 859 0928 00       		.byte	0
 860 0929 00       		.byte	0
 861 092a 00       		.byte	0
 862 092b 00       		.byte	0
 863 092c 00000000 		.space	4
 864 0930 15000000 		.word	21
 865 0934 15000000 		.word	21
 866 0938 15000000 		.word	21
 867 093c 15000000 		.word	21
 868 0940 00       		.byte	0
 869 0941 00       		.byte	0
 870 0942 00       		.byte	0
 871 0943 00       		.byte	0
 872 0944 00       		.byte	0
 873 0945 00       		.byte	0
 874 0946 01       		.byte	1
 875 0947 00       		.space	1
 876 0948 00000000 		.word	0
 877 094c 000010C0 		.word	-1072693248
 878 0950 00000000 		.word	0
 879 0954 0000B03F 		.word	1068498944
 880 0958 00000000 		.word	0
 881 095c 00003040 		.word	1076887552
 882 0960 00000000 		.word	0
 883 0964 000008C0 		.word	-1073217536
 884 0968 00000000 		.word	0
 885 096c 0000C03F 		.word	1069547520
 886 0970 00000000 		.word	0
 887 0974 00002040 		.word	1075838976
 888 0978 00000000 		.word	0
 889 097c 000018C0 		.word	-1072168960
 890 0980 00000000 		.word	0
 891 0984 0000903F 		.word	1066401792
 892 0988 00000000 		.word	0
 893 098c 00005040 		.word	1078984704
 894 0990 00000000 		.word	0
 895 0994 000018C0 		.word	-1072168960
 896 0998 00000000 		.word	0
 897 099c 0000903F 		.word	1066401792
 898 09a0 00000000 		.word	0
 899 09a4 00005040 		.word	1078984704
 900 09a8 00000000 		.word	0
 901 09ac 000010C0 		.word	-1072693248
 902 09b0 00000000 		.word	0
 903 09b4 0000B03F 		.word	1068498944
 904 09b8 00000000 		.word	0
 905 09bc 00003040 		.word	1076887552
 906 09c0 01000000 		.word	1
 907 09c4 01000000 		.word	1
 908 09c8 01000000 		.word	1
 909 09cc 01000000 		.word	1
 910 09d0 00       		.byte	0
 911 09d1 00       		.byte	0
 912 09d2 00       		.byte	0
 913 09d3 00       		.byte	0
 914 09d4 00000000 		.space	4
 915 09d8 00000000 		.word	0
 916 09dc 000010C0 		.word	-1072693248
 917 09e0 00000000 		.word	0
 918 09e4 0000B03F 		.word	1068498944
 919 09e8 00000000 		.word	0
 920 09ec 00003040 		.word	1076887552
 921 09f0 00000000 		.word	0
 922 09f4 000008C0 		.word	-1073217536
 923 09f8 00000000 		.word	0
 924 09fc 0000C03F 		.word	1069547520
 925 0a00 00000000 		.word	0
 926 0a04 00002040 		.word	1075838976
 927 0a08 00000000 		.word	0
 928 0a0c 000018C0 		.word	-1072168960
 929 0a10 00000000 		.word	0
 930 0a14 0000903F 		.word	1066401792
 931 0a18 00000000 		.word	0
 932 0a1c 00005040 		.word	1078984704
 933 0a20 00000000 		.word	0
 934 0a24 000018C0 		.word	-1072168960
 935 0a28 00000000 		.word	0
 936 0a2c 0000903F 		.word	1066401792
 937 0a30 00000000 		.word	0
 938 0a34 00005040 		.word	1078984704
 939 0a38 00000000 		.word	0
 940 0a3c 000010C0 		.word	-1072693248
 941 0a40 00000000 		.word	0
 942 0a44 0000B03F 		.word	1068498944
 943 0a48 00000000 		.word	0
 944 0a4c 00003040 		.word	1076887552
 945 0a50 01000000 		.word	1
 946 0a54 01000000 		.word	1
 947 0a58 01000000 		.word	1
 948 0a5c 01000000 		.word	1
 949 0a60 00       		.byte	0
 950 0a61 00       		.byte	0
 951 0a62 00       		.byte	0
 952 0a63 00       		.byte	0
 953 0a64 00000000 		.space	4
 954 0a68 15000000 		.word	21
 955 0a6c 15000000 		.word	21
 956 0a70 15000000 		.word	21
 957 0a74 15000000 		.word	21
 958 0a78 00       		.byte	0
 959 0a79 00       		.byte	0
 960 0a7a 00       		.byte	0
 961 0a7b 00       		.byte	0
 962 0a7c 16000000 		.word	22
 963 0a80 16000000 		.word	22
 964 0a84 16000000 		.word	22
 965 0a88 16000000 		.word	22
 966 0a8c 00       		.byte	0
 967 0a8d 00       		.byte	0
 968 0a8e 00       		.byte	0
 969 0a8f 00       		.byte	0
 970 0a90 19000000 		.word	25
 971 0a94 19000000 		.word	25
 972 0a98 19000000 		.word	25
 973 0a9c 19000000 		.word	25
 974 0aa0 00       		.byte	0
 975 0aa1 00       		.byte	0
 976 0aa2 00       		.byte	0
 977 0aa3 00       		.byte	0
 978 0aa4 00000000 		.space	4
 979 0aa8 00000000 		.word	0
 980 0aac 000010C0 		.word	-1072693248
 981 0ab0 00000000 		.word	0
 982 0ab4 0000B03F 		.word	1068498944
 983 0ab8 00000000 		.word	0
 984 0abc 00003040 		.word	1076887552
 985 0ac0 00000000 		.word	0
 986 0ac4 000010C0 		.word	-1072693248
 987 0ac8 00000000 		.word	0
 988 0acc 0000B03F 		.word	1068498944
 989 0ad0 00000000 		.word	0
 990 0ad4 00003040 		.word	1076887552
 991 0ad8 00000000 		.word	0
 992 0adc 000010C0 		.word	-1072693248
 993 0ae0 00000000 		.word	0
 994 0ae4 0000B03F 		.word	1068498944
 995 0ae8 00000000 		.word	0
 996 0aec 00003040 		.word	1076887552
 997 0af0 00000000 		.word	0
 998 0af4 000010C0 		.word	-1072693248
 999 0af8 00000000 		.word	0
 1000 0afc 0000B03F 		.word	1068498944
 1001 0b00 00000000 		.word	0
 1002 0b04 00003040 		.word	1076887552
 1003 0b08 1A000000 		.word	26
 1004 0b0c 1A000000 		.word	26
 1005 0b10 1A000000 		.word	26
 1006 0b14 1A000000 		.word	26
 1007 0b18 00       		.byte	0
 1008 0b19 00       		.byte	0
 1009 0b1a 00       		.byte	0
 1010 0b1b 00       		.byte	0
 1011 0b1c 00000000 		.space	4
 1012 0b20 00000000 		.word	0
 1013 0b24 000010C0 		.word	-1072693248
 1014 0b28 00000000 		.word	0
 1015 0b2c 0000B03F 		.word	1068498944
 1016 0b30 00000000 		.word	0
 1017 0b34 00003040 		.word	1076887552
 1018 0b38 00000000 		.word	0
 1019 0b3c 000010C0 		.word	-1072693248
 1020 0b40 00000000 		.word	0
 1021 0b44 0000B03F 		.word	1068498944
 1022 0b48 00000000 		.word	0
 1023 0b4c 00003040 		.word	1076887552
 1024 0b50 00000000 		.word	0
 1025 0b54 000010C0 		.word	-1072693248
 1026 0b58 00000000 		.word	0
 1027 0b5c 0000B03F 		.word	1068498944
 1028 0b60 00000000 		.word	0
 1029 0b64 00003040 		.word	1076887552
 1030 0b68 00000000 		.word	0
 1031 0b6c 000010C0 		.word	-1072693248
 1032 0b70 00000000 		.word	0
 1033 0b74 0000B03F 		.word	1068498944
 1034 0b78 00000000 		.word	0
 1035 0b7c 00003040 		.word	1076887552
 1036 0b80 18000000 		.word	24
 1037 0b84 18000000 		.word	24
 1038 0b88 18000000 		.word	24
 1039 0b8c 18000000 		.word	24
 1040 0b90 00       		.byte	0
 1041 0b91 00       		.byte	0
 1042 0b92 00       		.byte	0
 1043 0b93 00       		.byte	0
 1044 0b94 00000000 		.space	4
 1045 0b98 00000000 		.word	0
 1046 0b9c 000010C0 		.word	-1072693248
 1047 0ba0 00000000 		.word	0
 1048 0ba4 0000B03F 		.word	1068498944
 1049 0ba8 00000000 		.word	0
 1050 0bac 00003040 		.word	1076887552
 1051 0bb0 00000000 		.word	0
 1052 0bb4 000010C0 		.word	-1072693248
 1053 0bb8 00000000 		.word	0
 1054 0bbc 0000B03F 		.word	1068498944
 1055 0bc0 00000000 		.word	0
 1056 0bc4 00003040 		.word	1076887552
 1057 0bc8 00000000 		.word	0
 1058 0bcc 000010C0 		.word	-1072693248
 1059 0bd0 00000000 		.word	0
 1060 0bd4 0000B03F 		.word	1068498944
 1061 0bd8 00000000 		.word	0
 1062 0bdc 00003040 		.word	1076887552
 1063 0be0 00000000 		.word	0
 1064 0be4 000010C0 		.word	-1072693248
 1065 0be8 00000000 		.word	0
 1066 0bec 0000B03F 		.word	1068498944
 1067 0bf0 00000000 		.word	0
 1068 0bf4 00003040 		.word	1076887552
 1069 0bf8 17000000 		.word	23
 1070 0bfc 17000000 		.word	23
 1071 0c00 17000000 		.word	23
 1072 0c04 17000000 		.word	23
 1073 0c08 00       		.byte	0
 1074 0c09 00       		.byte	0
 1075 0c0a 00       		.byte	0
 1076 0c0b 00       		.byte	0
 1077 0c0c 00       		.byte	0
 1078 0c0d 00       		.byte	0
 1079 0c0e 01       		.byte	1
 1080 0c0f 00       		.space	1
 1081 0c10 0D000000 		.word	13
 1082 0c14 0D000000 		.word	13
 1083 0c18 0D000000 		.word	13
 1084 0c1c 0D000000 		.word	13
 1085 0c20 00       		.byte	0
 1086 0c21 00       		.byte	0
 1087 0c22 00       		.byte	0
 1088 0c23 00       		.byte	0
 1089 0c24 0C000000 		.word	12
 1090 0c28 0C000000 		.word	12
 1091 0c2c 0C000000 		.word	12
 1092 0c30 0C000000 		.word	12
 1093 0c34 00       		.byte	0
 1094 0c35 00       		.byte	0
 1095 0c36 00       		.byte	0
 1096 0c37 00       		.byte	0
 1097 0c38 0B000000 		.word	11
 1098 0c3c 0B000000 		.word	11
 1099 0c40 0B000000 		.word	11
 1100 0c44 0B000000 		.word	11
 1101 0c48 00       		.byte	0
 1102 0c49 00       		.byte	0
 1103 0c4a 00       		.byte	0
 1104 0c4b 00       		.byte	0
 1105 0c4c 00000000 		.space	4
 1106 0c50 00000000 		.word	0
 1107 0c54 000010C0 		.word	-1072693248
 1108 0c58 00000000 		.word	0
 1109 0c5c 0000B03F 		.word	1068498944
 1110 0c60 00000000 		.word	0
 1111 0c64 00003040 		.word	1076887552
 1112 0c68 00000000 		.word	0
 1113 0c6c 000008C0 		.word	-1073217536
 1114 0c70 00000000 		.word	0
 1115 0c74 0000C03F 		.word	1069547520
 1116 0c78 00000000 		.word	0
 1117 0c7c 00002040 		.word	1075838976
 1118 0c80 00000000 		.word	0
 1119 0c84 000018C0 		.word	-1072168960
 1120 0c88 00000000 		.word	0
 1121 0c8c 0000903F 		.word	1066401792
 1122 0c90 00000000 		.word	0
 1123 0c94 00005040 		.word	1078984704
 1124 0c98 00000000 		.word	0
 1125 0c9c 000018C0 		.word	-1072168960
 1126 0ca0 00000000 		.word	0
 1127 0ca4 0000903F 		.word	1066401792
 1128 0ca8 00000000 		.word	0
 1129 0cac 00005040 		.word	1078984704
 1130 0cb0 00000000 		.word	0
 1131 0cb4 000010C0 		.word	-1072693248
 1132 0cb8 00000000 		.word	0
 1133 0cbc 0000B03F 		.word	1068498944
 1134 0cc0 00000000 		.word	0
 1135 0cc4 00003040 		.word	1076887552
 1136 0cc8 01000000 		.word	1
 1137 0ccc 01000000 		.word	1
 1138 0cd0 01000000 		.word	1
 1139 0cd4 01000000 		.word	1
 1140 0cd8 00       		.byte	0
 1141 0cd9 00       		.byte	0
 1142 0cda 00       		.byte	0
 1143 0cdb 00       		.byte	0
 1144 0cdc 00000000 		.space	4
 1145 0ce0 00000000 		.word	0
 1146 0ce4 000010C0 		.word	-1072693248
 1147 0ce8 00000000 		.word	0
 1148 0cec 0000B03F 		.word	1068498944
 1149 0cf0 00000000 		.word	0
 1150 0cf4 00003040 		.word	1076887552
 1151 0cf8 00000000 		.word	0
 1152 0cfc 000008C0 		.word	-1073217536
 1153 0d00 00000000 		.word	0
 1154 0d04 0000C03F 		.word	1069547520
 1155 0d08 00000000 		.word	0
 1156 0d0c 00002040 		.word	1075838976
 1157 0d10 00000000 		.word	0
 1158 0d14 000018C0 		.word	-1072168960
 1159 0d18 00000000 		.word	0
 1160 0d1c 0000903F 		.word	1066401792
 1161 0d20 00000000 		.word	0
 1162 0d24 00005040 		.word	1078984704
 1163 0d28 00000000 		.word	0
 1164 0d2c 000018C0 		.word	-1072168960
 1165 0d30 00000000 		.word	0
 1166 0d34 0000903F 		.word	1066401792
 1167 0d38 00000000 		.word	0
 1168 0d3c 00005040 		.word	1078984704
 1169 0d40 00000000 		.word	0
 1170 0d44 000010C0 		.word	-1072693248
 1171 0d48 00000000 		.word	0
 1172 0d4c 0000B03F 		.word	1068498944
 1173 0d50 00000000 		.word	0
 1174 0d54 00003040 		.word	1076887552
 1175 0d58 01000000 		.word	1
 1176 0d5c 01000000 		.word	1
 1177 0d60 01000000 		.word	1
 1178 0d64 01000000 		.word	1
 1179 0d68 00       		.byte	0
 1180 0d69 00       		.byte	0
 1181 0d6a 00       		.byte	0
 1182 0d6b 00       		.byte	0
 1183 0d6c 00000000 		.space	4
 1184 0d70 18000000 		.word	24
 1185 0d74 18000000 		.word	24
 1186 0d78 00       		.byte	0
 1187 0d79 00       		.byte	0
 1188 0d7a 00       		.byte	0
 1189 0d7b 00       		.byte	0
 1190 0d7c 17000000 		.word	23
 1191 0d80 17000000 		.word	23
 1192 0d84 00       		.byte	0
 1193 0d85 00       		.byte	0
 1194 0d86 00       		.byte	0
 1195 0d87 00       		.byte	0
 1196 0d88 1A000000 		.word	26
 1197 0d8c 1A000000 		.word	26
 1198 0d90 00       		.byte	0
 1199 0d91 00       		.byte	0
 1200 0d92 00       		.byte	0
 1201 0d93 00       		.byte	0
 1202 0d94 00       		.byte	0
 1203 0d95 00       		.byte	0
 1204 0d96 01       		.byte	1
 1205 0d97 00       		.space	1
 1206 0d98 00000000 		.word	0
 1207 0d9c 000010C0 		.word	-1072693248
 1208 0da0 00000000 		.word	0
 1209 0da4 0000B03F 		.word	1068498944
 1210 0da8 00000000 		.word	0
 1211 0dac 00003040 		.word	1076887552
 1212 0db0 00000000 		.word	0
 1213 0db4 000008C0 		.word	-1073217536
 1214 0db8 00000000 		.word	0
 1215 0dbc 0000C03F 		.word	1069547520
 1216 0dc0 00000000 		.word	0
 1217 0dc4 00002040 		.word	1075838976
 1218 0dc8 00000000 		.word	0
 1219 0dcc 000018C0 		.word	-1072168960
 1220 0dd0 00000000 		.word	0
 1221 0dd4 0000903F 		.word	1066401792
 1222 0dd8 00000000 		.word	0
 1223 0ddc 00005040 		.word	1078984704
 1224 0de0 00000000 		.word	0
 1225 0de4 000018C0 		.word	-1072168960
 1226 0de8 00000000 		.word	0
 1227 0dec 0000903F 		.word	1066401792
 1228 0df0 00000000 		.word	0
 1229 0df4 00005040 		.word	1078984704
 1230 0df8 00000000 		.word	0
 1231 0dfc 000010C0 		.word	-1072693248
 1232 0e00 00000000 		.word	0
 1233 0e04 0000B03F 		.word	1068498944
 1234 0e08 00000000 		.word	0
 1235 0e0c 00003040 		.word	1076887552
 1236 0e10 01000000 		.word	1
 1237 0e14 01000000 		.word	1
 1238 0e18 01000000 		.word	1
 1239 0e1c 01000000 		.word	1
 1240 0e20 00       		.byte	0
 1241 0e21 00       		.byte	0
 1242 0e22 00       		.byte	0
 1243 0e23 00       		.byte	0
 1244 0e24 00000000 		.space	4
 1245              		.text
 1246              	.Letext0:
 1247              		.file 1 "c:\\program files (x86)\\gnu tools arm embedded\\5.4 2016q2\\arm-none-eabi\\include\\mach
 1248              		.file 2 "rtwtypes.h"
 1249              		.file 3 "c:\\program files (x86)\\gnu tools arm embedded\\5.4 2016q2\\arm-none-eabi\\include\\sys\
 1250              		.file 4 "HANcoder_E407_TTA_Controller_v4.h"
 1251              		.file 5 "../blockset/rtw/STM32/inc/STM32_E407/core_cm4.h"
 1252              		.file 6 "HANcoder_E407_TTA_Controller_v4_data.c"
DEFINED SYMBOLS
                            *ABS*:00000000 HANcoder_E407_TTA_Controller_v4_data.c
C:\Users\KKUIJP~1\AppData\Local\Temp\ccNhprEo.s:26     .rodata.rtConstP:00000000 rtConstP
C:\Users\KKUIJP~1\AppData\Local\Temp\ccNhprEo.s:235    .rodata.rtConstB:00000000 rtConstB
C:\Users\KKUIJP~1\AppData\Local\Temp\ccNhprEo.s:23     .rodata.rtConstP:00000000 $d
C:\Users\KKUIJP~1\AppData\Local\Temp\ccNhprEo.s:232    .rodata.rtConstB:00000000 $d

NO UNDEFINED SYMBOLS
