COMM_Phase1 

COMM_Phase2 

COMM_Phase_init1 

COMM_Phase_init2 

script_run 

HANtuneOverride 

simulation_time
script_run_s
Board_ID_s
SI_FreeHeap
SI_FreeStack
local_ticks_interrupt
SI_CPUload
LedValue
Master_ID_s
Role_ID_s
sync_bc0_miss_counter_s
sync_bc1_miss_counter_s
votes_Board_1_DEBUG
votes_Board_2_DEBUG
votes_Board_3_DEBUG
Board_1_error_counter_s
Board_2_error_counter_s
Board_3_error_counter_s
msg_count_DEBUG_s
Desync_Sync_bc1_s
Desync_Sync_bc0_s
TM1_timeout_counter_s
TM2_timeout_counter_s
TM3_timeout_counter_s
Rx_init_LT
Vote_s
Rx_init_id
Rx_init_mc
Rx_init_bc
bacic_cycle_s
BC1_sync_processed_s
BC0_sync_processed_s
BC0_vote1_processed_s
BC0_vote2_processed_s
BC0_vote3_processed_s
reset_s
Tx_temporal_msg_CAN2
TxCAN2_counter_s
TxID_CAN2_s
Rx_temporal_msg_CAN2
RxCAN2_counter_s
RxID_CAN2_s
Rx_msg_ticks_CAN2
Rx_temporal_msg_CAN1
RxCAN1_counter_s
RxID_CAN1_s
Rx_msg_ticks_CAN1
Tx_temporal_msg_CAN1
TxCAN1_counter_s
TxID_CAN1_s
