   1              		.syntax unified
   2              		.cpu cortex-m4
   3              		.eabi_attribute 27, 1
   4              		.fpu fpv4-sp-d16
   5              		.eabi_attribute 20, 1
   6              		.eabi_attribute 21, 1
   7              		.eabi_attribute 23, 3
   8              		.eabi_attribute 24, 1
   9              		.eabi_attribute 25, 1
  10              		.eabi_attribute 26, 1
  11              		.eabi_attribute 30, 2
  12              		.eabi_attribute 34, 1
  13              		.eabi_attribute 18, 4
  14              		.thumb
  15              		.syntax unified
  16              		.file	"HANcoder_E407_TTA_Controller_v4_8_data.c"
  17              		.text
  18              	.Ltext0:
  19              		.cfi_sections	.debug_frame
  20              		.global	rtConstP
  21              		.global	rtConstB
  22              		.section	.rodata.rtConstP,"a",%progbits
  23              		.align	3
  26              	rtConstP:
  27 0000 00000000 		.word	0
  28 0004 00000000 		.word	0
  29 0008 00000000 		.word	0
  30 000c 00004440 		.word	1078198272
  31 0010 00000000 		.word	0
  32 0014 00004640 		.word	1078329344
  33 0018 00000000 		.word	0
  34 001c 00004740 		.word	1078394880
  35 0020 00000000 		.word	0
  36 0024 00004840 		.word	1078460416
  37 0028 00000000 		.word	0
  38 002c 00004940 		.word	1078525952
  39 0030 00000000 		.word	0
  40 0034 00004A40 		.word	1078591488
  41 0038 00000000 		.word	0
  42 003c 00005740 		.word	1079443456
  43 0040 00000000 		.word	0
  44 0044 00005840 		.word	1079508992
  45 0048 00000000 		.word	0
  46 004c 00005940 		.word	1079574528
  47 0050 00000000 		.word	0
  48 0054 00806140 		.word	1080131584
  49 0058 00000000 		.word	0
  50 005c 00C06140 		.word	1080147968
  51 0060 00000000 		.word	0
  52 0064 00006240 		.word	1080164352
  53 0068 00000000 		.word	0
  54 006c 00806240 		.word	1080197120
  55 0070 00000000 		.word	0
  56 0074 00806740 		.word	1080524800
  57 0078 00000000 		.word	0
  58 007c 00006840 		.word	1080557568
  59 0080 00000000 		.word	0
  60 0084 00806840 		.word	1080590336
  61 0088 00000000 		.word	0
  62 008c 00006940 		.word	1080623104
  63 0090 00000000 		.word	0
  64 0094 00806940 		.word	1080655872
  65 0098 00000000 		.word	0
  66 009c 00006A40 		.word	1080688640
  67 00a0 00000000 		.word	0
  68 00a4 00000000 		.word	0
  69 00a8 00000000 		.word	0
  70 00ac 00004440 		.word	1078198272
  71 00b0 00000000 		.word	0
  72 00b4 00004640 		.word	1078329344
  73 00b8 00000000 		.word	0
  74 00bc 00004740 		.word	1078394880
  75 00c0 00000000 		.word	0
  76 00c4 00004840 		.word	1078460416
  77 00c8 00000000 		.word	0
  78 00cc 00005640 		.word	1079377920
  79 00d0 00000000 		.word	0
  80 00d4 00805640 		.word	1079410688
  81 00d8 00000000 		.word	0
  82 00dc 00005740 		.word	1079443456
  83 00e0 00000000 		.word	0
  84 00e4 00806040 		.word	1080066048
  85 00e8 00000000 		.word	0
  86 00ec 00C06040 		.word	1080082432
  87 00f0 00000000 		.word	0
  88 00f4 00006140 		.word	1080098816
  89 00f8 00000000 		.word	0
  90 00fc 00806140 		.word	1080131584
  91 0100 00000000 		.word	0
  92 0104 00006240 		.word	1080164352
  93 0108 00000000 		.word	0
  94 010c 00806240 		.word	1080197120
  95 0110 00000000 		.word	0
  96 0114 00806740 		.word	1080524800
  97 0118 00000000 		.word	0
  98 011c 00006840 		.word	1080557568
  99 0120 00000000 		.word	0
 100 0124 00006D40 		.word	1080885248
 101 0128 00000000 		.word	0
 102 012c 00007140 		.word	1081147392
 103 0130 00000000 		.word	0
 104 0134 00807340 		.word	1081311232
 105 0138 00000000 		.word	0
 106 013c 00C07340 		.word	1081327616
 107 0140 00000000 		.word	0
 108 0144 00D07340 		.word	1081331712
 109 0148 00000000 		.word	0
 110 014c 00F07340 		.word	1081339904
 111 0150 00000000 		.word	0
 112 0154 00007440 		.word	1081344000
 113 0158 00000000 		.word	0
 114 015c 00807640 		.word	1081507840
 115 0160 00000000 		.word	0
 116 0164 00A07640 		.word	1081516032
 117 0168 00000000 		.word	0
 118 016c 00C07640 		.word	1081524224
 119 0170 00000000 		.word	0
 120 0174 00007740 		.word	1081540608
 121 0178 00000000 		.word	0
 122 017c 00207740 		.word	1081548800
 123 0180 00000000 		.word	0
 124 0184 00000000 		.word	0
 125 0188 00000000 		.word	0
 126 018c 0000F03F 		.word	1072693248
 127 0190 00000000 		.word	0
 128 0194 0000F03F 		.word	1072693248
 129 0198 00000000 		.word	0
 130 019c 0000F03F 		.word	1072693248
 131 01a0 00000000 		.word	0
 132 01a4 0000F03F 		.word	1072693248
 133 01a8 00000000 		.word	0
 134 01ac 0000F03F 		.word	1072693248
 135 01b0 00000000 		.word	0
 136 01b4 00000000 		.word	0
 137 01b8 00000000 		.word	0
 138 01bc 0000F03F 		.word	1072693248
 139 01c0 00000000 		.word	0
 140 01c4 0000F03F 		.word	1072693248
 141 01c8 00000000 		.word	0
 142 01cc 00000000 		.word	0
 143 01d0 00000000 		.word	0
 144 01d4 0000F03F 		.word	1072693248
 145 01d8 00000000 		.word	0
 146 01dc 0000F03F 		.word	1072693248
 147 01e0 00000000 		.word	0
 148 01e4 0000F03F 		.word	1072693248
 149 01e8 00000000 		.word	0
 150 01ec 00000000 		.word	0
 151 01f0 00000000 		.word	0
 152 01f4 0000F03F 		.word	1072693248
 153 01f8 00000000 		.word	0
 154 01fc 0000F03F 		.word	1072693248
 155 0200 00000000 		.word	0
 156 0204 0000F03F 		.word	1072693248
 157 0208 00000000 		.word	0
 158 020c 0000F03F 		.word	1072693248
 159 0210 00000000 		.word	0
 160 0214 0000F03F 		.word	1072693248
 161 0218 00000000 		.word	0
 162 021c 0000F03F 		.word	1072693248
 163 0220 00000000 		.word	0
 164 0224 00000000 		.word	0
 165 0228 00000000 		.word	0
 166 022c 0000F03F 		.word	1072693248
 167 0230 00000000 		.word	0
 168 0234 0000F03F 		.word	1072693248
 169 0238 00000000 		.word	0
 170 023c 0000F03F 		.word	1072693248
 171 0240 00000000 		.word	0
 172 0244 00000000 		.word	0
 173 0248 00000000 		.word	0
 174 024c 0000F03F 		.word	1072693248
 175 0250 00000000 		.word	0
 176 0254 0000F03F 		.word	1072693248
 177 0258 00000000 		.word	0
 178 025c 00000000 		.word	0
 179 0260 00000000 		.word	0
 180 0264 0000F03F 		.word	1072693248
 181 0268 00000000 		.word	0
 182 026c 0000F03F 		.word	1072693248
 183 0270 00000000 		.word	0
 184 0274 0000F03F 		.word	1072693248
 185 0278 00000000 		.word	0
 186 027c 0000F03F 		.word	1072693248
 187 0280 00000000 		.word	0
 188 0284 0000F03F 		.word	1072693248
 189 0288 00000000 		.word	0
 190 028c 00000000 		.word	0
 191 0290 00000000 		.word	0
 192 0294 0000F03F 		.word	1072693248
 193 0298 00000000 		.word	0
 194 029c 00000000 		.word	0
 195 02a0 00000000 		.word	0
 196 02a4 0000F03F 		.word	1072693248
 197 02a8 00000000 		.word	0
 198 02ac 00000000 		.word	0
 199 02b0 00000000 		.word	0
 200 02b4 0000F03F 		.word	1072693248
 201 02b8 00000000 		.word	0
 202 02bc 0000F03F 		.word	1072693248
 203 02c0 00000000 		.word	0
 204 02c4 0000F03F 		.word	1072693248
 205 02c8 00000000 		.word	0
 206 02cc 0000F03F 		.word	1072693248
 207 02d0 00000000 		.word	0
 208 02d4 00000000 		.word	0
 209 02d8 00000000 		.word	0
 210 02dc 0000F03F 		.word	1072693248
 211 02e0 00000000 		.word	0
 212 02e4 0000F03F 		.word	1072693248
 213 02e8 00000000 		.word	0
 214 02ec 0000F03F 		.word	1072693248
 215 02f0 00000000 		.word	0
 216 02f4 0000F03F 		.word	1072693248
 217 02f8 00000000 		.word	0
 218 02fc 0000F03F 		.word	1072693248
 219 0300 00       		.byte	0
 220 0301 00       		.byte	0
 221 0302 01       		.byte	1
 222 0303 01       		.byte	1
 223 0304 01       		.byte	1
 224 0305 00       		.byte	0
 225 0306 01       		.byte	1
 226 0307 00       		.byte	0
 227 0308 01       		.byte	1
 228 0309 01       		.byte	1
 229 030a 00       		.byte	0
 230 030b 00       		.byte	0
 231 030c 00       		.byte	0
 232 030d 01       		.byte	1
 233 030e 00       		.byte	0
 234 030f 01       		.byte	1
 235              		.section	.rodata.rtConstB,"a",%progbits
 236              		.align	3
 239              	rtConstB:
 240 0000 00000000 		.word	0
 241 0004 00407740 		.word	1081556992
 242 0008 00000000 		.word	0
 243 000c 00C07640 		.word	1081524224
 244 0010 00000000 		.word	0
 245 0014 00006140 		.word	1080098816
 246 0018 00000000 		.word	0
 247 001c 00004640 		.word	1078329344
 248 0020 00000000 		.word	0
 249 0024 00004840 		.word	1078460416
 250 0028 00000000 		.word	0
 251 002c 00004440 		.word	1078198272
 252 0030 00000000 		.word	0
 253 0034 00807640 		.word	1081507840
 254 0038 00000000 		.word	0
 255 003c 00806040 		.word	1080066048
 256 0040 000000E0 		.word	-536870912
 257 0044 9AE6AD3F 		.word	1068361370
 258 0048 00000000 		.word	0
 259 004c 00003040 		.word	1076887552
 260 0050 00000000 		.word	0
 261 0054 0000B03F 		.word	1068498944
 262 0058 00000000 		.word	0
 263 005c 00003040 		.word	1076887552
 264 0060 00000000 		.word	0
 265 0064 0000B03F 		.word	1068498944
 266 0068 00000000 		.word	0
 267 006c 00003040 		.word	1076887552
 268 0070 00000000 		.word	0
 269 0074 0000B03F 		.word	1068498944
 270 0078 00000000 		.word	0
 271 007c 00003040 		.word	1076887552
 272 0080 00000000 		.word	0
 273 0084 0000B03F 		.word	1068498944
 274 0088 00000000 		.word	0
 275 008c 0000B03F 		.word	1068498944
 276 0090 00000000 		.word	0
 277 0094 00003040 		.word	1076887552
 278 0098 00000000 		.word	0
 279 009c 0000B03F 		.word	1068498944
 280 00a0 00000000 		.word	0
 281 00a4 00003040 		.word	1076887552
 282 00a8 00000000 		.word	0
 283 00ac 0000B03F 		.word	1068498944
 284 00b0 00000000 		.word	0
 285 00b4 00003040 		.word	1076887552
 286 00b8 00000000 		.word	0
 287 00bc 0000B03F 		.word	1068498944
 288 00c0 00000000 		.word	0
 289 00c4 00003040 		.word	1076887552
 290 00c8 00000000 		.word	0
 291 00cc 00006240 		.word	1080164352
 292 00d0 00000000 		.word	0
 293 00d4 00006A40 		.word	1080688640
 294 00d8 00000000 		.word	0
 295 00dc 00004640 		.word	1078329344
 296 00e0 00000000 		.word	0
 297 00e4 00004840 		.word	1078460416
 298 00e8 00000000 		.word	0
 299 00ec 00005940 		.word	1079574528
 300 00f0 00000000 		.word	0
 301 00f4 00004A40 		.word	1078591488
 302 00f8 00000000 		.word	0
 303 00fc 00005840 		.word	1079508992
 304 0100 00000000 		.word	0
 305 0104 00004440 		.word	1078198272
 306 0108 00000000 		.word	0
 307 010c 00006140 		.word	1080098816
 308 0110 00000000 		.word	0
 309 0114 00407740 		.word	1081556992
 310 0118 00000000 		.word	0
 311 011c 00005740 		.word	1079443456
 312 0120 00000000 		.word	0
 313 0124 00004640 		.word	1078329344
 314 0128 00000000 		.word	0
 315 012c 00004840 		.word	1078460416
 316 0130 00000000 		.word	0
 317 0134 00004440 		.word	1078198272
 318 0138 00000000 		.word	0
 319 013c 00005640 		.word	1079377920
 320 0140 00000000 		.word	0
 321 0144 0000903F 		.word	1066401792
 322 0148 00000000 		.word	0
 323 014c 00005040 		.word	1078984704
 324 0150 00000000 		.word	0
 325 0154 0000C03F 		.word	1069547520
 326 0158 00000000 		.word	0
 327 015c 00002040 		.word	1075838976
 328 0160 00000000 		.word	0
 329 0164 0000903F 		.word	1066401792
 330 0168 00000000 		.word	0
 331 016c 00005040 		.word	1078984704
 332 0170 00000000 		.word	0
 333 0174 00004A40 		.word	1078591488
 334 0178 00000000 		.word	0
 335 017c 00006A40 		.word	1080688640
 336 0180 00000000 		.word	0
 337 0184 00004640 		.word	1078329344
 338 0188 00000000 		.word	0
 339 018c 00004840 		.word	1078460416
 340 0190 00000000 		.word	0
 341 0194 00004440 		.word	1078198272
 342 0198 00000000 		.word	0
 343 019c 00806240 		.word	1080197120
 344 01a0 00000000 		.word	0
 345 01a4 00806140 		.word	1080131584
 346 01a8 00000000 		.word	0
 347 01ac 00006240 		.word	1080164352
 348 01b0 00000000 		.word	0
 349 01b4 00407740 		.word	1081556992
 350 01b8 00000000 		.word	0
 351 01bc 00006840 		.word	1080557568
 352 01c0 00000000 		.word	0
 353 01c4 00806D40 		.word	1080918016
 354 01c8 00000000 		.word	0
 355 01cc 00C07340 		.word	1081327616
 356 01d0 00000000 		.word	0
 357 01d4 00C07640 		.word	1081524224
 358 01d8 00000000 		.word	0
 359 01dc 00006140 		.word	1080098816
 360 01e0 00000000 		.word	0
 361 01e4 00005740 		.word	1079443456
 362 01e8 00000000 		.word	0
 363 01ec 00004640 		.word	1078329344
 364 01f0 00000000 		.word	0
 365 01f4 00007440 		.word	1081344000
 366 01f8 00000000 		.word	0
 367 01fc 00004840 		.word	1078460416
 368 0200 00000000 		.word	0
 369 0204 00004440 		.word	1078198272
 370 0208 00000000 		.word	0
 371 020c 00806740 		.word	1080524800
 372 0210 00000000 		.word	0
 373 0214 00006D40 		.word	1080885248
 374 0218 00000000 		.word	0
 375 021c 00807640 		.word	1081507840
 376 0220 00000000 		.word	0
 377 0224 00807340 		.word	1081311232
 378 0228 00000000 		.word	0
 379 022c 00005640 		.word	1079377920
 380 0230 00000000 		.word	0
 381 0234 00806040 		.word	1080066048
 382 0238 00000000 		.word	0
 383 023c 0000F03F 		.word	1072693248
 384 0240 00000000 		.word	0
 385 0244 0000F03F 		.word	1072693248
 386 0248 00000000 		.word	0
 387 024c 0000F03F 		.word	1072693248
 388 0250 00000000 		.word	0
 389 0254 0000F03F 		.word	1072693248
 390 0258 00000000 		.word	0
 391 025c 0000F03F 		.word	1072693248
 392 0260 00000000 		.word	0
 393 0264 0000F03F 		.word	1072693248
 394 0268 00000000 		.word	0
 395 026c 0000F03F 		.word	1072693248
 396 0270 00000000 		.word	0
 397 0274 0000F03F 		.word	1072693248
 398 0278 00000000 		.word	0
 399 027c 0000F03F 		.word	1072693248
 400 0280 00000000 		.word	0
 401 0284 0000F03F 		.word	1072693248
 402 0288 00000000 		.word	0
 403 028c 0000F03F 		.word	1072693248
 404 0290 00000000 		.word	0
 405 0294 0000F03F 		.word	1072693248
 406 0298 00000000 		.word	0
 407 029c 0000F03F 		.word	1072693248
 408 02a0 00000000 		.word	0
 409 02a4 0000F03F 		.word	1072693248
 410 02a8 00000000 		.word	0
 411 02ac 0000F03F 		.word	1072693248
 412 02b0 00000000 		.word	0
 413 02b4 0000F03F 		.word	1072693248
 414 02b8 00000000 		.word	0
 415 02bc 0000F03F 		.word	1072693248
 416 02c0 00000000 		.word	0
 417 02c4 0000F03F 		.word	1072693248
 418 02c8 00000000 		.word	0
 419 02cc 0000F03F 		.word	1072693248
 420 02d0 00000000 		.word	0
 421 02d4 0000F03F 		.word	1072693248
 422 02d8 00000000 		.word	0
 423 02dc 0000F03F 		.word	1072693248
 424 02e0 00000000 		.word	0
 425 02e4 0000F03F 		.word	1072693248
 426 02e8 00000000 		.word	0
 427 02ec 0000F03F 		.word	1072693248
 428 02f0 00000000 		.word	0
 429 02f4 0000F03F 		.word	1072693248
 430 02f8 00000000 		.word	0
 431 02fc 00003040 		.word	1076887552
 432 0300 00000000 		.word	0
 433 0304 0000B03F 		.word	1068498944
 434 0308 00000000 		.word	0
 435 030c 00003040 		.word	1076887552
 436 0310 00000000 		.word	0
 437 0314 0000B03F 		.word	1068498944
 438 0318 00000000 		.word	0
 439 031c 00003040 		.word	1076887552
 440 0320 00000000 		.word	0
 441 0324 0000B03F 		.word	1068498944
 442 0328 00000000 		.word	0
 443 032c 00003040 		.word	1076887552
 444 0330 00000000 		.word	0
 445 0334 0000B03F 		.word	1068498944
 446 0338 00000000 		.word	0
 447 033c 00003040 		.word	1076887552
 448 0340 00000000 		.word	0
 449 0344 0000B03F 		.word	1068498944
 450 0348 00000000 		.word	0
 451 034c 00003040 		.word	1076887552
 452 0350 00000000 		.word	0
 453 0354 0000B03F 		.word	1068498944
 454 0358 00000000 		.word	0
 455 035c 00003040 		.word	1076887552
 456 0360 00000000 		.word	0
 457 0364 0000B03F 		.word	1068498944
 458 0368 00000000 		.word	0
 459 036c 00003040 		.word	1076887552
 460 0370 00000000 		.word	0
 461 0374 0000B03F 		.word	1068498944
 462 0378 00000000 		.word	0
 463 037c 00005040 		.word	1078984704
 464 0380 00000000 		.word	0
 465 0384 0000903F 		.word	1066401792
 466 0388 00000000 		.word	0
 467 038c 00005040 		.word	1078984704
 468 0390 00000000 		.word	0
 469 0394 0000903F 		.word	1066401792
 470 0398 00000000 		.word	0
 471 039c 00002040 		.word	1075838976
 472 03a0 00000000 		.word	0
 473 03a4 0000C03F 		.word	1069547520
 474 03a8 00000000 		.word	0
 475 03ac 00003040 		.word	1076887552
 476 03b0 00000000 		.word	0
 477 03b4 0000B03F 		.word	1068498944
 478 03b8 00000000 		.word	0
 479 03bc 00003040 		.word	1076887552
 480 03c0 00000000 		.word	0
 481 03c4 0000B03F 		.word	1068498944
 482 03c8 00000000 		.word	0
 483 03cc 00003040 		.word	1076887552
 484 03d0 00000000 		.word	0
 485 03d4 0000B03F 		.word	1068498944
 486 03d8 00000000 		.word	0
 487 03dc 00003040 		.word	1076887552
 488 03e0 00000000 		.word	0
 489 03e4 0000B03F 		.word	1068498944
 490 03e8 000000E0 		.word	-536870912
 491 03ec 9AE6AD3F 		.word	1068361370
 492 03f0 00000000 		.word	0
 493 03f4 0000903F 		.word	1066401792
 494 03f8 00000000 		.word	0
 495 03fc 00005040 		.word	1078984704
 496 0400 00000000 		.word	0
 497 0404 0000C03F 		.word	1069547520
 498 0408 00000000 		.word	0
 499 040c 00002040 		.word	1075838976
 500 0410 00000000 		.word	0
 501 0414 0000903F 		.word	1066401792
 502 0418 00000000 		.word	0
 503 041c 00005040 		.word	1078984704
 504 0420 00000000 		.word	0
 505 0424 0000B03F 		.word	1068498944
 506 0428 00000000 		.word	0
 507 042c 00003040 		.word	1076887552
 508 0430 00000000 		.word	0
 509 0434 0000B03F 		.word	1068498944
 510 0438 00000000 		.word	0
 511 043c 00003040 		.word	1076887552
 512 0440 00000000 		.word	0
 513 0444 0000B03F 		.word	1068498944
 514 0448 00000000 		.word	0
 515 044c 00003040 		.word	1076887552
 516 0450 00000000 		.word	0
 517 0454 0000B03F 		.word	1068498944
 518 0458 00000000 		.word	0
 519 045c 00003040 		.word	1076887552
 520 0460 00000000 		.word	0
 521 0464 00006940 		.word	1080623104
 522 0468 00000000 		.word	0
 523 046c 00806940 		.word	1080655872
 524 0470 00000000 		.word	0
 525 0474 00806A40 		.word	1080721408
 526 0478 00000000 		.word	0
 527 047c 00006A40 		.word	1080688640
 528 0480 00000000 		.word	0
 529 0484 00004640 		.word	1078329344
 530 0488 00000000 		.word	0
 531 048c 00004840 		.word	1078460416
 532 0490 00000000 		.word	0
 533 0494 00004A40 		.word	1078591488
 534 0498 00000000 		.word	0
 535 049c 00005940 		.word	1079574528
 536 04a0 00000000 		.word	0
 537 04a4 00005840 		.word	1079508992
 538 04a8 00000000 		.word	0
 539 04ac 00806240 		.word	1080197120
 540 04b0 00000000 		.word	0
 541 04b4 00006240 		.word	1080164352
 542 04b8 00000000 		.word	0
 543 04bc 00806840 		.word	1080590336
 544 04c0 00000000 		.word	0
 545 04c4 00006840 		.word	1080557568
 546 04c8 00000000 		.word	0
 547 04cc 00004440 		.word	1078198272
 548 04d0 00000000 		.word	0
 549 04d4 00806740 		.word	1080524800
 550 04d8 00000000 		.word	0
 551 04dc 00005740 		.word	1079443456
 552 04e0 00000000 		.word	0
 553 04e4 00806140 		.word	1080131584
 554 04e8 00000000 		.word	0
 555 04ec 00007440 		.word	1081344000
 556 04f0 00000000 		.word	0
 557 04f4 00407740 		.word	1081556992
 558 04f8 00000000 		.word	0
 559 04fc 00006840 		.word	1080557568
 560 0500 00000000 		.word	0
 561 0504 00806D40 		.word	1080918016
 562 0508 00000000 		.word	0
 563 050c 00C07340 		.word	1081327616
 564 0510 00000000 		.word	0
 565 0514 00004640 		.word	1078329344
 566 0518 00000000 		.word	0
 567 051c 00004840 		.word	1078460416
 568 0520 00000000 		.word	0
 569 0524 00006D40 		.word	1080885248
 570 0528 00000000 		.word	0
 571 052c 00807340 		.word	1081311232
 572 0530 00000000 		.word	0
 573 0534 00806740 		.word	1080524800
 574 0538 00000000 		.word	0
 575 053c 00004440 		.word	1078198272
 576 0540 00000000 		.word	0
 577 0544 0000F03F 		.word	1072693248
 578 0548 00000000 		.word	0
 579 054c 0000F03F 		.word	1072693248
 580 0550 00000000 		.word	0
 581 0554 0000F03F 		.word	1072693248
 582 0558 00000000 		.word	0
 583 055c 0000F03F 		.word	1072693248
 584 0560 00000000 		.word	0
 585 0564 0000F03F 		.word	1072693248
 586 0568 00000000 		.word	0
 587 056c 0000F03F 		.word	1072693248
 588 0570 00000000 		.word	0
 589 0574 0000F03F 		.word	1072693248
 590 0578 00000000 		.word	0
 591 057c 0000F03F 		.word	1072693248
 592 0580 00000000 		.word	0
 593 0584 0000F03F 		.word	1072693248
 594 0588 00000000 		.word	0
 595 058c 0000F03F 		.word	1072693248
 596 0590 00000000 		.word	0
 597 0594 0000F03F 		.word	1072693248
 598 0598 00000000 		.word	0
 599 059c 0000F03F 		.word	1072693248
 600 05a0 00000000 		.word	0
 601 05a4 0000F03F 		.word	1072693248
 602 05a8 00000000 		.word	0
 603 05ac 0000F03F 		.word	1072693248
 604 05b0 00000000 		.word	0
 605 05b4 0000F03F 		.word	1072693248
 606 05b8 00000000 		.word	0
 607 05bc 0000F03F 		.word	1072693248
 608 05c0 00000000 		.word	0
 609 05c4 0000F03F 		.word	1072693248
 610 05c8 00000000 		.word	0
 611 05cc 0000F03F 		.word	1072693248
 612 05d0 00000000 		.word	0
 613 05d4 0000F03F 		.word	1072693248
 614 05d8 00000000 		.word	0
 615 05dc 0000F03F 		.word	1072693248
 616 05e0 00000000 		.word	0
 617 05e4 0000F03F 		.word	1072693248
 618 05e8 00000000 		.word	0
 619 05ec 0000F03F 		.word	1072693248
 620 05f0 00000000 		.word	0
 621 05f4 00003040 		.word	1076887552
 622 05f8 00000000 		.word	0
 623 05fc 0000B03F 		.word	1068498944
 624 0600 00000000 		.word	0
 625 0604 00003040 		.word	1076887552
 626 0608 00000000 		.word	0
 627 060c 0000B03F 		.word	1068498944
 628 0610 00000000 		.word	0
 629 0614 00003040 		.word	1076887552
 630 0618 00000000 		.word	0
 631 061c 0000B03F 		.word	1068498944
 632 0620 00000000 		.word	0
 633 0624 00003040 		.word	1076887552
 634 0628 00000000 		.word	0
 635 062c 0000B03F 		.word	1068498944
 636 0630 00000000 		.word	0
 637 0634 00003040 		.word	1076887552
 638 0638 00000000 		.word	0
 639 063c 0000B03F 		.word	1068498944
 640 0640 00000000 		.word	0
 641 0644 00003040 		.word	1076887552
 642 0648 00000000 		.word	0
 643 064c 0000B03F 		.word	1068498944
 644 0650 00000000 		.word	0
 645 0654 00003040 		.word	1076887552
 646 0658 00000000 		.word	0
 647 065c 0000B03F 		.word	1068498944
 648 0660 00000000 		.word	0
 649 0664 00003040 		.word	1076887552
 650 0668 00000000 		.word	0
 651 066c 0000B03F 		.word	1068498944
 652 0670 00000000 		.word	0
 653 0674 00003040 		.word	1076887552
 654 0678 00000000 		.word	0
 655 067c 0000B03F 		.word	1068498944
 656 0680 00000000 		.word	0
 657 0684 00003040 		.word	1076887552
 658 0688 00000000 		.word	0
 659 068c 0000B03F 		.word	1068498944
 660 0690 00000000 		.word	0
 661 0694 00003040 		.word	1076887552
 662 0698 00000000 		.word	0
 663 069c 0000B03F 		.word	1068498944
 664 06a0 00000000 		.word	0
 665 06a4 00003040 		.word	1076887552
 666 06a8 00000000 		.word	0
 667 06ac 0000B03F 		.word	1068498944
 668 06b0 00000000 		.word	0
 669 06b4 00004A40 		.word	1078591488
 670 06b8 00000000 		.word	0
 671 06bc 00006A40 		.word	1080688640
 672 06c0 00000000 		.word	0
 673 06c4 00004640 		.word	1078329344
 674 06c8 00000000 		.word	0
 675 06cc 00004840 		.word	1078460416
 676 06d0 00000000 		.word	0
 677 06d4 00004440 		.word	1078198272
 678 06d8 00000000 		.word	0
 679 06dc 00003040 		.word	1076887552
 680 06e0 00000000 		.word	0
 681 06e4 0000B03F 		.word	1068498944
 682 06e8 00000000 		.word	0
 683 06ec 00003040 		.word	1076887552
 684 06f0 00000000 		.word	0
 685 06f4 0000B03F 		.word	1068498944
 686 06f8 00000000 		.word	0
 687 06fc 00002040 		.word	1075838976
 688 0700 00000000 		.word	0
 689 0704 0000C03F 		.word	1069547520
 690 0708 00000000 		.word	0
 691 070c 00005040 		.word	1078984704
 692 0710 00000000 		.word	0
 693 0714 0000903F 		.word	1066401792
 694 0718 00000000 		.word	0
 695 071c 00005040 		.word	1078984704
 696 0720 00000000 		.word	0
 697 0724 0000903F 		.word	1066401792
 698 0728 00000000 		.word	0
 699 072c 0000F03F 		.word	1072693248
 700 0730 0000     		.short	0
 701 0732 00       		.byte	0
 702 0733 00       		.byte	0
 703 0734 00       		.byte	0
 704 0735 00       		.byte	0
 705 0736 00       		.byte	0
 706 0737 00       		.byte	0
 707 0738 00       		.byte	0
 708 0739 00       		.byte	0
 709 073a 00       		.byte	0
 710 073b 00       		.byte	0
 711 073c 00       		.byte	0
 712 073d 00       		.byte	0
 713 073e 00       		.byte	0
 714 073f 00       		.byte	0
 715 0740 00       		.byte	0
 716 0741 00       		.byte	0
 717 0742 00       		.byte	0
 718 0743 00       		.byte	0
 719 0744 00       		.byte	0
 720 0745 00       		.byte	0
 721 0746 00       		.byte	0
 722 0747 00       		.byte	0
 723 0748 00       		.byte	0
 724 0749 00       		.byte	0
 725 074a 00       		.byte	0
 726 074b 00       		.byte	0
 727 074c 00       		.byte	0
 728 074d 00       		.byte	0
 729 074e 00       		.byte	0
 730 074f 01       		.byte	1
 731 0750 00       		.byte	0
 732 0751 00       		.byte	0
 733 0752 01       		.byte	1
 734 0753 00000000 		.space	5
 734      00
 735 0758 00000000 		.word	0
 736 075c 000010C0 		.word	-1072693248
 737 0760 00000000 		.word	0
 738 0764 0000B03F 		.word	1068498944
 739 0768 00000000 		.word	0
 740 076c 00003040 		.word	1076887552
 741 0770 00000000 		.word	0
 742 0774 000008C0 		.word	-1073217536
 743 0778 00000000 		.word	0
 744 077c 0000C03F 		.word	1069547520
 745 0780 00000000 		.word	0
 746 0784 00002040 		.word	1075838976
 747 0788 00000000 		.word	0
 748 078c 000018C0 		.word	-1072168960
 749 0790 00000000 		.word	0
 750 0794 0000903F 		.word	1066401792
 751 0798 00000000 		.word	0
 752 079c 00005040 		.word	1078984704
 753 07a0 00000000 		.word	0
 754 07a4 000018C0 		.word	-1072168960
 755 07a8 00000000 		.word	0
 756 07ac 0000903F 		.word	1066401792
 757 07b0 00000000 		.word	0
 758 07b4 00005040 		.word	1078984704
 759 07b8 00000000 		.word	0
 760 07bc 000010C0 		.word	-1072693248
 761 07c0 00000000 		.word	0
 762 07c4 0000B03F 		.word	1068498944
 763 07c8 00000000 		.word	0
 764 07cc 00003040 		.word	1076887552
 765 07d0 01000000 		.word	1
 766 07d4 01000000 		.word	1
 767 07d8 01000000 		.word	1
 768 07dc 01000000 		.word	1
 769 07e0 00       		.byte	0
 770 07e1 00       		.byte	0
 771 07e2 00       		.byte	0
 772 07e3 00       		.byte	0
 773 07e4 00000000 		.space	4
 774 07e8 16000000 		.word	22
 775 07ec 16000000 		.word	22
 776 07f0 16000000 		.word	22
 777 07f4 16000000 		.word	22
 778 07f8 00       		.byte	0
 779 07f9 00       		.byte	0
 780 07fa 00       		.byte	0
 781 07fb 00       		.byte	0
 782 07fc 1A000000 		.word	26
 783 0800 1A000000 		.word	26
 784 0804 1A000000 		.word	26
 785 0808 1A000000 		.word	26
 786 080c 00       		.byte	0
 787 080d 00       		.byte	0
 788 080e 00       		.byte	0
 789 080f 00       		.byte	0
 790 0810 00       		.byte	0
 791 0811 00       		.byte	0
 792 0812 01       		.byte	1
 793 0813 00000000 		.space	5
 793      00
 794 0818 00000000 		.word	0
 795 081c 000010C0 		.word	-1072693248
 796 0820 00000000 		.word	0
 797 0824 0000B03F 		.word	1068498944
 798 0828 00000000 		.word	0
 799 082c 00003040 		.word	1076887552
 800 0830 00000000 		.word	0
 801 0834 000008C0 		.word	-1073217536
 802 0838 00000000 		.word	0
 803 083c 0000C03F 		.word	1069547520
 804 0840 00000000 		.word	0
 805 0844 00002040 		.word	1075838976
 806 0848 00000000 		.word	0
 807 084c 000018C0 		.word	-1072168960
 808 0850 00000000 		.word	0
 809 0854 0000903F 		.word	1066401792
 810 0858 00000000 		.word	0
 811 085c 00005040 		.word	1078984704
 812 0860 00000000 		.word	0
 813 0864 000018C0 		.word	-1072168960
 814 0868 00000000 		.word	0
 815 086c 0000903F 		.word	1066401792
 816 0870 00000000 		.word	0
 817 0874 00005040 		.word	1078984704
 818 0878 00000000 		.word	0
 819 087c 000010C0 		.word	-1072693248
 820 0880 00000000 		.word	0
 821 0884 0000B03F 		.word	1068498944
 822 0888 00000000 		.word	0
 823 088c 00003040 		.word	1076887552
 824 0890 01000000 		.word	1
 825 0894 01000000 		.word	1
 826 0898 01000000 		.word	1
 827 089c 01000000 		.word	1
 828 08a0 00       		.byte	0
 829 08a1 00       		.byte	0
 830 08a2 00       		.byte	0
 831 08a3 00       		.byte	0
 832 08a4 00000000 		.space	4
 833 08a8 00000000 		.word	0
 834 08ac 000010C0 		.word	-1072693248
 835 08b0 00000000 		.word	0
 836 08b4 0000B03F 		.word	1068498944
 837 08b8 00000000 		.word	0
 838 08bc 00003040 		.word	1076887552
 839 08c0 00000000 		.word	0
 840 08c4 000008C0 		.word	-1073217536
 841 08c8 00000000 		.word	0
 842 08cc 0000C03F 		.word	1069547520
 843 08d0 00000000 		.word	0
 844 08d4 00002040 		.word	1075838976
 845 08d8 00000000 		.word	0
 846 08dc 000018C0 		.word	-1072168960
 847 08e0 00000000 		.word	0
 848 08e4 0000903F 		.word	1066401792
 849 08e8 00000000 		.word	0
 850 08ec 00005040 		.word	1078984704
 851 08f0 00000000 		.word	0
 852 08f4 000018C0 		.word	-1072168960
 853 08f8 00000000 		.word	0
 854 08fc 0000903F 		.word	1066401792
 855 0900 00000000 		.word	0
 856 0904 00005040 		.word	1078984704
 857 0908 00000000 		.word	0
 858 090c 000010C0 		.word	-1072693248
 859 0910 00000000 		.word	0
 860 0914 0000B03F 		.word	1068498944
 861 0918 00000000 		.word	0
 862 091c 00003040 		.word	1076887552
 863 0920 01000000 		.word	1
 864 0924 01000000 		.word	1
 865 0928 01000000 		.word	1
 866 092c 01000000 		.word	1
 867 0930 00       		.byte	0
 868 0931 00       		.byte	0
 869 0932 00       		.byte	0
 870 0933 00       		.byte	0
 871 0934 00000000 		.space	4
 872 0938 15000000 		.word	21
 873 093c 15000000 		.word	21
 874 0940 15000000 		.word	21
 875 0944 15000000 		.word	21
 876 0948 00       		.byte	0
 877 0949 00       		.byte	0
 878 094a 00       		.byte	0
 879 094b 00       		.byte	0
 880 094c 00       		.byte	0
 881 094d 00       		.byte	0
 882 094e 01       		.byte	1
 883 094f 00       		.space	1
 884 0950 00000000 		.word	0
 885 0954 000010C0 		.word	-1072693248
 886 0958 00000000 		.word	0
 887 095c 0000B03F 		.word	1068498944
 888 0960 00000000 		.word	0
 889 0964 00003040 		.word	1076887552
 890 0968 00000000 		.word	0
 891 096c 000008C0 		.word	-1073217536
 892 0970 00000000 		.word	0
 893 0974 0000C03F 		.word	1069547520
 894 0978 00000000 		.word	0
 895 097c 00002040 		.word	1075838976
 896 0980 00000000 		.word	0
 897 0984 000018C0 		.word	-1072168960
 898 0988 00000000 		.word	0
 899 098c 0000903F 		.word	1066401792
 900 0990 00000000 		.word	0
 901 0994 00005040 		.word	1078984704
 902 0998 00000000 		.word	0
 903 099c 000018C0 		.word	-1072168960
 904 09a0 00000000 		.word	0
 905 09a4 0000903F 		.word	1066401792
 906 09a8 00000000 		.word	0
 907 09ac 00005040 		.word	1078984704
 908 09b0 00000000 		.word	0
 909 09b4 000010C0 		.word	-1072693248
 910 09b8 00000000 		.word	0
 911 09bc 0000B03F 		.word	1068498944
 912 09c0 00000000 		.word	0
 913 09c4 00003040 		.word	1076887552
 914 09c8 01000000 		.word	1
 915 09cc 01000000 		.word	1
 916 09d0 01000000 		.word	1
 917 09d4 01000000 		.word	1
 918 09d8 00       		.byte	0
 919 09d9 00       		.byte	0
 920 09da 00       		.byte	0
 921 09db 00       		.byte	0
 922 09dc 00000000 		.space	4
 923 09e0 00000000 		.word	0
 924 09e4 000010C0 		.word	-1072693248
 925 09e8 00000000 		.word	0
 926 09ec 0000B03F 		.word	1068498944
 927 09f0 00000000 		.word	0
 928 09f4 00003040 		.word	1076887552
 929 09f8 00000000 		.word	0
 930 09fc 000008C0 		.word	-1073217536
 931 0a00 00000000 		.word	0
 932 0a04 0000C03F 		.word	1069547520
 933 0a08 00000000 		.word	0
 934 0a0c 00002040 		.word	1075838976
 935 0a10 00000000 		.word	0
 936 0a14 000018C0 		.word	-1072168960
 937 0a18 00000000 		.word	0
 938 0a1c 0000903F 		.word	1066401792
 939 0a20 00000000 		.word	0
 940 0a24 00005040 		.word	1078984704
 941 0a28 00000000 		.word	0
 942 0a2c 000018C0 		.word	-1072168960
 943 0a30 00000000 		.word	0
 944 0a34 0000903F 		.word	1066401792
 945 0a38 00000000 		.word	0
 946 0a3c 00005040 		.word	1078984704
 947 0a40 00000000 		.word	0
 948 0a44 000010C0 		.word	-1072693248
 949 0a48 00000000 		.word	0
 950 0a4c 0000B03F 		.word	1068498944
 951 0a50 00000000 		.word	0
 952 0a54 00003040 		.word	1076887552
 953 0a58 01000000 		.word	1
 954 0a5c 01000000 		.word	1
 955 0a60 01000000 		.word	1
 956 0a64 01000000 		.word	1
 957 0a68 00       		.byte	0
 958 0a69 00       		.byte	0
 959 0a6a 00       		.byte	0
 960 0a6b 00       		.byte	0
 961 0a6c 15000000 		.word	21
 962 0a70 15000000 		.word	21
 963 0a74 15000000 		.word	21
 964 0a78 15000000 		.word	21
 965 0a7c 00       		.byte	0
 966 0a7d 00       		.byte	0
 967 0a7e 00       		.byte	0
 968 0a7f 00       		.byte	0
 969 0a80 16000000 		.word	22
 970 0a84 16000000 		.word	22
 971 0a88 16000000 		.word	22
 972 0a8c 16000000 		.word	22
 973 0a90 00       		.byte	0
 974 0a91 00       		.byte	0
 975 0a92 00       		.byte	0
 976 0a93 00       		.byte	0
 977 0a94 1A000000 		.word	26
 978 0a98 1A000000 		.word	26
 979 0a9c 1A000000 		.word	26
 980 0aa0 1A000000 		.word	26
 981 0aa4 00       		.byte	0
 982 0aa5 00       		.byte	0
 983 0aa6 00       		.byte	0
 984 0aa7 00       		.byte	0
 985 0aa8 00000000 		.word	0
 986 0aac 000010C0 		.word	-1072693248
 987 0ab0 00000000 		.word	0
 988 0ab4 0000B03F 		.word	1068498944
 989 0ab8 00000000 		.word	0
 990 0abc 00003040 		.word	1076887552
 991 0ac0 00000000 		.word	0
 992 0ac4 000010C0 		.word	-1072693248
 993 0ac8 00000000 		.word	0
 994 0acc 0000B03F 		.word	1068498944
 995 0ad0 00000000 		.word	0
 996 0ad4 00003040 		.word	1076887552
 997 0ad8 00000000 		.word	0
 998 0adc 000010C0 		.word	-1072693248
 999 0ae0 00000000 		.word	0
 1000 0ae4 0000B03F 		.word	1068498944
 1001 0ae8 00000000 		.word	0
 1002 0aec 00003040 		.word	1076887552
 1003 0af0 00000000 		.word	0
 1004 0af4 000010C0 		.word	-1072693248
 1005 0af8 00000000 		.word	0
 1006 0afc 0000B03F 		.word	1068498944
 1007 0b00 00000000 		.word	0
 1008 0b04 00003040 		.word	1076887552
 1009 0b08 19000000 		.word	25
 1010 0b0c 19000000 		.word	25
 1011 0b10 19000000 		.word	25
 1012 0b14 19000000 		.word	25
 1013 0b18 00       		.byte	0
 1014 0b19 00       		.byte	0
 1015 0b1a 00       		.byte	0
 1016 0b1b 00       		.byte	0
 1017 0b1c 00000000 		.space	4
 1018 0b20 00000000 		.word	0
 1019 0b24 000010C0 		.word	-1072693248
 1020 0b28 00000000 		.word	0
 1021 0b2c 0000B03F 		.word	1068498944
 1022 0b30 00000000 		.word	0
 1023 0b34 00003040 		.word	1076887552
 1024 0b38 00000000 		.word	0
 1025 0b3c 000010C0 		.word	-1072693248
 1026 0b40 00000000 		.word	0
 1027 0b44 0000B03F 		.word	1068498944
 1028 0b48 00000000 		.word	0
 1029 0b4c 00003040 		.word	1076887552
 1030 0b50 00000000 		.word	0
 1031 0b54 000010C0 		.word	-1072693248
 1032 0b58 00000000 		.word	0
 1033 0b5c 0000B03F 		.word	1068498944
 1034 0b60 00000000 		.word	0
 1035 0b64 00003040 		.word	1076887552
 1036 0b68 00000000 		.word	0
 1037 0b6c 000010C0 		.word	-1072693248
 1038 0b70 00000000 		.word	0
 1039 0b74 0000B03F 		.word	1068498944
 1040 0b78 00000000 		.word	0
 1041 0b7c 00003040 		.word	1076887552
 1042 0b80 18000000 		.word	24
 1043 0b84 18000000 		.word	24
 1044 0b88 18000000 		.word	24
 1045 0b8c 18000000 		.word	24
 1046 0b90 00       		.byte	0
 1047 0b91 00       		.byte	0
 1048 0b92 00       		.byte	0
 1049 0b93 00       		.byte	0
 1050 0b94 00000000 		.space	4
 1051 0b98 00000000 		.word	0
 1052 0b9c 000010C0 		.word	-1072693248
 1053 0ba0 00000000 		.word	0
 1054 0ba4 0000B03F 		.word	1068498944
 1055 0ba8 00000000 		.word	0
 1056 0bac 00003040 		.word	1076887552
 1057 0bb0 00000000 		.word	0
 1058 0bb4 000010C0 		.word	-1072693248
 1059 0bb8 00000000 		.word	0
 1060 0bbc 0000B03F 		.word	1068498944
 1061 0bc0 00000000 		.word	0
 1062 0bc4 00003040 		.word	1076887552
 1063 0bc8 00000000 		.word	0
 1064 0bcc 000010C0 		.word	-1072693248
 1065 0bd0 00000000 		.word	0
 1066 0bd4 0000B03F 		.word	1068498944
 1067 0bd8 00000000 		.word	0
 1068 0bdc 00003040 		.word	1076887552
 1069 0be0 00000000 		.word	0
 1070 0be4 000010C0 		.word	-1072693248
 1071 0be8 00000000 		.word	0
 1072 0bec 0000B03F 		.word	1068498944
 1073 0bf0 00000000 		.word	0
 1074 0bf4 00003040 		.word	1076887552
 1075 0bf8 17000000 		.word	23
 1076 0bfc 17000000 		.word	23
 1077 0c00 17000000 		.word	23
 1078 0c04 17000000 		.word	23
 1079 0c08 00       		.byte	0
 1080 0c09 00       		.byte	0
 1081 0c0a 00       		.byte	0
 1082 0c0b 00       		.byte	0
 1083 0c0c 0D000000 		.word	13
 1084 0c10 0D000000 		.word	13
 1085 0c14 0D000000 		.word	13
 1086 0c18 0D000000 		.word	13
 1087 0c1c 00       		.byte	0
 1088 0c1d 00       		.byte	0
 1089 0c1e 00       		.byte	0
 1090 0c1f 00       		.byte	0
 1091 0c20 0C000000 		.word	12
 1092 0c24 0C000000 		.word	12
 1093 0c28 0C000000 		.word	12
 1094 0c2c 0C000000 		.word	12
 1095 0c30 00       		.byte	0
 1096 0c31 00       		.byte	0
 1097 0c32 00       		.byte	0
 1098 0c33 00       		.byte	0
 1099 0c34 0B000000 		.word	11
 1100 0c38 0B000000 		.word	11
 1101 0c3c 0B000000 		.word	11
 1102 0c40 0B000000 		.word	11
 1103 0c44 00       		.byte	0
 1104 0c45 00       		.byte	0
 1105 0c46 00       		.byte	0
 1106 0c47 00       		.byte	0
 1107 0c48 00000000 		.word	0
 1108 0c4c 000010C0 		.word	-1072693248
 1109 0c50 00000000 		.word	0
 1110 0c54 0000B03F 		.word	1068498944
 1111 0c58 00000000 		.word	0
 1112 0c5c 00003040 		.word	1076887552
 1113 0c60 00000000 		.word	0
 1114 0c64 000008C0 		.word	-1073217536
 1115 0c68 00000000 		.word	0
 1116 0c6c 0000C03F 		.word	1069547520
 1117 0c70 00000000 		.word	0
 1118 0c74 00002040 		.word	1075838976
 1119 0c78 00000000 		.word	0
 1120 0c7c 000018C0 		.word	-1072168960
 1121 0c80 00000000 		.word	0
 1122 0c84 0000903F 		.word	1066401792
 1123 0c88 00000000 		.word	0
 1124 0c8c 00005040 		.word	1078984704
 1125 0c90 00000000 		.word	0
 1126 0c94 000018C0 		.word	-1072168960
 1127 0c98 00000000 		.word	0
 1128 0c9c 0000903F 		.word	1066401792
 1129 0ca0 00000000 		.word	0
 1130 0ca4 00005040 		.word	1078984704
 1131 0ca8 00000000 		.word	0
 1132 0cac 000010C0 		.word	-1072693248
 1133 0cb0 00000000 		.word	0
 1134 0cb4 0000B03F 		.word	1068498944
 1135 0cb8 00000000 		.word	0
 1136 0cbc 00003040 		.word	1076887552
 1137 0cc0 01000000 		.word	1
 1138 0cc4 01000000 		.word	1
 1139 0cc8 01000000 		.word	1
 1140 0ccc 01000000 		.word	1
 1141 0cd0 00       		.byte	0
 1142 0cd1 00       		.byte	0
 1143 0cd2 00       		.byte	0
 1144 0cd3 00       		.byte	0
 1145 0cd4 00000000 		.space	4
 1146 0cd8 00000000 		.word	0
 1147 0cdc 000010C0 		.word	-1072693248
 1148 0ce0 00000000 		.word	0
 1149 0ce4 0000B03F 		.word	1068498944
 1150 0ce8 00000000 		.word	0
 1151 0cec 00003040 		.word	1076887552
 1152 0cf0 00000000 		.word	0
 1153 0cf4 000008C0 		.word	-1073217536
 1154 0cf8 00000000 		.word	0
 1155 0cfc 0000C03F 		.word	1069547520
 1156 0d00 00000000 		.word	0
 1157 0d04 00002040 		.word	1075838976
 1158 0d08 00000000 		.word	0
 1159 0d0c 000018C0 		.word	-1072168960
 1160 0d10 00000000 		.word	0
 1161 0d14 0000903F 		.word	1066401792
 1162 0d18 00000000 		.word	0
 1163 0d1c 00005040 		.word	1078984704
 1164 0d20 00000000 		.word	0
 1165 0d24 000018C0 		.word	-1072168960
 1166 0d28 00000000 		.word	0
 1167 0d2c 0000903F 		.word	1066401792
 1168 0d30 00000000 		.word	0
 1169 0d34 00005040 		.word	1078984704
 1170 0d38 00000000 		.word	0
 1171 0d3c 000010C0 		.word	-1072693248
 1172 0d40 00000000 		.word	0
 1173 0d44 0000B03F 		.word	1068498944
 1174 0d48 00000000 		.word	0
 1175 0d4c 00003040 		.word	1076887552
 1176 0d50 01000000 		.word	1
 1177 0d54 01000000 		.word	1
 1178 0d58 01000000 		.word	1
 1179 0d5c 01000000 		.word	1
 1180 0d60 00       		.byte	0
 1181 0d61 00       		.byte	0
 1182 0d62 00       		.byte	0
 1183 0d63 00       		.byte	0
 1184 0d64 00000000 		.space	4
 1185 0d68 19000000 		.word	25
 1186 0d6c 19000000 		.word	25
 1187 0d70 19000000 		.word	25
 1188 0d74 19000000 		.word	25
 1189 0d78 00       		.byte	0
 1190 0d79 00       		.byte	0
 1191 0d7a 00       		.byte	0
 1192 0d7b 00       		.byte	0
 1193 0d7c 18000000 		.word	24
 1194 0d80 18000000 		.word	24
 1195 0d84 18000000 		.word	24
 1196 0d88 18000000 		.word	24
 1197 0d8c 00       		.byte	0
 1198 0d8d 00       		.byte	0
 1199 0d8e 00       		.byte	0
 1200 0d8f 00       		.byte	0
 1201 0d90 17000000 		.word	23
 1202 0d94 17000000 		.word	23
 1203 0d98 17000000 		.word	23
 1204 0d9c 17000000 		.word	23
 1205 0da0 00       		.byte	0
 1206 0da1 00       		.byte	0
 1207 0da2 00       		.byte	0
 1208 0da3 00       		.byte	0
 1209 0da4 00       		.byte	0
 1210 0da5 00       		.byte	0
 1211 0da6 01       		.byte	1
 1212 0da7 00       		.space	1
 1213 0da8 00000000 		.word	0
 1214 0dac 000010C0 		.word	-1072693248
 1215 0db0 00000000 		.word	0
 1216 0db4 0000B03F 		.word	1068498944
 1217 0db8 00000000 		.word	0
 1218 0dbc 00003040 		.word	1076887552
 1219 0dc0 00000000 		.word	0
 1220 0dc4 000008C0 		.word	-1073217536
 1221 0dc8 00000000 		.word	0
 1222 0dcc 0000C03F 		.word	1069547520
 1223 0dd0 00000000 		.word	0
 1224 0dd4 00002040 		.word	1075838976
 1225 0dd8 00000000 		.word	0
 1226 0ddc 000018C0 		.word	-1072168960
 1227 0de0 00000000 		.word	0
 1228 0de4 0000903F 		.word	1066401792
 1229 0de8 00000000 		.word	0
 1230 0dec 00005040 		.word	1078984704
 1231 0df0 00000000 		.word	0
 1232 0df4 000018C0 		.word	-1072168960
 1233 0df8 00000000 		.word	0
 1234 0dfc 0000903F 		.word	1066401792
 1235 0e00 00000000 		.word	0
 1236 0e04 00005040 		.word	1078984704
 1237 0e08 00000000 		.word	0
 1238 0e0c 000010C0 		.word	-1072693248
 1239 0e10 00000000 		.word	0
 1240 0e14 0000B03F 		.word	1068498944
 1241 0e18 00000000 		.word	0
 1242 0e1c 00003040 		.word	1076887552
 1243 0e20 01000000 		.word	1
 1244 0e24 01000000 		.word	1
 1245 0e28 01000000 		.word	1
 1246 0e2c 01000000 		.word	1
 1247 0e30 00       		.byte	0
 1248 0e31 00       		.byte	0
 1249 0e32 00       		.byte	0
 1250 0e33 00       		.byte	0
 1251 0e34 00000000 		.space	4
 1252              		.text
 1253              	.Letext0:
 1254              		.file 1 "c:\\program files (x86)\\gnu tools arm embedded\\5.4 2016q2\\arm-none-eabi\\include\\mach
 1255              		.file 2 "rtwtypes.h"
 1256              		.file 3 "c:\\program files (x86)\\gnu tools arm embedded\\5.4 2016q2\\arm-none-eabi\\include\\sys\
 1257              		.file 4 "HANcoder_E407_TTA_Controller_v4_8.h"
 1258              		.file 5 "../blockset/rtw/STM32/inc/STM32_E407/core_cm4.h"
 1259              		.file 6 "HANcoder_E407_TTA_Controller_v4_8_data.c"
DEFINED SYMBOLS
                            *ABS*:00000000 HANcoder_E407_TTA_Controller_v4_8_data.c
C:\Users\KKUIJP~1\AppData\Local\Temp\cczFL43Y.s:26     .rodata.rtConstP:00000000 rtConstP
C:\Users\KKUIJP~1\AppData\Local\Temp\cczFL43Y.s:239    .rodata.rtConstB:00000000 rtConstB
C:\Users\KKUIJP~1\AppData\Local\Temp\cczFL43Y.s:23     .rodata.rtConstP:00000000 $d
C:\Users\KKUIJP~1\AppData\Local\Temp\cczFL43Y.s:236    .rodata.rtConstB:00000000 $d

NO UNDEFINED SYMBOLS
