   1              		.syntax unified
   2              		.cpu cortex-m4
   3              		.eabi_attribute 27, 1
   4              		.fpu fpv4-sp-d16
   5              		.eabi_attribute 20, 1
   6              		.eabi_attribute 21, 1
   7              		.eabi_attribute 23, 3
   8              		.eabi_attribute 24, 1
   9              		.eabi_attribute 25, 1
  10              		.eabi_attribute 26, 1
  11              		.eabi_attribute 30, 2
  12              		.eabi_attribute 34, 1
  13              		.eabi_attribute 18, 4
  14              		.thumb
  15              		.syntax unified
  16              		.file	"HANcoder_E407_TTA_Controller_v3_data.c"
  17              		.text
  18              	.Ltext0:
  19              		.cfi_sections	.debug_frame
  20              		.global	rtConstP
  21              		.global	rtConstB
  22              		.section	.rodata.rtConstP,"a",%progbits
  23              		.align	3
  26              	rtConstP:
  27 0000 00000000 		.word	0
  28 0004 00000000 		.word	0
  29 0008 00000000 		.word	0
  30 000c 00004440 		.word	1078198272
  31 0010 00000000 		.word	0
  32 0014 00004640 		.word	1078329344
  33 0018 00000000 		.word	0
  34 001c 00004740 		.word	1078394880
  35 0020 00000000 		.word	0
  36 0024 00004840 		.word	1078460416
  37 0028 00000000 		.word	0
  38 002c 00004940 		.word	1078525952
  39 0030 00000000 		.word	0
  40 0034 00004A40 		.word	1078591488
  41 0038 00000000 		.word	0
  42 003c 00005740 		.word	1079443456
  43 0040 00000000 		.word	0
  44 0044 00005840 		.word	1079508992
  45 0048 00000000 		.word	0
  46 004c 00005940 		.word	1079574528
  47 0050 00000000 		.word	0
  48 0054 00806140 		.word	1080131584
  49 0058 00000000 		.word	0
  50 005c 00C06140 		.word	1080147968
  51 0060 00000000 		.word	0
  52 0064 00006240 		.word	1080164352
  53 0068 00000000 		.word	0
  54 006c 00806240 		.word	1080197120
  55 0070 00000000 		.word	0
  56 0074 00806740 		.word	1080524800
  57 0078 00000000 		.word	0
  58 007c 00006840 		.word	1080557568
  59 0080 00000000 		.word	0
  60 0084 00806840 		.word	1080590336
  61 0088 00000000 		.word	0
  62 008c 00006940 		.word	1080623104
  63 0090 00000000 		.word	0
  64 0094 00806940 		.word	1080655872
  65 0098 00000000 		.word	0
  66 009c 00006A40 		.word	1080688640
  67 00a0 00000000 		.word	0
  68 00a4 00000000 		.word	0
  69 00a8 00000000 		.word	0
  70 00ac 00004440 		.word	1078198272
  71 00b0 00000000 		.word	0
  72 00b4 00004640 		.word	1078329344
  73 00b8 00000000 		.word	0
  74 00bc 00004740 		.word	1078394880
  75 00c0 00000000 		.word	0
  76 00c4 00004840 		.word	1078460416
  77 00c8 00000000 		.word	0
  78 00cc 00005640 		.word	1079377920
  79 00d0 00000000 		.word	0
  80 00d4 00805640 		.word	1079410688
  81 00d8 00000000 		.word	0
  82 00dc 00005740 		.word	1079443456
  83 00e0 00000000 		.word	0
  84 00e4 00806040 		.word	1080066048
  85 00e8 00000000 		.word	0
  86 00ec 00C06040 		.word	1080082432
  87 00f0 00000000 		.word	0
  88 00f4 00006140 		.word	1080098816
  89 00f8 00000000 		.word	0
  90 00fc 00806140 		.word	1080131584
  91 0100 00000000 		.word	0
  92 0104 00006240 		.word	1080164352
  93 0108 00000000 		.word	0
  94 010c 00806240 		.word	1080197120
  95 0110 00000000 		.word	0
  96 0114 00806740 		.word	1080524800
  97 0118 00000000 		.word	0
  98 011c 00006840 		.word	1080557568
  99 0120 00000000 		.word	0
 100 0124 00006D40 		.word	1080885248
 101 0128 00000000 		.word	0
 102 012c 00806D40 		.word	1080918016
 103 0130 00000000 		.word	0
 104 0134 00A06D40 		.word	1080926208
 105 0138 00000000 		.word	0
 106 013c 00E06D40 		.word	1080942592
 107 0140 00000000 		.word	0
 108 0144 00006E40 		.word	1080950784
 109 0148 00000000 		.word	0
 110 014c 00807140 		.word	1081180160
 111 0150 00000000 		.word	0
 112 0154 00A07140 		.word	1081188352
 113 0158 00000000 		.word	0
 114 015c 00C07140 		.word	1081196544
 115 0160 00000000 		.word	0
 116 0164 00E07140 		.word	1081204736
 117 0168 00000000 		.word	0
 118 016c 00000000 		.word	0
 119 0170 00000000 		.word	0
 120 0174 0000F03F 		.word	1072693248
 121 0178 00000000 		.word	0
 122 017c 0000F03F 		.word	1072693248
 123 0180 00000000 		.word	0
 124 0184 0000F03F 		.word	1072693248
 125 0188 00000000 		.word	0
 126 018c 0000F03F 		.word	1072693248
 127 0190 00000000 		.word	0
 128 0194 0000F03F 		.word	1072693248
 129 0198 00000000 		.word	0
 130 019c 00000000 		.word	0
 131 01a0 00000000 		.word	0
 132 01a4 0000F03F 		.word	1072693248
 133 01a8 00000000 		.word	0
 134 01ac 0000F03F 		.word	1072693248
 135 01b0 00000000 		.word	0
 136 01b4 00000000 		.word	0
 137 01b8 00000000 		.word	0
 138 01bc 0000F03F 		.word	1072693248
 139 01c0 00000000 		.word	0
 140 01c4 0000F03F 		.word	1072693248
 141 01c8 00000000 		.word	0
 142 01cc 0000F03F 		.word	1072693248
 143 01d0 00000000 		.word	0
 144 01d4 00000000 		.word	0
 145 01d8 00000000 		.word	0
 146 01dc 0000F03F 		.word	1072693248
 147 01e0 00000000 		.word	0
 148 01e4 0000F03F 		.word	1072693248
 149 01e8 00000000 		.word	0
 150 01ec 0000F03F 		.word	1072693248
 151 01f0 00000000 		.word	0
 152 01f4 0000F03F 		.word	1072693248
 153 01f8 00000000 		.word	0
 154 01fc 0000F03F 		.word	1072693248
 155 0200 00000000 		.word	0
 156 0204 0000F03F 		.word	1072693248
 157 0208 00000000 		.word	0
 158 020c 00000000 		.word	0
 159 0210 00000000 		.word	0
 160 0214 0000F03F 		.word	1072693248
 161 0218 00000000 		.word	0
 162 021c 0000F03F 		.word	1072693248
 163 0220 00000000 		.word	0
 164 0224 0000F03F 		.word	1072693248
 165 0228 00000000 		.word	0
 166 022c 00000000 		.word	0
 167 0230 00000000 		.word	0
 168 0234 0000F03F 		.word	1072693248
 169 0238 00000000 		.word	0
 170 023c 0000F03F 		.word	1072693248
 171 0240 00000000 		.word	0
 172 0244 00000000 		.word	0
 173 0248 00000000 		.word	0
 174 024c 0000F03F 		.word	1072693248
 175 0250 00000000 		.word	0
 176 0254 0000F03F 		.word	1072693248
 177 0258 00000000 		.word	0
 178 025c 0000F03F 		.word	1072693248
 179 0260 00000000 		.word	0
 180 0264 0000F03F 		.word	1072693248
 181 0268 00000000 		.word	0
 182 026c 0000F03F 		.word	1072693248
 183 0270 00000000 		.word	0
 184 0274 00000000 		.word	0
 185 0278 00000000 		.word	0
 186 027c 0000F03F 		.word	1072693248
 187 0280 00000000 		.word	0
 188 0284 00000000 		.word	0
 189 0288 00000000 		.word	0
 190 028c 0000F03F 		.word	1072693248
 191 0290 00000000 		.word	0
 192 0294 0000F03F 		.word	1072693248
 193 0298 00000000 		.word	0
 194 029c 0000F03F 		.word	1072693248
 195 02a0 00000000 		.word	0
 196 02a4 0000F03F 		.word	1072693248
 197 02a8 00000000 		.word	0
 198 02ac 00000000 		.word	0
 199 02b0 00000000 		.word	0
 200 02b4 0000F03F 		.word	1072693248
 201 02b8 00000000 		.word	0
 202 02bc 0000F03F 		.word	1072693248
 203 02c0 00000000 		.word	0
 204 02c4 0000F03F 		.word	1072693248
 205 02c8 00000000 		.word	0
 206 02cc 0000F03F 		.word	1072693248
 207 02d0 00       		.byte	0
 208 02d1 00       		.byte	0
 209 02d2 01       		.byte	1
 210 02d3 01       		.byte	1
 211 02d4 01       		.byte	1
 212 02d5 00       		.byte	0
 213 02d6 01       		.byte	1
 214 02d7 00       		.byte	0
 215 02d8 01       		.byte	1
 216 02d9 01       		.byte	1
 217 02da 00       		.byte	0
 218 02db 00       		.byte	0
 219 02dc 00       		.byte	0
 220 02dd 01       		.byte	1
 221 02de 00       		.byte	0
 222 02df 01       		.byte	1
 223              		.section	.rodata.rtConstB,"a",%progbits
 224              		.align	3
 227              	rtConstB:
 228 0000 00000000 		.word	0
 229 0004 00007240 		.word	1081212928
 230 0008 00000000 		.word	0
 231 000c 00C07140 		.word	1081196544
 232 0010 00000000 		.word	0
 233 0014 00006140 		.word	1080098816
 234 0018 00000000 		.word	0
 235 001c 00004640 		.word	1078329344
 236 0020 00000000 		.word	0
 237 0024 00004840 		.word	1078460416
 238 0028 00000000 		.word	0
 239 002c 00004440 		.word	1078198272
 240 0030 00000000 		.word	0
 241 0034 00807140 		.word	1081180160
 242 0038 00000000 		.word	0
 243 003c 00806040 		.word	1080066048
 244 0040 000000A0 		.word	-1610612736
 245 0044 9999A93F 		.word	1068079513
 246 0048 00000000 		.word	0
 247 004c 00003040 		.word	1076887552
 248 0050 00000000 		.word	0
 249 0054 0000B03F 		.word	1068498944
 250 0058 00000000 		.word	0
 251 005c 00003040 		.word	1076887552
 252 0060 00000000 		.word	0
 253 0064 0000B03F 		.word	1068498944
 254 0068 00000000 		.word	0
 255 006c 00003040 		.word	1076887552
 256 0070 00000000 		.word	0
 257 0074 0000B03F 		.word	1068498944
 258 0078 00000000 		.word	0
 259 007c 00003040 		.word	1076887552
 260 0080 00000000 		.word	0
 261 0084 0000B03F 		.word	1068498944
 262 0088 00000000 		.word	0
 263 008c 0000B03F 		.word	1068498944
 264 0090 00000000 		.word	0
 265 0094 00003040 		.word	1076887552
 266 0098 00000000 		.word	0
 267 009c 0000B03F 		.word	1068498944
 268 00a0 00000000 		.word	0
 269 00a4 00003040 		.word	1076887552
 270 00a8 00000000 		.word	0
 271 00ac 0000B03F 		.word	1068498944
 272 00b0 00000000 		.word	0
 273 00b4 00003040 		.word	1076887552
 274 00b8 00000000 		.word	0
 275 00bc 0000B03F 		.word	1068498944
 276 00c0 00000000 		.word	0
 277 00c4 00003040 		.word	1076887552
 278 00c8 00000000 		.word	0
 279 00cc 00006240 		.word	1080164352
 280 00d0 00000000 		.word	0
 281 00d4 00006A40 		.word	1080688640
 282 00d8 00000000 		.word	0
 283 00dc 00004640 		.word	1078329344
 284 00e0 00000000 		.word	0
 285 00e4 00004840 		.word	1078460416
 286 00e8 00000000 		.word	0
 287 00ec 00005940 		.word	1079574528
 288 00f0 00000000 		.word	0
 289 00f4 00004A40 		.word	1078591488
 290 00f8 00000000 		.word	0
 291 00fc 00005840 		.word	1079508992
 292 0100 00000000 		.word	0
 293 0104 00004440 		.word	1078198272
 294 0108 00000000 		.word	0
 295 010c 00006140 		.word	1080098816
 296 0110 00000000 		.word	0
 297 0114 00007240 		.word	1081212928
 298 0118 00000000 		.word	0
 299 011c 00005740 		.word	1079443456
 300 0120 00000000 		.word	0
 301 0124 00004640 		.word	1078329344
 302 0128 00000000 		.word	0
 303 012c 00004840 		.word	1078460416
 304 0130 00000000 		.word	0
 305 0134 00004440 		.word	1078198272
 306 0138 00000000 		.word	0
 307 013c 00005640 		.word	1079377920
 308 0140 00000000 		.word	0
 309 0144 0000903F 		.word	1066401792
 310 0148 00000000 		.word	0
 311 014c 00005040 		.word	1078984704
 312 0150 00000000 		.word	0
 313 0154 0000C03F 		.word	1069547520
 314 0158 00000000 		.word	0
 315 015c 00002040 		.word	1075838976
 316 0160 00000000 		.word	0
 317 0164 0000903F 		.word	1066401792
 318 0168 00000000 		.word	0
 319 016c 00005040 		.word	1078984704
 320 0170 00000000 		.word	0
 321 0174 00004A40 		.word	1078591488
 322 0178 00000000 		.word	0
 323 017c 00006A40 		.word	1080688640
 324 0180 00000000 		.word	0
 325 0184 00004640 		.word	1078329344
 326 0188 00000000 		.word	0
 327 018c 00004840 		.word	1078460416
 328 0190 00000000 		.word	0
 329 0194 00004440 		.word	1078198272
 330 0198 00000000 		.word	0
 331 019c 00806240 		.word	1080197120
 332 01a0 00000000 		.word	0
 333 01a4 00806140 		.word	1080131584
 334 01a8 00000000 		.word	0
 335 01ac 00006240 		.word	1080164352
 336 01b0 00000000 		.word	0
 337 01b4 00007240 		.word	1081212928
 338 01b8 00000000 		.word	0
 339 01bc 00006840 		.word	1080557568
 340 01c0 00000000 		.word	0
 341 01c4 00806D40 		.word	1080918016
 342 01c8 00000000 		.word	0
 343 01cc 00C07140 		.word	1081196544
 344 01d0 00000000 		.word	0
 345 01d4 00006140 		.word	1080098816
 346 01d8 00000000 		.word	0
 347 01dc 00005740 		.word	1079443456
 348 01e0 00000000 		.word	0
 349 01e4 00004640 		.word	1078329344
 350 01e8 00000000 		.word	0
 351 01ec 00006E40 		.word	1080950784
 352 01f0 00000000 		.word	0
 353 01f4 00004840 		.word	1078460416
 354 01f8 00000000 		.word	0
 355 01fc 00004440 		.word	1078198272
 356 0200 00000000 		.word	0
 357 0204 00806740 		.word	1080524800
 358 0208 00000000 		.word	0
 359 020c 00006D40 		.word	1080885248
 360 0210 00000000 		.word	0
 361 0214 00807140 		.word	1081180160
 362 0218 00000000 		.word	0
 363 021c 00005640 		.word	1079377920
 364 0220 00000000 		.word	0
 365 0224 00806040 		.word	1080066048
 366 0228 00000000 		.word	0
 367 022c 0000F03F 		.word	1072693248
 368 0230 00000000 		.word	0
 369 0234 0000F03F 		.word	1072693248
 370 0238 00000000 		.word	0
 371 023c 0000F03F 		.word	1072693248
 372 0240 00000000 		.word	0
 373 0244 0000F03F 		.word	1072693248
 374 0248 00000000 		.word	0
 375 024c 0000F03F 		.word	1072693248
 376 0250 00000000 		.word	0
 377 0254 0000F03F 		.word	1072693248
 378 0258 00000000 		.word	0
 379 025c 0000F03F 		.word	1072693248
 380 0260 00000000 		.word	0
 381 0264 0000F03F 		.word	1072693248
 382 0268 00000000 		.word	0
 383 026c 0000F03F 		.word	1072693248
 384 0270 00000000 		.word	0
 385 0274 0000F03F 		.word	1072693248
 386 0278 00000000 		.word	0
 387 027c 0000F03F 		.word	1072693248
 388 0280 00000000 		.word	0
 389 0284 0000F03F 		.word	1072693248
 390 0288 00000000 		.word	0
 391 028c 0000F03F 		.word	1072693248
 392 0290 00000000 		.word	0
 393 0294 0000F03F 		.word	1072693248
 394 0298 00000000 		.word	0
 395 029c 0000F03F 		.word	1072693248
 396 02a0 00000000 		.word	0
 397 02a4 0000F03F 		.word	1072693248
 398 02a8 00000000 		.word	0
 399 02ac 0000F03F 		.word	1072693248
 400 02b0 00000000 		.word	0
 401 02b4 0000F03F 		.word	1072693248
 402 02b8 00000000 		.word	0
 403 02bc 0000F03F 		.word	1072693248
 404 02c0 00000000 		.word	0
 405 02c4 0000F03F 		.word	1072693248
 406 02c8 00000000 		.word	0
 407 02cc 0000F03F 		.word	1072693248
 408 02d0 00000000 		.word	0
 409 02d4 0000F03F 		.word	1072693248
 410 02d8 00000000 		.word	0
 411 02dc 0000F03F 		.word	1072693248
 412 02e0 00000000 		.word	0
 413 02e4 0000F03F 		.word	1072693248
 414 02e8 00000000 		.word	0
 415 02ec 00003040 		.word	1076887552
 416 02f0 00000000 		.word	0
 417 02f4 0000B03F 		.word	1068498944
 418 02f8 00000000 		.word	0
 419 02fc 00003040 		.word	1076887552
 420 0300 00000000 		.word	0
 421 0304 0000B03F 		.word	1068498944
 422 0308 00000000 		.word	0
 423 030c 00003040 		.word	1076887552
 424 0310 00000000 		.word	0
 425 0314 0000B03F 		.word	1068498944
 426 0318 00000000 		.word	0
 427 031c 00003040 		.word	1076887552
 428 0320 00000000 		.word	0
 429 0324 0000B03F 		.word	1068498944
 430 0328 00000000 		.word	0
 431 032c 00003040 		.word	1076887552
 432 0330 00000000 		.word	0
 433 0334 0000B03F 		.word	1068498944
 434 0338 00000000 		.word	0
 435 033c 00003040 		.word	1076887552
 436 0340 00000000 		.word	0
 437 0344 0000B03F 		.word	1068498944
 438 0348 00000000 		.word	0
 439 034c 00003040 		.word	1076887552
 440 0350 00000000 		.word	0
 441 0354 0000B03F 		.word	1068498944
 442 0358 00000000 		.word	0
 443 035c 00003040 		.word	1076887552
 444 0360 00000000 		.word	0
 445 0364 0000B03F 		.word	1068498944
 446 0368 00000000 		.word	0
 447 036c 00005040 		.word	1078984704
 448 0370 00000000 		.word	0
 449 0374 0000903F 		.word	1066401792
 450 0378 00000000 		.word	0
 451 037c 00005040 		.word	1078984704
 452 0380 00000000 		.word	0
 453 0384 0000903F 		.word	1066401792
 454 0388 00000000 		.word	0
 455 038c 00002040 		.word	1075838976
 456 0390 00000000 		.word	0
 457 0394 0000C03F 		.word	1069547520
 458 0398 00000000 		.word	0
 459 039c 00003040 		.word	1076887552
 460 03a0 00000000 		.word	0
 461 03a4 0000B03F 		.word	1068498944
 462 03a8 00000000 		.word	0
 463 03ac 00003040 		.word	1076887552
 464 03b0 00000000 		.word	0
 465 03b4 0000B03F 		.word	1068498944
 466 03b8 00000000 		.word	0
 467 03bc 00003040 		.word	1076887552
 468 03c0 00000000 		.word	0
 469 03c4 0000B03F 		.word	1068498944
 470 03c8 00000000 		.word	0
 471 03cc 00003040 		.word	1076887552
 472 03d0 00000000 		.word	0
 473 03d4 0000B03F 		.word	1068498944
 474 03d8 000000A0 		.word	-1610612736
 475 03dc 9999A93F 		.word	1068079513
 476 03e0 00000000 		.word	0
 477 03e4 0000903F 		.word	1066401792
 478 03e8 00000000 		.word	0
 479 03ec 00005040 		.word	1078984704
 480 03f0 00000000 		.word	0
 481 03f4 0000C03F 		.word	1069547520
 482 03f8 00000000 		.word	0
 483 03fc 00002040 		.word	1075838976
 484 0400 00000000 		.word	0
 485 0404 0000903F 		.word	1066401792
 486 0408 00000000 		.word	0
 487 040c 00005040 		.word	1078984704
 488 0410 00000000 		.word	0
 489 0414 0000B03F 		.word	1068498944
 490 0418 00000000 		.word	0
 491 041c 00003040 		.word	1076887552
 492 0420 00000000 		.word	0
 493 0424 0000B03F 		.word	1068498944
 494 0428 00000000 		.word	0
 495 042c 00003040 		.word	1076887552
 496 0430 00000000 		.word	0
 497 0434 0000B03F 		.word	1068498944
 498 0438 00000000 		.word	0
 499 043c 00003040 		.word	1076887552
 500 0440 00000000 		.word	0
 501 0444 0000B03F 		.word	1068498944
 502 0448 00000000 		.word	0
 503 044c 00003040 		.word	1076887552
 504 0450 00000000 		.word	0
 505 0454 00006940 		.word	1080623104
 506 0458 00000000 		.word	0
 507 045c 00806940 		.word	1080655872
 508 0460 00000000 		.word	0
 509 0464 00806A40 		.word	1080721408
 510 0468 00000000 		.word	0
 511 046c 00006A40 		.word	1080688640
 512 0470 00000000 		.word	0
 513 0474 00004640 		.word	1078329344
 514 0478 00000000 		.word	0
 515 047c 00004840 		.word	1078460416
 516 0480 00000000 		.word	0
 517 0484 00004A40 		.word	1078591488
 518 0488 00000000 		.word	0
 519 048c 00005940 		.word	1079574528
 520 0490 00000000 		.word	0
 521 0494 00005840 		.word	1079508992
 522 0498 00000000 		.word	0
 523 049c 00806240 		.word	1080197120
 524 04a0 00000000 		.word	0
 525 04a4 00006240 		.word	1080164352
 526 04a8 00000000 		.word	0
 527 04ac 00806840 		.word	1080590336
 528 04b0 00000000 		.word	0
 529 04b4 00006840 		.word	1080557568
 530 04b8 00000000 		.word	0
 531 04bc 00004440 		.word	1078198272
 532 04c0 00000000 		.word	0
 533 04c4 00806740 		.word	1080524800
 534 04c8 00000000 		.word	0
 535 04cc 00005740 		.word	1079443456
 536 04d0 00000000 		.word	0
 537 04d4 00806140 		.word	1080131584
 538 04d8 00000000 		.word	0
 539 04dc 00003040 		.word	1076887552
 540 04e0 00000000 		.word	0
 541 04e4 0000B03F 		.word	1068498944
 542 04e8 00000000 		.word	0
 543 04ec 00003040 		.word	1076887552
 544 04f0 00000000 		.word	0
 545 04f4 0000B03F 		.word	1068498944
 546 04f8 00000000 		.word	0
 547 04fc 00002040 		.word	1075838976
 548 0500 00000000 		.word	0
 549 0504 0000C03F 		.word	1069547520
 550 0508 00000000 		.word	0
 551 050c 00005040 		.word	1078984704
 552 0510 00000000 		.word	0
 553 0514 0000903F 		.word	1066401792
 554 0518 00000000 		.word	0
 555 051c 00005040 		.word	1078984704
 556 0520 00000000 		.word	0
 557 0524 0000903F 		.word	1066401792
 558 0528 00000000 		.word	0
 559 052c 0000F03F 		.word	1072693248
 560 0530 0000     		.short	0
 561 0532 00       		.byte	0
 562 0533 00       		.byte	0
 563 0534 00       		.byte	0
 564 0535 00       		.byte	0
 565 0536 00       		.byte	0
 566 0537 00       		.byte	0
 567 0538 00       		.byte	0
 568 0539 00       		.byte	0
 569 053a 00       		.byte	0
 570 053b 00       		.byte	0
 571 053c 00       		.byte	0
 572 053d 00       		.byte	0
 573 053e 00       		.byte	0
 574 053f 00       		.byte	0
 575 0540 00       		.byte	0
 576 0541 00       		.byte	0
 577 0542 00       		.byte	0
 578 0543 00       		.byte	0
 579 0544 00       		.byte	0
 580 0545 00       		.byte	0
 581 0546 00       		.byte	0
 582 0547 00       		.byte	0
 583 0548 00       		.byte	0
 584 0549 00       		.byte	0
 585 054a 00       		.byte	0
 586 054b 00       		.byte	0
 587 054c 00       		.byte	0
 588 054d 00       		.byte	0
 589 054e 00       		.byte	0
 590 054f 01       		.byte	1
 591 0550 00       		.byte	0
 592 0551 00       		.byte	0
 593 0552 01       		.byte	1
 594 0553 00000000 		.space	5
 594      00
 595 0558 00000000 		.word	0
 596 055c 000010C0 		.word	-1072693248
 597 0560 00000000 		.word	0
 598 0564 0000B03F 		.word	1068498944
 599 0568 00000000 		.word	0
 600 056c 00003040 		.word	1076887552
 601 0570 00000000 		.word	0
 602 0574 000008C0 		.word	-1073217536
 603 0578 00000000 		.word	0
 604 057c 0000C03F 		.word	1069547520
 605 0580 00000000 		.word	0
 606 0584 00002040 		.word	1075838976
 607 0588 00000000 		.word	0
 608 058c 000018C0 		.word	-1072168960
 609 0590 00000000 		.word	0
 610 0594 0000903F 		.word	1066401792
 611 0598 00000000 		.word	0
 612 059c 00005040 		.word	1078984704
 613 05a0 00000000 		.word	0
 614 05a4 000018C0 		.word	-1072168960
 615 05a8 00000000 		.word	0
 616 05ac 0000903F 		.word	1066401792
 617 05b0 00000000 		.word	0
 618 05b4 00005040 		.word	1078984704
 619 05b8 00000000 		.word	0
 620 05bc 000010C0 		.word	-1072693248
 621 05c0 00000000 		.word	0
 622 05c4 0000B03F 		.word	1068498944
 623 05c8 00000000 		.word	0
 624 05cc 00003040 		.word	1076887552
 625 05d0 01000000 		.word	1
 626 05d4 01000000 		.word	1
 627 05d8 01000000 		.word	1
 628 05dc 01000000 		.word	1
 629 05e0 00       		.byte	0
 630 05e1 00       		.byte	0
 631 05e2 00       		.byte	0
 632 05e3 00       		.byte	0
 633 05e4 00000000 		.space	4
 634 05e8 16000000 		.word	22
 635 05ec 16000000 		.word	22
 636 05f0 16000000 		.word	22
 637 05f4 16000000 		.word	22
 638 05f8 00       		.byte	0
 639 05f9 00       		.byte	0
 640 05fa 00       		.byte	0
 641 05fb 00       		.byte	0
 642 05fc 19000000 		.word	25
 643 0600 19000000 		.word	25
 644 0604 19000000 		.word	25
 645 0608 19000000 		.word	25
 646 060c 00       		.byte	0
 647 060d 00       		.byte	0
 648 060e 00       		.byte	0
 649 060f 00       		.byte	0
 650 0610 00       		.byte	0
 651 0611 00       		.byte	0
 652 0612 01       		.byte	1
 653 0613 00000000 		.space	5
 653      00
 654 0618 00000000 		.word	0
 655 061c 000010C0 		.word	-1072693248
 656 0620 00000000 		.word	0
 657 0624 0000B03F 		.word	1068498944
 658 0628 00000000 		.word	0
 659 062c 00003040 		.word	1076887552
 660 0630 00000000 		.word	0
 661 0634 000008C0 		.word	-1073217536
 662 0638 00000000 		.word	0
 663 063c 0000C03F 		.word	1069547520
 664 0640 00000000 		.word	0
 665 0644 00002040 		.word	1075838976
 666 0648 00000000 		.word	0
 667 064c 000018C0 		.word	-1072168960
 668 0650 00000000 		.word	0
 669 0654 0000903F 		.word	1066401792
 670 0658 00000000 		.word	0
 671 065c 00005040 		.word	1078984704
 672 0660 00000000 		.word	0
 673 0664 000018C0 		.word	-1072168960
 674 0668 00000000 		.word	0
 675 066c 0000903F 		.word	1066401792
 676 0670 00000000 		.word	0
 677 0674 00005040 		.word	1078984704
 678 0678 00000000 		.word	0
 679 067c 000010C0 		.word	-1072693248
 680 0680 00000000 		.word	0
 681 0684 0000B03F 		.word	1068498944
 682 0688 00000000 		.word	0
 683 068c 00003040 		.word	1076887552
 684 0690 01000000 		.word	1
 685 0694 01000000 		.word	1
 686 0698 01000000 		.word	1
 687 069c 01000000 		.word	1
 688 06a0 00       		.byte	0
 689 06a1 00       		.byte	0
 690 06a2 00       		.byte	0
 691 06a3 00       		.byte	0
 692 06a4 00000000 		.space	4
 693 06a8 00000000 		.word	0
 694 06ac 000010C0 		.word	-1072693248
 695 06b0 00000000 		.word	0
 696 06b4 0000B03F 		.word	1068498944
 697 06b8 00000000 		.word	0
 698 06bc 00003040 		.word	1076887552
 699 06c0 00000000 		.word	0
 700 06c4 000008C0 		.word	-1073217536
 701 06c8 00000000 		.word	0
 702 06cc 0000C03F 		.word	1069547520
 703 06d0 00000000 		.word	0
 704 06d4 00002040 		.word	1075838976
 705 06d8 00000000 		.word	0
 706 06dc 000018C0 		.word	-1072168960
 707 06e0 00000000 		.word	0
 708 06e4 0000903F 		.word	1066401792
 709 06e8 00000000 		.word	0
 710 06ec 00005040 		.word	1078984704
 711 06f0 00000000 		.word	0
 712 06f4 000018C0 		.word	-1072168960
 713 06f8 00000000 		.word	0
 714 06fc 0000903F 		.word	1066401792
 715 0700 00000000 		.word	0
 716 0704 00005040 		.word	1078984704
 717 0708 00000000 		.word	0
 718 070c 000010C0 		.word	-1072693248
 719 0710 00000000 		.word	0
 720 0714 0000B03F 		.word	1068498944
 721 0718 00000000 		.word	0
 722 071c 00003040 		.word	1076887552
 723 0720 01000000 		.word	1
 724 0724 01000000 		.word	1
 725 0728 01000000 		.word	1
 726 072c 01000000 		.word	1
 727 0730 00       		.byte	0
 728 0731 00       		.byte	0
 729 0732 00       		.byte	0
 730 0733 00       		.byte	0
 731 0734 00000000 		.space	4
 732 0738 15000000 		.word	21
 733 073c 15000000 		.word	21
 734 0740 15000000 		.word	21
 735 0744 15000000 		.word	21
 736 0748 00       		.byte	0
 737 0749 00       		.byte	0
 738 074a 00       		.byte	0
 739 074b 00       		.byte	0
 740 074c 00       		.byte	0
 741 074d 00       		.byte	0
 742 074e 01       		.byte	1
 743 074f 00       		.space	1
 744 0750 00000000 		.word	0
 745 0754 000010C0 		.word	-1072693248
 746 0758 00000000 		.word	0
 747 075c 0000B03F 		.word	1068498944
 748 0760 00000000 		.word	0
 749 0764 00003040 		.word	1076887552
 750 0768 00000000 		.word	0
 751 076c 000008C0 		.word	-1073217536
 752 0770 00000000 		.word	0
 753 0774 0000C03F 		.word	1069547520
 754 0778 00000000 		.word	0
 755 077c 00002040 		.word	1075838976
 756 0780 00000000 		.word	0
 757 0784 000018C0 		.word	-1072168960
 758 0788 00000000 		.word	0
 759 078c 0000903F 		.word	1066401792
 760 0790 00000000 		.word	0
 761 0794 00005040 		.word	1078984704
 762 0798 00000000 		.word	0
 763 079c 000018C0 		.word	-1072168960
 764 07a0 00000000 		.word	0
 765 07a4 0000903F 		.word	1066401792
 766 07a8 00000000 		.word	0
 767 07ac 00005040 		.word	1078984704
 768 07b0 00000000 		.word	0
 769 07b4 000010C0 		.word	-1072693248
 770 07b8 00000000 		.word	0
 771 07bc 0000B03F 		.word	1068498944
 772 07c0 00000000 		.word	0
 773 07c4 00003040 		.word	1076887552
 774 07c8 01000000 		.word	1
 775 07cc 01000000 		.word	1
 776 07d0 01000000 		.word	1
 777 07d4 01000000 		.word	1
 778 07d8 00       		.byte	0
 779 07d9 00       		.byte	0
 780 07da 00       		.byte	0
 781 07db 00       		.byte	0
 782 07dc 00000000 		.space	4
 783 07e0 00000000 		.word	0
 784 07e4 000010C0 		.word	-1072693248
 785 07e8 00000000 		.word	0
 786 07ec 0000B03F 		.word	1068498944
 787 07f0 00000000 		.word	0
 788 07f4 00003040 		.word	1076887552
 789 07f8 00000000 		.word	0
 790 07fc 000008C0 		.word	-1073217536
 791 0800 00000000 		.word	0
 792 0804 0000C03F 		.word	1069547520
 793 0808 00000000 		.word	0
 794 080c 00002040 		.word	1075838976
 795 0810 00000000 		.word	0
 796 0814 000018C0 		.word	-1072168960
 797 0818 00000000 		.word	0
 798 081c 0000903F 		.word	1066401792
 799 0820 00000000 		.word	0
 800 0824 00005040 		.word	1078984704
 801 0828 00000000 		.word	0
 802 082c 000018C0 		.word	-1072168960
 803 0830 00000000 		.word	0
 804 0834 0000903F 		.word	1066401792
 805 0838 00000000 		.word	0
 806 083c 00005040 		.word	1078984704
 807 0840 00000000 		.word	0
 808 0844 000010C0 		.word	-1072693248
 809 0848 00000000 		.word	0
 810 084c 0000B03F 		.word	1068498944
 811 0850 00000000 		.word	0
 812 0854 00003040 		.word	1076887552
 813 0858 01000000 		.word	1
 814 085c 01000000 		.word	1
 815 0860 01000000 		.word	1
 816 0864 01000000 		.word	1
 817 0868 00       		.byte	0
 818 0869 00       		.byte	0
 819 086a 00       		.byte	0
 820 086b 00       		.byte	0
 821 086c 15000000 		.word	21
 822 0870 15000000 		.word	21
 823 0874 15000000 		.word	21
 824 0878 15000000 		.word	21
 825 087c 00       		.byte	0
 826 087d 00       		.byte	0
 827 087e 00       		.byte	0
 828 087f 00       		.byte	0
 829 0880 16000000 		.word	22
 830 0884 16000000 		.word	22
 831 0888 16000000 		.word	22
 832 088c 16000000 		.word	22
 833 0890 00       		.byte	0
 834 0891 00       		.byte	0
 835 0892 00       		.byte	0
 836 0893 00       		.byte	0
 837 0894 19000000 		.word	25
 838 0898 19000000 		.word	25
 839 089c 19000000 		.word	25
 840 08a0 19000000 		.word	25
 841 08a4 00       		.byte	0
 842 08a5 00       		.byte	0
 843 08a6 00       		.byte	0
 844 08a7 00       		.byte	0
 845 08a8 00000000 		.word	0
 846 08ac 000010C0 		.word	-1072693248
 847 08b0 00000000 		.word	0
 848 08b4 0000B03F 		.word	1068498944
 849 08b8 00000000 		.word	0
 850 08bc 00003040 		.word	1076887552
 851 08c0 00000000 		.word	0
 852 08c4 000010C0 		.word	-1072693248
 853 08c8 00000000 		.word	0
 854 08cc 0000B03F 		.word	1068498944
 855 08d0 00000000 		.word	0
 856 08d4 00003040 		.word	1076887552
 857 08d8 00000000 		.word	0
 858 08dc 000010C0 		.word	-1072693248
 859 08e0 00000000 		.word	0
 860 08e4 0000B03F 		.word	1068498944
 861 08e8 00000000 		.word	0
 862 08ec 00003040 		.word	1076887552
 863 08f0 00000000 		.word	0
 864 08f4 000010C0 		.word	-1072693248
 865 08f8 00000000 		.word	0
 866 08fc 0000B03F 		.word	1068498944
 867 0900 00000000 		.word	0
 868 0904 00003040 		.word	1076887552
 869 0908 18000000 		.word	24
 870 090c 18000000 		.word	24
 871 0910 18000000 		.word	24
 872 0914 18000000 		.word	24
 873 0918 00       		.byte	0
 874 0919 00       		.byte	0
 875 091a 00       		.byte	0
 876 091b 00       		.byte	0
 877 091c 00000000 		.space	4
 878 0920 00000000 		.word	0
 879 0924 000010C0 		.word	-1072693248
 880 0928 00000000 		.word	0
 881 092c 0000B03F 		.word	1068498944
 882 0930 00000000 		.word	0
 883 0934 00003040 		.word	1076887552
 884 0938 00000000 		.word	0
 885 093c 000010C0 		.word	-1072693248
 886 0940 00000000 		.word	0
 887 0944 0000B03F 		.word	1068498944
 888 0948 00000000 		.word	0
 889 094c 00003040 		.word	1076887552
 890 0950 00000000 		.word	0
 891 0954 000010C0 		.word	-1072693248
 892 0958 00000000 		.word	0
 893 095c 0000B03F 		.word	1068498944
 894 0960 00000000 		.word	0
 895 0964 00003040 		.word	1076887552
 896 0968 00000000 		.word	0
 897 096c 000010C0 		.word	-1072693248
 898 0970 00000000 		.word	0
 899 0974 0000B03F 		.word	1068498944
 900 0978 00000000 		.word	0
 901 097c 00003040 		.word	1076887552
 902 0980 17000000 		.word	23
 903 0984 17000000 		.word	23
 904 0988 17000000 		.word	23
 905 098c 17000000 		.word	23
 906 0990 00       		.byte	0
 907 0991 00       		.byte	0
 908 0992 00       		.byte	0
 909 0993 00       		.byte	0
 910 0994 0D000000 		.word	13
 911 0998 0D000000 		.word	13
 912 099c 0D000000 		.word	13
 913 09a0 0D000000 		.word	13
 914 09a4 00       		.byte	0
 915 09a5 00       		.byte	0
 916 09a6 00       		.byte	0
 917 09a7 00       		.byte	0
 918 09a8 0C000000 		.word	12
 919 09ac 0C000000 		.word	12
 920 09b0 0C000000 		.word	12
 921 09b4 0C000000 		.word	12
 922 09b8 00       		.byte	0
 923 09b9 00       		.byte	0
 924 09ba 00       		.byte	0
 925 09bb 00       		.byte	0
 926 09bc 0B000000 		.word	11
 927 09c0 0B000000 		.word	11
 928 09c4 0B000000 		.word	11
 929 09c8 0B000000 		.word	11
 930 09cc 00       		.byte	0
 931 09cd 00       		.byte	0
 932 09ce 00       		.byte	0
 933 09cf 00       		.byte	0
 934 09d0 00000000 		.word	0
 935 09d4 000010C0 		.word	-1072693248
 936 09d8 00000000 		.word	0
 937 09dc 0000B03F 		.word	1068498944
 938 09e0 00000000 		.word	0
 939 09e4 00003040 		.word	1076887552
 940 09e8 00000000 		.word	0
 941 09ec 000008C0 		.word	-1073217536
 942 09f0 00000000 		.word	0
 943 09f4 0000C03F 		.word	1069547520
 944 09f8 00000000 		.word	0
 945 09fc 00002040 		.word	1075838976
 946 0a00 00000000 		.word	0
 947 0a04 000018C0 		.word	-1072168960
 948 0a08 00000000 		.word	0
 949 0a0c 0000903F 		.word	1066401792
 950 0a10 00000000 		.word	0
 951 0a14 00005040 		.word	1078984704
 952 0a18 00000000 		.word	0
 953 0a1c 000018C0 		.word	-1072168960
 954 0a20 00000000 		.word	0
 955 0a24 0000903F 		.word	1066401792
 956 0a28 00000000 		.word	0
 957 0a2c 00005040 		.word	1078984704
 958 0a30 00000000 		.word	0
 959 0a34 000010C0 		.word	-1072693248
 960 0a38 00000000 		.word	0
 961 0a3c 0000B03F 		.word	1068498944
 962 0a40 00000000 		.word	0
 963 0a44 00003040 		.word	1076887552
 964 0a48 01000000 		.word	1
 965 0a4c 01000000 		.word	1
 966 0a50 01000000 		.word	1
 967 0a54 01000000 		.word	1
 968 0a58 00       		.byte	0
 969 0a59 00       		.byte	0
 970 0a5a 00       		.byte	0
 971 0a5b 00       		.byte	0
 972 0a5c 00000000 		.space	4
 973              		.text
 974              	.Letext0:
 975              		.file 1 "c:\\program files (x86)\\gnu tools arm embedded\\5.4 2016q2\\arm-none-eabi\\include\\mach
 976              		.file 2 "rtwtypes.h"
 977              		.file 3 "c:\\program files (x86)\\gnu tools arm embedded\\5.4 2016q2\\arm-none-eabi\\include\\sys\
 978              		.file 4 "HANcoder_E407_TTA_Controller_v3.h"
 979              		.file 5 "../blockset/rtw/STM32/inc/STM32_E407/core_cm4.h"
 980              		.file 6 "HANcoder_E407_TTA_Controller_v3_data.c"
DEFINED SYMBOLS
                            *ABS*:00000000 HANcoder_E407_TTA_Controller_v3_data.c
C:\Users\KKUIJP~1\AppData\Local\Temp\ccx25iaa.s:26     .rodata.rtConstP:00000000 rtConstP
C:\Users\KKUIJP~1\AppData\Local\Temp\ccx25iaa.s:227    .rodata.rtConstB:00000000 rtConstB
C:\Users\KKUIJP~1\AppData\Local\Temp\ccx25iaa.s:23     .rodata.rtConstP:00000000 $d
C:\Users\KKUIJP~1\AppData\Local\Temp\ccx25iaa.s:224    .rodata.rtConstB:00000000 $d

NO UNDEFINED SYMBOLS
