COMM_Phase1 

COMM_Phase2 

COMM_Phase_init1 

COMM_Phase_init2 

delta_a_set 

delta_f_set 

script_run 

speed_k_d 

speed_k_i 

speed_k_p 

torque_a_k_d 

torque_a_k_i 

torque_a_k_p 

torque_f_k_d 

torque_f_k_i 

torque_f_k_p 

v_set 

HANtuneOverride 

simulation_time
script_run_s
Board_ID_s
SI_FreeHeap
SI_FreeStack
local_ticks_interrupt
SI_CPUload
LedValue
Master_ID_vem_s
Role_ID_vem_s
sync_bc1_miss_counter_vem
sync_bc0_miss_counter_vem
outcont_miss_counter_vem
msg_count_DEBUG_vem_s
Desync_Sync_bc1_vem_s
v_est_vem_s
theta_fr_s
theta_fl_s
theta_ar_s
theta_al_s
Desync_Sync_bc0_vem_s
Master_ID_ing_s
Role_ID_ing_s
sync_bc1_miss_counter_ing
sync_bc0_miss_counter_ing
msg_count_DEBUG_ing_s
Desync_Sync_bc1_ing_s
v_set_s
Desync_Sync_bc0_ing_s
Master_ID_s
Role_ID_s
sync_bc0_miss_counter_s
sync_bc1_miss_counter_s
set_miss_counter_s
sensor_miss_counter_s
out1_miss_counter_s
out2_miss_counter_s
votes_Board_1_DEBUG
votes_Board_2_DEBUG
votes_Board_3_DEBUG
Board_1_error_counter_s
Board_2_error_counter_s
Board_3_error_counter_s
msg_count_DEBUG_s
torque_fr_set_out_s
torque_fl_set_out_s
torque_ar_set_out_s
torque_al_set_out_s
torque_fr_out2_s
torque_fl_out2_s
torque_ar_out2_s
torque_al_out2_s
torque_fr_out1_s
torque_fl_out1_s
torque_ar_out1_s
torque_al_out1_s
Desync_Sync_bc1_s
mc_counter_s
rx_data_incr_time_s
theta_fr_stored_s
theta_fl_stored_s
theta_ar_stored_s
theta_al_stored_s
v_est_s
v_integral_s
v_ctreff_s
torque_fr_set_s
torque_fl_set_s
torque_ar_set_s
torque_al_set_s
Desync_Sync_bc0_s
TM1_timeout_counter_s
TM2_timeout_counter_s
TM3_timeout_counter_s
Rx_init_LT
TMR_miss1_set
TMR_miss2_set
TMR_miss1_sensor
TMR_miss2_sensor
error_log1_s
tau_fr1_disagree_s
tau_fl1_disagree_s
tau_ar1_disagree_s
tau_al1_disagree_s
tau_fr2_disagree_s
tau_fl2_disagree_s
tau_ar2_disagree_s
tau_al2_disagree_s
error_log2_s
tau_fr_disagree_s
tau_fl_disagree_s
tau_ar_disagree_s
tau_al_disagree_s
error_log3_s
Vote_s
Rx_init_id
Rx_init_mc
Rx_init_bc
bacic_cycle_s
BC1_sync_processed_vem__s
BC0_sync_processed_vem__s
new_sensor_rx_vem_s
reset_vem_s
BC1_sync_processed_ing_s
BC0_sync_processed_ing_s
reset_ing_s
BC1_sync_processed_s
BC0_sync_processed_s
BC0_vote1_processed_s
BC0_vote2_processed_s
BC0_vote3_processed_s
TMR_miss_set
TMR_miss_sensor
TMR_miss_out1
TMR_miss_out2
new_set_rx_s
new_sensor_rx_s
out2_rx_s
out1_rx_s
reset_s
Tx_temporal_msg_CAN2
TxCAN2_counter_s
TxID_CAN2_s
Rx_temporal_msg_CAN2
RxCAN2_counter_s
RxID_CAN2_s
Rx_msg_ticks_CAN2
Rx_temporal_msg_CAN1
RxCAN1_counter_s
RxID_CAN1_s
Rx_msg_ticks_CAN1
Tx_temporal_msg_CAN1
TxCAN1_counter_s
TxID_CAN1_s
