   1              		.syntax unified
   2              		.cpu cortex-m4
   3              		.eabi_attribute 27, 1
   4              		.fpu fpv4-sp-d16
   5              		.eabi_attribute 20, 1
   6              		.eabi_attribute 21, 1
   7              		.eabi_attribute 23, 3
   8              		.eabi_attribute 24, 1
   9              		.eabi_attribute 25, 1
  10              		.eabi_attribute 26, 1
  11              		.eabi_attribute 30, 2
  12              		.eabi_attribute 34, 1
  13              		.eabi_attribute 18, 4
  14              		.thumb
  15              		.syntax unified
  16              		.file	"HANcoder_E407_TTA_Controller_v4_6_data.c"
  17              		.text
  18              	.Ltext0:
  19              		.cfi_sections	.debug_frame
  20              		.global	rtConstP
  21              		.global	rtConstB
  22              		.section	.rodata.rtConstP,"a",%progbits
  23              		.align	3
  26              	rtConstP:
  27 0000 00000000 		.word	0
  28 0004 00000000 		.word	0
  29 0008 00000000 		.word	0
  30 000c 00004440 		.word	1078198272
  31 0010 00000000 		.word	0
  32 0014 00004640 		.word	1078329344
  33 0018 00000000 		.word	0
  34 001c 00004740 		.word	1078394880
  35 0020 00000000 		.word	0
  36 0024 00004840 		.word	1078460416
  37 0028 00000000 		.word	0
  38 002c 00004940 		.word	1078525952
  39 0030 00000000 		.word	0
  40 0034 00004A40 		.word	1078591488
  41 0038 00000000 		.word	0
  42 003c 00005740 		.word	1079443456
  43 0040 00000000 		.word	0
  44 0044 00005840 		.word	1079508992
  45 0048 00000000 		.word	0
  46 004c 00005940 		.word	1079574528
  47 0050 00000000 		.word	0
  48 0054 00806140 		.word	1080131584
  49 0058 00000000 		.word	0
  50 005c 00C06140 		.word	1080147968
  51 0060 00000000 		.word	0
  52 0064 00006240 		.word	1080164352
  53 0068 00000000 		.word	0
  54 006c 00806240 		.word	1080197120
  55 0070 00000000 		.word	0
  56 0074 00806740 		.word	1080524800
  57 0078 00000000 		.word	0
  58 007c 00006840 		.word	1080557568
  59 0080 00000000 		.word	0
  60 0084 00806840 		.word	1080590336
  61 0088 00000000 		.word	0
  62 008c 00006940 		.word	1080623104
  63 0090 00000000 		.word	0
  64 0094 00806940 		.word	1080655872
  65 0098 00000000 		.word	0
  66 009c 00006A40 		.word	1080688640
  67 00a0 00000000 		.word	0
  68 00a4 00000000 		.word	0
  69 00a8 00000000 		.word	0
  70 00ac 00004440 		.word	1078198272
  71 00b0 00000000 		.word	0
  72 00b4 00004640 		.word	1078329344
  73 00b8 00000000 		.word	0
  74 00bc 00004740 		.word	1078394880
  75 00c0 00000000 		.word	0
  76 00c4 00004840 		.word	1078460416
  77 00c8 00000000 		.word	0
  78 00cc 00005640 		.word	1079377920
  79 00d0 00000000 		.word	0
  80 00d4 00805640 		.word	1079410688
  81 00d8 00000000 		.word	0
  82 00dc 00005740 		.word	1079443456
  83 00e0 00000000 		.word	0
  84 00e4 00806040 		.word	1080066048
  85 00e8 00000000 		.word	0
  86 00ec 00C06040 		.word	1080082432
  87 00f0 00000000 		.word	0
  88 00f4 00006140 		.word	1080098816
  89 00f8 00000000 		.word	0
  90 00fc 00806140 		.word	1080131584
  91 0100 00000000 		.word	0
  92 0104 00006240 		.word	1080164352
  93 0108 00000000 		.word	0
  94 010c 00806240 		.word	1080197120
  95 0110 00000000 		.word	0
  96 0114 00806740 		.word	1080524800
  97 0118 00000000 		.word	0
  98 011c 00006840 		.word	1080557568
  99 0120 00000000 		.word	0
 100 0124 00006D40 		.word	1080885248
 101 0128 00000000 		.word	0
 102 012c 00007140 		.word	1081147392
 103 0130 00000000 		.word	0
 104 0134 00407140 		.word	1081163776
 105 0138 00000000 		.word	0
 106 013c 00507140 		.word	1081167872
 107 0140 00000000 		.word	0
 108 0144 00707140 		.word	1081176064
 109 0148 00000000 		.word	0
 110 014c 00807140 		.word	1081180160
 111 0150 00000000 		.word	0
 112 0154 00007440 		.word	1081344000
 113 0158 00000000 		.word	0
 114 015c 00207440 		.word	1081352192
 115 0160 00000000 		.word	0
 116 0164 00407440 		.word	1081360384
 117 0168 00000000 		.word	0
 118 016c 00807440 		.word	1081376768
 119 0170 00000000 		.word	0
 120 0174 00A07440 		.word	1081384960
 121 0178 00000000 		.word	0
 122 017c 00000000 		.word	0
 123 0180 00000000 		.word	0
 124 0184 0000F03F 		.word	1072693248
 125 0188 00000000 		.word	0
 126 018c 0000F03F 		.word	1072693248
 127 0190 00000000 		.word	0
 128 0194 0000F03F 		.word	1072693248
 129 0198 00000000 		.word	0
 130 019c 0000F03F 		.word	1072693248
 131 01a0 00000000 		.word	0
 132 01a4 0000F03F 		.word	1072693248
 133 01a8 00000000 		.word	0
 134 01ac 00000000 		.word	0
 135 01b0 00000000 		.word	0
 136 01b4 0000F03F 		.word	1072693248
 137 01b8 00000000 		.word	0
 138 01bc 0000F03F 		.word	1072693248
 139 01c0 00000000 		.word	0
 140 01c4 00000000 		.word	0
 141 01c8 00000000 		.word	0
 142 01cc 0000F03F 		.word	1072693248
 143 01d0 00000000 		.word	0
 144 01d4 0000F03F 		.word	1072693248
 145 01d8 00000000 		.word	0
 146 01dc 0000F03F 		.word	1072693248
 147 01e0 00000000 		.word	0
 148 01e4 00000000 		.word	0
 149 01e8 00000000 		.word	0
 150 01ec 0000F03F 		.word	1072693248
 151 01f0 00000000 		.word	0
 152 01f4 0000F03F 		.word	1072693248
 153 01f8 00000000 		.word	0
 154 01fc 0000F03F 		.word	1072693248
 155 0200 00000000 		.word	0
 156 0204 0000F03F 		.word	1072693248
 157 0208 00000000 		.word	0
 158 020c 0000F03F 		.word	1072693248
 159 0210 00000000 		.word	0
 160 0214 0000F03F 		.word	1072693248
 161 0218 00000000 		.word	0
 162 021c 00000000 		.word	0
 163 0220 00000000 		.word	0
 164 0224 0000F03F 		.word	1072693248
 165 0228 00000000 		.word	0
 166 022c 0000F03F 		.word	1072693248
 167 0230 00000000 		.word	0
 168 0234 0000F03F 		.word	1072693248
 169 0238 00000000 		.word	0
 170 023c 00000000 		.word	0
 171 0240 00000000 		.word	0
 172 0244 0000F03F 		.word	1072693248
 173 0248 00000000 		.word	0
 174 024c 0000F03F 		.word	1072693248
 175 0250 00000000 		.word	0
 176 0254 00000000 		.word	0
 177 0258 00000000 		.word	0
 178 025c 0000F03F 		.word	1072693248
 179 0260 00000000 		.word	0
 180 0264 0000F03F 		.word	1072693248
 181 0268 00000000 		.word	0
 182 026c 0000F03F 		.word	1072693248
 183 0270 00000000 		.word	0
 184 0274 0000F03F 		.word	1072693248
 185 0278 00000000 		.word	0
 186 027c 0000F03F 		.word	1072693248
 187 0280 00000000 		.word	0
 188 0284 00000000 		.word	0
 189 0288 00000000 		.word	0
 190 028c 0000F03F 		.word	1072693248
 191 0290 00000000 		.word	0
 192 0294 00000000 		.word	0
 193 0298 00000000 		.word	0
 194 029c 0000F03F 		.word	1072693248
 195 02a0 00000000 		.word	0
 196 02a4 00000000 		.word	0
 197 02a8 00000000 		.word	0
 198 02ac 0000F03F 		.word	1072693248
 199 02b0 00000000 		.word	0
 200 02b4 0000F03F 		.word	1072693248
 201 02b8 00000000 		.word	0
 202 02bc 0000F03F 		.word	1072693248
 203 02c0 00000000 		.word	0
 204 02c4 00000000 		.word	0
 205 02c8 00000000 		.word	0
 206 02cc 0000F03F 		.word	1072693248
 207 02d0 00000000 		.word	0
 208 02d4 0000F03F 		.word	1072693248
 209 02d8 00000000 		.word	0
 210 02dc 0000F03F 		.word	1072693248
 211 02e0 00000000 		.word	0
 212 02e4 0000F03F 		.word	1072693248
 213 02e8 00000000 		.word	0
 214 02ec 0000F03F 		.word	1072693248
 215 02f0 00       		.byte	0
 216 02f1 00       		.byte	0
 217 02f2 01       		.byte	1
 218 02f3 01       		.byte	1
 219 02f4 01       		.byte	1
 220 02f5 00       		.byte	0
 221 02f6 01       		.byte	1
 222 02f7 00       		.byte	0
 223 02f8 01       		.byte	1
 224 02f9 01       		.byte	1
 225 02fa 00       		.byte	0
 226 02fb 00       		.byte	0
 227 02fc 00       		.byte	0
 228 02fd 01       		.byte	1
 229 02fe 00       		.byte	0
 230 02ff 01       		.byte	1
 231              		.section	.rodata.rtConstB,"a",%progbits
 232              		.align	3
 235              	rtConstB:
 236 0000 00000000 		.word	0
 237 0004 00C07440 		.word	1081393152
 238 0008 00000000 		.word	0
 239 000c 00407440 		.word	1081360384
 240 0010 00000000 		.word	0
 241 0014 00006140 		.word	1080098816
 242 0018 00000000 		.word	0
 243 001c 00004640 		.word	1078329344
 244 0020 00000000 		.word	0
 245 0024 00004840 		.word	1078460416
 246 0028 00000000 		.word	0
 247 002c 00004440 		.word	1078198272
 248 0030 00000000 		.word	0
 249 0034 00007440 		.word	1081344000
 250 0038 00000000 		.word	0
 251 003c 00806040 		.word	1080066048
 252 0040 00000020 		.word	536870912
 253 0044 51DAAB3F 		.word	1068227153
 254 0048 00000000 		.word	0
 255 004c 00003040 		.word	1076887552
 256 0050 00000000 		.word	0
 257 0054 0000B03F 		.word	1068498944
 258 0058 00000000 		.word	0
 259 005c 00003040 		.word	1076887552
 260 0060 00000000 		.word	0
 261 0064 0000B03F 		.word	1068498944
 262 0068 00000000 		.word	0
 263 006c 00003040 		.word	1076887552
 264 0070 00000000 		.word	0
 265 0074 0000B03F 		.word	1068498944
 266 0078 00000000 		.word	0
 267 007c 00003040 		.word	1076887552
 268 0080 00000000 		.word	0
 269 0084 0000B03F 		.word	1068498944
 270 0088 00000000 		.word	0
 271 008c 0000B03F 		.word	1068498944
 272 0090 00000000 		.word	0
 273 0094 00003040 		.word	1076887552
 274 0098 00000000 		.word	0
 275 009c 0000B03F 		.word	1068498944
 276 00a0 00000000 		.word	0
 277 00a4 00003040 		.word	1076887552
 278 00a8 00000000 		.word	0
 279 00ac 0000B03F 		.word	1068498944
 280 00b0 00000000 		.word	0
 281 00b4 00003040 		.word	1076887552
 282 00b8 00000000 		.word	0
 283 00bc 0000B03F 		.word	1068498944
 284 00c0 00000000 		.word	0
 285 00c4 00003040 		.word	1076887552
 286 00c8 00000000 		.word	0
 287 00cc 00006240 		.word	1080164352
 288 00d0 00000000 		.word	0
 289 00d4 00006A40 		.word	1080688640
 290 00d8 00000000 		.word	0
 291 00dc 00004640 		.word	1078329344
 292 00e0 00000000 		.word	0
 293 00e4 00004840 		.word	1078460416
 294 00e8 00000000 		.word	0
 295 00ec 00005940 		.word	1079574528
 296 00f0 00000000 		.word	0
 297 00f4 00004A40 		.word	1078591488
 298 00f8 00000000 		.word	0
 299 00fc 00005840 		.word	1079508992
 300 0100 00000000 		.word	0
 301 0104 00004440 		.word	1078198272
 302 0108 00000000 		.word	0
 303 010c 00006140 		.word	1080098816
 304 0110 00000000 		.word	0
 305 0114 00C07440 		.word	1081393152
 306 0118 00000000 		.word	0
 307 011c 00005740 		.word	1079443456
 308 0120 00000000 		.word	0
 309 0124 00004640 		.word	1078329344
 310 0128 00000000 		.word	0
 311 012c 00004840 		.word	1078460416
 312 0130 00000000 		.word	0
 313 0134 00004440 		.word	1078198272
 314 0138 00000000 		.word	0
 315 013c 00005640 		.word	1079377920
 316 0140 00000000 		.word	0
 317 0144 0000903F 		.word	1066401792
 318 0148 00000000 		.word	0
 319 014c 00005040 		.word	1078984704
 320 0150 00000000 		.word	0
 321 0154 0000C03F 		.word	1069547520
 322 0158 00000000 		.word	0
 323 015c 00002040 		.word	1075838976
 324 0160 00000000 		.word	0
 325 0164 0000903F 		.word	1066401792
 326 0168 00000000 		.word	0
 327 016c 00005040 		.word	1078984704
 328 0170 00000000 		.word	0
 329 0174 00004A40 		.word	1078591488
 330 0178 00000000 		.word	0
 331 017c 00006A40 		.word	1080688640
 332 0180 00000000 		.word	0
 333 0184 00004640 		.word	1078329344
 334 0188 00000000 		.word	0
 335 018c 00004840 		.word	1078460416
 336 0190 00000000 		.word	0
 337 0194 00004440 		.word	1078198272
 338 0198 00000000 		.word	0
 339 019c 00806240 		.word	1080197120
 340 01a0 00000000 		.word	0
 341 01a4 00806140 		.word	1080131584
 342 01a8 00000000 		.word	0
 343 01ac 00006240 		.word	1080164352
 344 01b0 00000000 		.word	0
 345 01b4 00C07440 		.word	1081393152
 346 01b8 00000000 		.word	0
 347 01bc 00006840 		.word	1080557568
 348 01c0 00000000 		.word	0
 349 01c4 00806D40 		.word	1080918016
 350 01c8 00000000 		.word	0
 351 01cc 00407440 		.word	1081360384
 352 01d0 00000000 		.word	0
 353 01d4 00006140 		.word	1080098816
 354 01d8 00000000 		.word	0
 355 01dc 00005740 		.word	1079443456
 356 01e0 00000000 		.word	0
 357 01e4 00004640 		.word	1078329344
 358 01e8 00000000 		.word	0
 359 01ec 00807140 		.word	1081180160
 360 01f0 00000000 		.word	0
 361 01f4 00004840 		.word	1078460416
 362 01f8 00000000 		.word	0
 363 01fc 00004440 		.word	1078198272
 364 0200 00000000 		.word	0
 365 0204 00806740 		.word	1080524800
 366 0208 00000000 		.word	0
 367 020c 00006D40 		.word	1080885248
 368 0210 00000000 		.word	0
 369 0214 00007440 		.word	1081344000
 370 0218 00000000 		.word	0
 371 021c 00807340 		.word	1081311232
 372 0220 00000000 		.word	0
 373 0224 00005640 		.word	1079377920
 374 0228 00000000 		.word	0
 375 022c 00806040 		.word	1080066048
 376 0230 00000000 		.word	0
 377 0234 0000F03F 		.word	1072693248
 378 0238 00000000 		.word	0
 379 023c 0000F03F 		.word	1072693248
 380 0240 00000000 		.word	0
 381 0244 0000F03F 		.word	1072693248
 382 0248 00000000 		.word	0
 383 024c 0000F03F 		.word	1072693248
 384 0250 00000000 		.word	0
 385 0254 0000F03F 		.word	1072693248
 386 0258 00000000 		.word	0
 387 025c 0000F03F 		.word	1072693248
 388 0260 00000000 		.word	0
 389 0264 0000F03F 		.word	1072693248
 390 0268 00000000 		.word	0
 391 026c 0000F03F 		.word	1072693248
 392 0270 00000000 		.word	0
 393 0274 0000F03F 		.word	1072693248
 394 0278 00000000 		.word	0
 395 027c 0000F03F 		.word	1072693248
 396 0280 00000000 		.word	0
 397 0284 0000F03F 		.word	1072693248
 398 0288 00000000 		.word	0
 399 028c 0000F03F 		.word	1072693248
 400 0290 00000000 		.word	0
 401 0294 0000F03F 		.word	1072693248
 402 0298 00000000 		.word	0
 403 029c 0000F03F 		.word	1072693248
 404 02a0 00000000 		.word	0
 405 02a4 0000F03F 		.word	1072693248
 406 02a8 00000000 		.word	0
 407 02ac 0000F03F 		.word	1072693248
 408 02b0 00000000 		.word	0
 409 02b4 0000F03F 		.word	1072693248
 410 02b8 00000000 		.word	0
 411 02bc 0000F03F 		.word	1072693248
 412 02c0 00000000 		.word	0
 413 02c4 0000F03F 		.word	1072693248
 414 02c8 00000000 		.word	0
 415 02cc 0000F03F 		.word	1072693248
 416 02d0 00000000 		.word	0
 417 02d4 0000F03F 		.word	1072693248
 418 02d8 00000000 		.word	0
 419 02dc 0000F03F 		.word	1072693248
 420 02e0 00000000 		.word	0
 421 02e4 0000F03F 		.word	1072693248
 422 02e8 00000000 		.word	0
 423 02ec 0000F03F 		.word	1072693248
 424 02f0 00000000 		.word	0
 425 02f4 00003040 		.word	1076887552
 426 02f8 00000000 		.word	0
 427 02fc 0000B03F 		.word	1068498944
 428 0300 00000000 		.word	0
 429 0304 00003040 		.word	1076887552
 430 0308 00000000 		.word	0
 431 030c 0000B03F 		.word	1068498944
 432 0310 00000000 		.word	0
 433 0314 00003040 		.word	1076887552
 434 0318 00000000 		.word	0
 435 031c 0000B03F 		.word	1068498944
 436 0320 00000000 		.word	0
 437 0324 00003040 		.word	1076887552
 438 0328 00000000 		.word	0
 439 032c 0000B03F 		.word	1068498944
 440 0330 00000000 		.word	0
 441 0334 00003040 		.word	1076887552
 442 0338 00000000 		.word	0
 443 033c 0000B03F 		.word	1068498944
 444 0340 00000000 		.word	0
 445 0344 00003040 		.word	1076887552
 446 0348 00000000 		.word	0
 447 034c 0000B03F 		.word	1068498944
 448 0350 00000000 		.word	0
 449 0354 00003040 		.word	1076887552
 450 0358 00000000 		.word	0
 451 035c 0000B03F 		.word	1068498944
 452 0360 00000000 		.word	0
 453 0364 00003040 		.word	1076887552
 454 0368 00000000 		.word	0
 455 036c 0000B03F 		.word	1068498944
 456 0370 00000000 		.word	0
 457 0374 00005040 		.word	1078984704
 458 0378 00000000 		.word	0
 459 037c 0000903F 		.word	1066401792
 460 0380 00000000 		.word	0
 461 0384 00005040 		.word	1078984704
 462 0388 00000000 		.word	0
 463 038c 0000903F 		.word	1066401792
 464 0390 00000000 		.word	0
 465 0394 00002040 		.word	1075838976
 466 0398 00000000 		.word	0
 467 039c 0000C03F 		.word	1069547520
 468 03a0 00000000 		.word	0
 469 03a4 00003040 		.word	1076887552
 470 03a8 00000000 		.word	0
 471 03ac 0000B03F 		.word	1068498944
 472 03b0 00000000 		.word	0
 473 03b4 00003040 		.word	1076887552
 474 03b8 00000000 		.word	0
 475 03bc 0000B03F 		.word	1068498944
 476 03c0 00000000 		.word	0
 477 03c4 00003040 		.word	1076887552
 478 03c8 00000000 		.word	0
 479 03cc 0000B03F 		.word	1068498944
 480 03d0 00000000 		.word	0
 481 03d4 00003040 		.word	1076887552
 482 03d8 00000000 		.word	0
 483 03dc 0000B03F 		.word	1068498944
 484 03e0 00000020 		.word	536870912
 485 03e4 51DAAB3F 		.word	1068227153
 486 03e8 00000000 		.word	0
 487 03ec 0000903F 		.word	1066401792
 488 03f0 00000000 		.word	0
 489 03f4 00005040 		.word	1078984704
 490 03f8 00000000 		.word	0
 491 03fc 0000C03F 		.word	1069547520
 492 0400 00000000 		.word	0
 493 0404 00002040 		.word	1075838976
 494 0408 00000000 		.word	0
 495 040c 0000903F 		.word	1066401792
 496 0410 00000000 		.word	0
 497 0414 00005040 		.word	1078984704
 498 0418 00000000 		.word	0
 499 041c 0000B03F 		.word	1068498944
 500 0420 00000000 		.word	0
 501 0424 00003040 		.word	1076887552
 502 0428 00000000 		.word	0
 503 042c 0000B03F 		.word	1068498944
 504 0430 00000000 		.word	0
 505 0434 00003040 		.word	1076887552
 506 0438 00000000 		.word	0
 507 043c 0000B03F 		.word	1068498944
 508 0440 00000000 		.word	0
 509 0444 00003040 		.word	1076887552
 510 0448 00000000 		.word	0
 511 044c 0000B03F 		.word	1068498944
 512 0450 00000000 		.word	0
 513 0454 00003040 		.word	1076887552
 514 0458 00000000 		.word	0
 515 045c 00006940 		.word	1080623104
 516 0460 00000000 		.word	0
 517 0464 00806940 		.word	1080655872
 518 0468 00000000 		.word	0
 519 046c 00806A40 		.word	1080721408
 520 0470 00000000 		.word	0
 521 0474 00006A40 		.word	1080688640
 522 0478 00000000 		.word	0
 523 047c 00004640 		.word	1078329344
 524 0480 00000000 		.word	0
 525 0484 00004840 		.word	1078460416
 526 0488 00000000 		.word	0
 527 048c 00004A40 		.word	1078591488
 528 0490 00000000 		.word	0
 529 0494 00005940 		.word	1079574528
 530 0498 00000000 		.word	0
 531 049c 00005840 		.word	1079508992
 532 04a0 00000000 		.word	0
 533 04a4 00806240 		.word	1080197120
 534 04a8 00000000 		.word	0
 535 04ac 00006240 		.word	1080164352
 536 04b0 00000000 		.word	0
 537 04b4 00806840 		.word	1080590336
 538 04b8 00000000 		.word	0
 539 04bc 00006840 		.word	1080557568
 540 04c0 00000000 		.word	0
 541 04c4 00004440 		.word	1078198272
 542 04c8 00000000 		.word	0
 543 04cc 00806740 		.word	1080524800
 544 04d0 00000000 		.word	0
 545 04d4 00005740 		.word	1079443456
 546 04d8 00000000 		.word	0
 547 04dc 00806140 		.word	1080131584
 548 04e0 00000000 		.word	0
 549 04e4 00003040 		.word	1076887552
 550 04e8 00000000 		.word	0
 551 04ec 0000B03F 		.word	1068498944
 552 04f0 00000000 		.word	0
 553 04f4 00003040 		.word	1076887552
 554 04f8 00000000 		.word	0
 555 04fc 0000B03F 		.word	1068498944
 556 0500 00000000 		.word	0
 557 0504 00002040 		.word	1075838976
 558 0508 00000000 		.word	0
 559 050c 0000C03F 		.word	1069547520
 560 0510 00000000 		.word	0
 561 0514 00005040 		.word	1078984704
 562 0518 00000000 		.word	0
 563 051c 0000903F 		.word	1066401792
 564 0520 00000000 		.word	0
 565 0524 00005040 		.word	1078984704
 566 0528 00000000 		.word	0
 567 052c 0000903F 		.word	1066401792
 568 0530 00000000 		.word	0
 569 0534 0000F03F 		.word	1072693248
 570 0538 0000     		.short	0
 571 053a 00       		.byte	0
 572 053b 00       		.byte	0
 573 053c 00       		.byte	0
 574 053d 00       		.byte	0
 575 053e 00       		.byte	0
 576 053f 00       		.byte	0
 577 0540 00       		.byte	0
 578 0541 00       		.byte	0
 579 0542 00       		.byte	0
 580 0543 00       		.byte	0
 581 0544 00       		.byte	0
 582 0545 00       		.byte	0
 583 0546 00       		.byte	0
 584 0547 00       		.byte	0
 585 0548 00       		.byte	0
 586 0549 00       		.byte	0
 587 054a 00       		.byte	0
 588 054b 00       		.byte	0
 589 054c 00       		.byte	0
 590 054d 00       		.byte	0
 591 054e 00       		.byte	0
 592 054f 00       		.byte	0
 593 0550 00       		.byte	0
 594 0551 00       		.byte	0
 595 0552 00       		.byte	0
 596 0553 00       		.byte	0
 597 0554 00       		.byte	0
 598 0555 00       		.byte	0
 599 0556 00       		.byte	0
 600 0557 01       		.byte	1
 601 0558 00       		.byte	0
 602 0559 00       		.byte	0
 603 055a 01       		.byte	1
 604 055b 00000000 		.space	5
 604      00
 605 0560 00000000 		.word	0
 606 0564 000010C0 		.word	-1072693248
 607 0568 00000000 		.word	0
 608 056c 0000B03F 		.word	1068498944
 609 0570 00000000 		.word	0
 610 0574 00003040 		.word	1076887552
 611 0578 00000000 		.word	0
 612 057c 000008C0 		.word	-1073217536
 613 0580 00000000 		.word	0
 614 0584 0000C03F 		.word	1069547520
 615 0588 00000000 		.word	0
 616 058c 00002040 		.word	1075838976
 617 0590 00000000 		.word	0
 618 0594 000018C0 		.word	-1072168960
 619 0598 00000000 		.word	0
 620 059c 0000903F 		.word	1066401792
 621 05a0 00000000 		.word	0
 622 05a4 00005040 		.word	1078984704
 623 05a8 00000000 		.word	0
 624 05ac 000018C0 		.word	-1072168960
 625 05b0 00000000 		.word	0
 626 05b4 0000903F 		.word	1066401792
 627 05b8 00000000 		.word	0
 628 05bc 00005040 		.word	1078984704
 629 05c0 00000000 		.word	0
 630 05c4 000010C0 		.word	-1072693248
 631 05c8 00000000 		.word	0
 632 05cc 0000B03F 		.word	1068498944
 633 05d0 00000000 		.word	0
 634 05d4 00003040 		.word	1076887552
 635 05d8 01000000 		.word	1
 636 05dc 01000000 		.word	1
 637 05e0 01000000 		.word	1
 638 05e4 01000000 		.word	1
 639 05e8 00       		.byte	0
 640 05e9 00       		.byte	0
 641 05ea 00       		.byte	0
 642 05eb 00       		.byte	0
 643 05ec 00000000 		.space	4
 644 05f0 16000000 		.word	22
 645 05f4 16000000 		.word	22
 646 05f8 16000000 		.word	22
 647 05fc 16000000 		.word	22
 648 0600 00       		.byte	0
 649 0601 00       		.byte	0
 650 0602 00       		.byte	0
 651 0603 00       		.byte	0
 652 0604 19000000 		.word	25
 653 0608 19000000 		.word	25
 654 060c 19000000 		.word	25
 655 0610 19000000 		.word	25
 656 0614 00       		.byte	0
 657 0615 00       		.byte	0
 658 0616 00       		.byte	0
 659 0617 00       		.byte	0
 660 0618 00       		.byte	0
 661 0619 00       		.byte	0
 662 061a 01       		.byte	1
 663 061b 00000000 		.space	5
 663      00
 664 0620 00000000 		.word	0
 665 0624 000010C0 		.word	-1072693248
 666 0628 00000000 		.word	0
 667 062c 0000B03F 		.word	1068498944
 668 0630 00000000 		.word	0
 669 0634 00003040 		.word	1076887552
 670 0638 00000000 		.word	0
 671 063c 000008C0 		.word	-1073217536
 672 0640 00000000 		.word	0
 673 0644 0000C03F 		.word	1069547520
 674 0648 00000000 		.word	0
 675 064c 00002040 		.word	1075838976
 676 0650 00000000 		.word	0
 677 0654 000018C0 		.word	-1072168960
 678 0658 00000000 		.word	0
 679 065c 0000903F 		.word	1066401792
 680 0660 00000000 		.word	0
 681 0664 00005040 		.word	1078984704
 682 0668 00000000 		.word	0
 683 066c 000018C0 		.word	-1072168960
 684 0670 00000000 		.word	0
 685 0674 0000903F 		.word	1066401792
 686 0678 00000000 		.word	0
 687 067c 00005040 		.word	1078984704
 688 0680 00000000 		.word	0
 689 0684 000010C0 		.word	-1072693248
 690 0688 00000000 		.word	0
 691 068c 0000B03F 		.word	1068498944
 692 0690 00000000 		.word	0
 693 0694 00003040 		.word	1076887552
 694 0698 01000000 		.word	1
 695 069c 01000000 		.word	1
 696 06a0 01000000 		.word	1
 697 06a4 01000000 		.word	1
 698 06a8 00       		.byte	0
 699 06a9 00       		.byte	0
 700 06aa 00       		.byte	0
 701 06ab 00       		.byte	0
 702 06ac 00000000 		.space	4
 703 06b0 00000000 		.word	0
 704 06b4 000010C0 		.word	-1072693248
 705 06b8 00000000 		.word	0
 706 06bc 0000B03F 		.word	1068498944
 707 06c0 00000000 		.word	0
 708 06c4 00003040 		.word	1076887552
 709 06c8 00000000 		.word	0
 710 06cc 000008C0 		.word	-1073217536
 711 06d0 00000000 		.word	0
 712 06d4 0000C03F 		.word	1069547520
 713 06d8 00000000 		.word	0
 714 06dc 00002040 		.word	1075838976
 715 06e0 00000000 		.word	0
 716 06e4 000018C0 		.word	-1072168960
 717 06e8 00000000 		.word	0
 718 06ec 0000903F 		.word	1066401792
 719 06f0 00000000 		.word	0
 720 06f4 00005040 		.word	1078984704
 721 06f8 00000000 		.word	0
 722 06fc 000018C0 		.word	-1072168960
 723 0700 00000000 		.word	0
 724 0704 0000903F 		.word	1066401792
 725 0708 00000000 		.word	0
 726 070c 00005040 		.word	1078984704
 727 0710 00000000 		.word	0
 728 0714 000010C0 		.word	-1072693248
 729 0718 00000000 		.word	0
 730 071c 0000B03F 		.word	1068498944
 731 0720 00000000 		.word	0
 732 0724 00003040 		.word	1076887552
 733 0728 01000000 		.word	1
 734 072c 01000000 		.word	1
 735 0730 01000000 		.word	1
 736 0734 01000000 		.word	1
 737 0738 00       		.byte	0
 738 0739 00       		.byte	0
 739 073a 00       		.byte	0
 740 073b 00       		.byte	0
 741 073c 00000000 		.space	4
 742 0740 15000000 		.word	21
 743 0744 15000000 		.word	21
 744 0748 15000000 		.word	21
 745 074c 15000000 		.word	21
 746 0750 00       		.byte	0
 747 0751 00       		.byte	0
 748 0752 00       		.byte	0
 749 0753 00       		.byte	0
 750 0754 00       		.byte	0
 751 0755 00       		.byte	0
 752 0756 01       		.byte	1
 753 0757 00       		.space	1
 754 0758 00000000 		.word	0
 755 075c 000010C0 		.word	-1072693248
 756 0760 00000000 		.word	0
 757 0764 0000B03F 		.word	1068498944
 758 0768 00000000 		.word	0
 759 076c 00003040 		.word	1076887552
 760 0770 00000000 		.word	0
 761 0774 000008C0 		.word	-1073217536
 762 0778 00000000 		.word	0
 763 077c 0000C03F 		.word	1069547520
 764 0780 00000000 		.word	0
 765 0784 00002040 		.word	1075838976
 766 0788 00000000 		.word	0
 767 078c 000018C0 		.word	-1072168960
 768 0790 00000000 		.word	0
 769 0794 0000903F 		.word	1066401792
 770 0798 00000000 		.word	0
 771 079c 00005040 		.word	1078984704
 772 07a0 00000000 		.word	0
 773 07a4 000018C0 		.word	-1072168960
 774 07a8 00000000 		.word	0
 775 07ac 0000903F 		.word	1066401792
 776 07b0 00000000 		.word	0
 777 07b4 00005040 		.word	1078984704
 778 07b8 00000000 		.word	0
 779 07bc 000010C0 		.word	-1072693248
 780 07c0 00000000 		.word	0
 781 07c4 0000B03F 		.word	1068498944
 782 07c8 00000000 		.word	0
 783 07cc 00003040 		.word	1076887552
 784 07d0 01000000 		.word	1
 785 07d4 01000000 		.word	1
 786 07d8 01000000 		.word	1
 787 07dc 01000000 		.word	1
 788 07e0 00       		.byte	0
 789 07e1 00       		.byte	0
 790 07e2 00       		.byte	0
 791 07e3 00       		.byte	0
 792 07e4 00000000 		.space	4
 793 07e8 00000000 		.word	0
 794 07ec 000010C0 		.word	-1072693248
 795 07f0 00000000 		.word	0
 796 07f4 0000B03F 		.word	1068498944
 797 07f8 00000000 		.word	0
 798 07fc 00003040 		.word	1076887552
 799 0800 00000000 		.word	0
 800 0804 000008C0 		.word	-1073217536
 801 0808 00000000 		.word	0
 802 080c 0000C03F 		.word	1069547520
 803 0810 00000000 		.word	0
 804 0814 00002040 		.word	1075838976
 805 0818 00000000 		.word	0
 806 081c 000018C0 		.word	-1072168960
 807 0820 00000000 		.word	0
 808 0824 0000903F 		.word	1066401792
 809 0828 00000000 		.word	0
 810 082c 00005040 		.word	1078984704
 811 0830 00000000 		.word	0
 812 0834 000018C0 		.word	-1072168960
 813 0838 00000000 		.word	0
 814 083c 0000903F 		.word	1066401792
 815 0840 00000000 		.word	0
 816 0844 00005040 		.word	1078984704
 817 0848 00000000 		.word	0
 818 084c 000010C0 		.word	-1072693248
 819 0850 00000000 		.word	0
 820 0854 0000B03F 		.word	1068498944
 821 0858 00000000 		.word	0
 822 085c 00003040 		.word	1076887552
 823 0860 01000000 		.word	1
 824 0864 01000000 		.word	1
 825 0868 01000000 		.word	1
 826 086c 01000000 		.word	1
 827 0870 00       		.byte	0
 828 0871 00       		.byte	0
 829 0872 00       		.byte	0
 830 0873 00       		.byte	0
 831 0874 15000000 		.word	21
 832 0878 15000000 		.word	21
 833 087c 15000000 		.word	21
 834 0880 15000000 		.word	21
 835 0884 00       		.byte	0
 836 0885 00       		.byte	0
 837 0886 00       		.byte	0
 838 0887 00       		.byte	0
 839 0888 16000000 		.word	22
 840 088c 16000000 		.word	22
 841 0890 16000000 		.word	22
 842 0894 16000000 		.word	22
 843 0898 00       		.byte	0
 844 0899 00       		.byte	0
 845 089a 00       		.byte	0
 846 089b 00       		.byte	0
 847 089c 19000000 		.word	25
 848 08a0 19000000 		.word	25
 849 08a4 19000000 		.word	25
 850 08a8 19000000 		.word	25
 851 08ac 00       		.byte	0
 852 08ad 00       		.byte	0
 853 08ae 00       		.byte	0
 854 08af 00       		.byte	0
 855 08b0 00000000 		.word	0
 856 08b4 000010C0 		.word	-1072693248
 857 08b8 00000000 		.word	0
 858 08bc 0000B03F 		.word	1068498944
 859 08c0 00000000 		.word	0
 860 08c4 00003040 		.word	1076887552
 861 08c8 00000000 		.word	0
 862 08cc 000010C0 		.word	-1072693248
 863 08d0 00000000 		.word	0
 864 08d4 0000B03F 		.word	1068498944
 865 08d8 00000000 		.word	0
 866 08dc 00003040 		.word	1076887552
 867 08e0 00000000 		.word	0
 868 08e4 000010C0 		.word	-1072693248
 869 08e8 00000000 		.word	0
 870 08ec 0000B03F 		.word	1068498944
 871 08f0 00000000 		.word	0
 872 08f4 00003040 		.word	1076887552
 873 08f8 00000000 		.word	0
 874 08fc 000010C0 		.word	-1072693248
 875 0900 00000000 		.word	0
 876 0904 0000B03F 		.word	1068498944
 877 0908 00000000 		.word	0
 878 090c 00003040 		.word	1076887552
 879 0910 1A000000 		.word	26
 880 0914 1A000000 		.word	26
 881 0918 1A000000 		.word	26
 882 091c 1A000000 		.word	26
 883 0920 00       		.byte	0
 884 0921 00       		.byte	0
 885 0922 00       		.byte	0
 886 0923 00       		.byte	0
 887 0924 00000000 		.space	4
 888 0928 00000000 		.word	0
 889 092c 000010C0 		.word	-1072693248
 890 0930 00000000 		.word	0
 891 0934 0000B03F 		.word	1068498944
 892 0938 00000000 		.word	0
 893 093c 00003040 		.word	1076887552
 894 0940 00000000 		.word	0
 895 0944 000010C0 		.word	-1072693248
 896 0948 00000000 		.word	0
 897 094c 0000B03F 		.word	1068498944
 898 0950 00000000 		.word	0
 899 0954 00003040 		.word	1076887552
 900 0958 00000000 		.word	0
 901 095c 000010C0 		.word	-1072693248
 902 0960 00000000 		.word	0
 903 0964 0000B03F 		.word	1068498944
 904 0968 00000000 		.word	0
 905 096c 00003040 		.word	1076887552
 906 0970 00000000 		.word	0
 907 0974 000010C0 		.word	-1072693248
 908 0978 00000000 		.word	0
 909 097c 0000B03F 		.word	1068498944
 910 0980 00000000 		.word	0
 911 0984 00003040 		.word	1076887552
 912 0988 18000000 		.word	24
 913 098c 18000000 		.word	24
 914 0990 18000000 		.word	24
 915 0994 18000000 		.word	24
 916 0998 00       		.byte	0
 917 0999 00       		.byte	0
 918 099a 00       		.byte	0
 919 099b 00       		.byte	0
 920 099c 00000000 		.space	4
 921 09a0 00000000 		.word	0
 922 09a4 000010C0 		.word	-1072693248
 923 09a8 00000000 		.word	0
 924 09ac 0000B03F 		.word	1068498944
 925 09b0 00000000 		.word	0
 926 09b4 00003040 		.word	1076887552
 927 09b8 00000000 		.word	0
 928 09bc 000010C0 		.word	-1072693248
 929 09c0 00000000 		.word	0
 930 09c4 0000B03F 		.word	1068498944
 931 09c8 00000000 		.word	0
 932 09cc 00003040 		.word	1076887552
 933 09d0 00000000 		.word	0
 934 09d4 000010C0 		.word	-1072693248
 935 09d8 00000000 		.word	0
 936 09dc 0000B03F 		.word	1068498944
 937 09e0 00000000 		.word	0
 938 09e4 00003040 		.word	1076887552
 939 09e8 00000000 		.word	0
 940 09ec 000010C0 		.word	-1072693248
 941 09f0 00000000 		.word	0
 942 09f4 0000B03F 		.word	1068498944
 943 09f8 00000000 		.word	0
 944 09fc 00003040 		.word	1076887552
 945 0a00 17000000 		.word	23
 946 0a04 17000000 		.word	23
 947 0a08 17000000 		.word	23
 948 0a0c 17000000 		.word	23
 949 0a10 00       		.byte	0
 950 0a11 00       		.byte	0
 951 0a12 00       		.byte	0
 952 0a13 00       		.byte	0
 953 0a14 0D000000 		.word	13
 954 0a18 0D000000 		.word	13
 955 0a1c 0D000000 		.word	13
 956 0a20 0D000000 		.word	13
 957 0a24 00       		.byte	0
 958 0a25 00       		.byte	0
 959 0a26 00       		.byte	0
 960 0a27 00       		.byte	0
 961 0a28 0C000000 		.word	12
 962 0a2c 0C000000 		.word	12
 963 0a30 0C000000 		.word	12
 964 0a34 0C000000 		.word	12
 965 0a38 00       		.byte	0
 966 0a39 00       		.byte	0
 967 0a3a 00       		.byte	0
 968 0a3b 00       		.byte	0
 969 0a3c 0B000000 		.word	11
 970 0a40 0B000000 		.word	11
 971 0a44 0B000000 		.word	11
 972 0a48 0B000000 		.word	11
 973 0a4c 00       		.byte	0
 974 0a4d 00       		.byte	0
 975 0a4e 00       		.byte	0
 976 0a4f 00       		.byte	0
 977 0a50 00000000 		.word	0
 978 0a54 000010C0 		.word	-1072693248
 979 0a58 00000000 		.word	0
 980 0a5c 0000B03F 		.word	1068498944
 981 0a60 00000000 		.word	0
 982 0a64 00003040 		.word	1076887552
 983 0a68 00000000 		.word	0
 984 0a6c 000008C0 		.word	-1073217536
 985 0a70 00000000 		.word	0
 986 0a74 0000C03F 		.word	1069547520
 987 0a78 00000000 		.word	0
 988 0a7c 00002040 		.word	1075838976
 989 0a80 00000000 		.word	0
 990 0a84 000018C0 		.word	-1072168960
 991 0a88 00000000 		.word	0
 992 0a8c 0000903F 		.word	1066401792
 993 0a90 00000000 		.word	0
 994 0a94 00005040 		.word	1078984704
 995 0a98 00000000 		.word	0
 996 0a9c 000018C0 		.word	-1072168960
 997 0aa0 00000000 		.word	0
 998 0aa4 0000903F 		.word	1066401792
 999 0aa8 00000000 		.word	0
 1000 0aac 00005040 		.word	1078984704
 1001 0ab0 00000000 		.word	0
 1002 0ab4 000010C0 		.word	-1072693248
 1003 0ab8 00000000 		.word	0
 1004 0abc 0000B03F 		.word	1068498944
 1005 0ac0 00000000 		.word	0
 1006 0ac4 00003040 		.word	1076887552
 1007 0ac8 01000000 		.word	1
 1008 0acc 01000000 		.word	1
 1009 0ad0 01000000 		.word	1
 1010 0ad4 01000000 		.word	1
 1011 0ad8 00       		.byte	0
 1012 0ad9 00       		.byte	0
 1013 0ada 00       		.byte	0
 1014 0adb 00       		.byte	0
 1015 0adc 00000000 		.space	4
 1016              		.text
 1017              	.Letext0:
 1018              		.file 1 "c:\\program files (x86)\\gnu tools arm embedded\\5.4 2016q2\\arm-none-eabi\\include\\mach
 1019              		.file 2 "rtwtypes.h"
 1020              		.file 3 "c:\\program files (x86)\\gnu tools arm embedded\\5.4 2016q2\\arm-none-eabi\\include\\sys\
 1021              		.file 4 "HANcoder_E407_TTA_Controller_v4_6.h"
 1022              		.file 5 "../blockset/rtw/STM32/inc/STM32_E407/core_cm4.h"
 1023              		.file 6 "HANcoder_E407_TTA_Controller_v4_6_data.c"
DEFINED SYMBOLS
                            *ABS*:00000000 HANcoder_E407_TTA_Controller_v4_6_data.c
C:\Users\KKUIJP~1\AppData\Local\Temp\ccdMN3Ct.s:26     .rodata.rtConstP:00000000 rtConstP
C:\Users\KKUIJP~1\AppData\Local\Temp\ccdMN3Ct.s:235    .rodata.rtConstB:00000000 rtConstB
C:\Users\KKUIJP~1\AppData\Local\Temp\ccdMN3Ct.s:23     .rodata.rtConstP:00000000 $d
C:\Users\KKUIJP~1\AppData\Local\Temp\ccdMN3Ct.s:232    .rodata.rtConstB:00000000 $d

NO UNDEFINED SYMBOLS
